[2023-08-09T10:31:22.227+0000] {processor.py:157} INFO - Started process (PID=111) to work on /opt/airflow/dags/dag.py
[2023-08-09T10:31:22.228+0000] {processor.py:826} INFO - Processing file /opt/airflow/dags/dag.py for tasks to queue
[2023-08-09T10:31:22.229+0000] {logging_mixin.py:150} INFO - [2023-08-09T10:31:22.228+0000] {dagbag.py:541} INFO - Filling up the DagBag from /opt/airflow/dags/dag.py
[2023-08-09T10:31:22.238+0000] {processor.py:836} INFO - DAG(s) dict_keys(['my_dag']) retrieved from /opt/airflow/dags/dag.py
[2023-08-09T10:31:22.772+0000] {logging_mixin.py:150} INFO - [2023-08-09T10:31:22.771+0000] {manager.py:504} INFO - Created Permission View: can edit on DAG:my_dag
[2023-08-09T10:31:22.804+0000] {logging_mixin.py:150} INFO - [2023-08-09T10:31:22.804+0000] {manager.py:504} INFO - Created Permission View: can delete on DAG:my_dag
[2023-08-09T10:31:22.815+0000] {logging_mixin.py:150} INFO - [2023-08-09T10:31:22.815+0000] {manager.py:504} INFO - Created Permission View: can read on DAG:my_dag
[2023-08-09T10:31:22.859+0000] {logging_mixin.py:150} INFO - [2023-08-09T10:31:22.858+0000] {dag.py:2742} INFO - Sync 1 DAGs
[2023-08-09T10:31:22.916+0000] {logging_mixin.py:150} INFO - [2023-08-09T10:31:22.916+0000] {dag.py:2763} INFO - Creating ORM DAG for my_dag
[2023-08-09T10:31:22.937+0000] {logging_mixin.py:150} INFO - [2023-08-09T10:31:22.937+0000] {dag.py:3508} INFO - Setting next_dagrun for my_dag to 2022-01-01T00:00:00+00:00, run_after=2022-01-02T00:00:00+00:00
[2023-08-09T10:31:23.004+0000] {processor.py:179} INFO - Processing /opt/airflow/dags/dag.py took 0.780 seconds
[2023-08-09T10:31:53.261+0000] {processor.py:157} INFO - Started process (PID=120) to work on /opt/airflow/dags/dag.py
[2023-08-09T10:31:53.329+0000] {processor.py:826} INFO - Processing file /opt/airflow/dags/dag.py for tasks to queue
[2023-08-09T10:31:53.332+0000] {logging_mixin.py:150} INFO - [2023-08-09T10:31:53.331+0000] {dagbag.py:541} INFO - Filling up the DagBag from /opt/airflow/dags/dag.py
[2023-08-09T10:31:53.458+0000] {processor.py:836} INFO - DAG(s) dict_keys(['my_dag']) retrieved from /opt/airflow/dags/dag.py
[2023-08-09T10:31:53.521+0000] {logging_mixin.py:150} INFO - [2023-08-09T10:31:53.521+0000] {dag.py:2742} INFO - Sync 1 DAGs
[2023-08-09T10:31:53.658+0000] {logging_mixin.py:150} INFO - [2023-08-09T10:31:53.658+0000] {dag.py:3508} INFO - Setting next_dagrun for my_dag to 2022-01-01T00:00:00+00:00, run_after=2022-01-02T00:00:00+00:00
[2023-08-09T10:31:53.704+0000] {processor.py:179} INFO - Processing /opt/airflow/dags/dag.py took 0.454 seconds
[2023-08-09T10:32:23.962+0000] {processor.py:157} INFO - Started process (PID=129) to work on /opt/airflow/dags/dag.py
[2023-08-09T10:32:23.989+0000] {processor.py:826} INFO - Processing file /opt/airflow/dags/dag.py for tasks to queue
[2023-08-09T10:32:23.991+0000] {logging_mixin.py:150} INFO - [2023-08-09T10:32:23.990+0000] {dagbag.py:541} INFO - Filling up the DagBag from /opt/airflow/dags/dag.py
[2023-08-09T10:32:24.018+0000] {processor.py:836} INFO - DAG(s) dict_keys(['my_dag']) retrieved from /opt/airflow/dags/dag.py
[2023-08-09T10:32:24.048+0000] {logging_mixin.py:150} INFO - [2023-08-09T10:32:24.048+0000] {dag.py:2742} INFO - Sync 1 DAGs
[2023-08-09T10:32:24.086+0000] {logging_mixin.py:150} INFO - [2023-08-09T10:32:24.086+0000] {dag.py:3508} INFO - Setting next_dagrun for my_dag to 2022-01-01T00:00:00+00:00, run_after=2022-01-02T00:00:00+00:00
[2023-08-09T10:32:24.116+0000] {processor.py:179} INFO - Processing /opt/airflow/dags/dag.py took 0.163 seconds
[2023-08-09T12:31:39.149+0000] {processor.py:157} INFO - Started process (PID=138) to work on /opt/airflow/dags/dag.py
[2023-08-09T12:31:41.114+0000] {processor.py:826} INFO - Processing file /opt/airflow/dags/dag.py for tasks to queue
[2023-08-09T12:31:41.115+0000] {logging_mixin.py:150} INFO - [2023-08-09T12:31:41.115+0000] {dagbag.py:541} INFO - Filling up the DagBag from /opt/airflow/dags/dag.py
[2023-08-09T12:31:41.123+0000] {processor.py:836} INFO - DAG(s) dict_keys(['my_dag']) retrieved from /opt/airflow/dags/dag.py
[2023-08-09T12:31:41.146+0000] {logging_mixin.py:150} INFO - [2023-08-09T12:31:41.146+0000] {dag.py:2742} INFO - Sync 1 DAGs
[2023-08-09T12:31:41.175+0000] {logging_mixin.py:150} INFO - [2023-08-09T12:31:41.174+0000] {dag.py:3508} INFO - Setting next_dagrun for my_dag to 2022-01-01T00:00:00+00:00, run_after=2022-01-02T00:00:00+00:00
[2023-08-09T12:31:42.691+0000] {processor.py:179} INFO - Processing /opt/airflow/dags/dag.py took 3.545 seconds
[2023-08-09T12:32:13.046+0000] {processor.py:157} INFO - Started process (PID=147) to work on /opt/airflow/dags/dag.py
[2023-08-09T12:32:13.108+0000] {processor.py:826} INFO - Processing file /opt/airflow/dags/dag.py for tasks to queue
[2023-08-09T12:32:13.109+0000] {logging_mixin.py:150} INFO - [2023-08-09T12:32:13.109+0000] {dagbag.py:541} INFO - Filling up the DagBag from /opt/airflow/dags/dag.py
[2023-08-09T12:32:13.120+0000] {processor.py:836} INFO - DAG(s) dict_keys(['my_dag']) retrieved from /opt/airflow/dags/dag.py
[2023-08-09T12:32:13.149+0000] {logging_mixin.py:150} INFO - [2023-08-09T12:32:13.149+0000] {dag.py:2742} INFO - Sync 1 DAGs
[2023-08-09T12:32:13.178+0000] {logging_mixin.py:150} INFO - [2023-08-09T12:32:13.178+0000] {dag.py:3508} INFO - Setting next_dagrun for my_dag to 2022-01-01T00:00:00+00:00, run_after=2022-01-02T00:00:00+00:00
[2023-08-09T12:32:13.224+0000] {processor.py:179} INFO - Processing /opt/airflow/dags/dag.py took 0.182 seconds
[2023-08-09T12:32:43.494+0000] {processor.py:157} INFO - Started process (PID=156) to work on /opt/airflow/dags/dag.py
[2023-08-09T12:32:43.506+0000] {processor.py:826} INFO - Processing file /opt/airflow/dags/dag.py for tasks to queue
[2023-08-09T12:32:43.507+0000] {logging_mixin.py:150} INFO - [2023-08-09T12:32:43.506+0000] {dagbag.py:541} INFO - Filling up the DagBag from /opt/airflow/dags/dag.py
[2023-08-09T12:32:43.515+0000] {processor.py:836} INFO - DAG(s) dict_keys(['my_dag']) retrieved from /opt/airflow/dags/dag.py
[2023-08-09T12:32:43.543+0000] {logging_mixin.py:150} INFO - [2023-08-09T12:32:43.543+0000] {dag.py:2742} INFO - Sync 1 DAGs
[2023-08-09T12:32:43.572+0000] {logging_mixin.py:150} INFO - [2023-08-09T12:32:43.572+0000] {dag.py:3508} INFO - Setting next_dagrun for my_dag to 2022-01-01T00:00:00+00:00, run_after=2022-01-02T00:00:00+00:00
[2023-08-09T12:32:43.599+0000] {processor.py:179} INFO - Processing /opt/airflow/dags/dag.py took 0.108 seconds
[2023-08-09T12:33:13.853+0000] {processor.py:157} INFO - Started process (PID=165) to work on /opt/airflow/dags/dag.py
[2023-08-09T12:33:13.872+0000] {processor.py:826} INFO - Processing file /opt/airflow/dags/dag.py for tasks to queue
[2023-08-09T12:33:13.873+0000] {logging_mixin.py:150} INFO - [2023-08-09T12:33:13.873+0000] {dagbag.py:541} INFO - Filling up the DagBag from /opt/airflow/dags/dag.py
[2023-08-09T12:33:13.884+0000] {processor.py:836} INFO - DAG(s) dict_keys(['my_dag']) retrieved from /opt/airflow/dags/dag.py
[2023-08-09T12:33:13.913+0000] {logging_mixin.py:150} INFO - [2023-08-09T12:33:13.912+0000] {dag.py:2742} INFO - Sync 1 DAGs
[2023-08-09T12:33:13.944+0000] {logging_mixin.py:150} INFO - [2023-08-09T12:33:13.943+0000] {dag.py:3508} INFO - Setting next_dagrun for my_dag to 2022-01-01T00:00:00+00:00, run_after=2022-01-02T00:00:00+00:00
[2023-08-09T12:33:13.974+0000] {processor.py:179} INFO - Processing /opt/airflow/dags/dag.py took 0.127 seconds
[2023-08-09T12:33:44.225+0000] {processor.py:157} INFO - Started process (PID=174) to work on /opt/airflow/dags/dag.py
[2023-08-09T12:33:44.299+0000] {processor.py:826} INFO - Processing file /opt/airflow/dags/dag.py for tasks to queue
[2023-08-09T12:33:44.302+0000] {logging_mixin.py:150} INFO - [2023-08-09T12:33:44.301+0000] {dagbag.py:541} INFO - Filling up the DagBag from /opt/airflow/dags/dag.py
[2023-08-09T12:33:44.341+0000] {processor.py:836} INFO - DAG(s) dict_keys(['my_dag']) retrieved from /opt/airflow/dags/dag.py
[2023-08-09T12:33:44.428+0000] {logging_mixin.py:150} INFO - [2023-08-09T12:33:44.427+0000] {dag.py:2742} INFO - Sync 1 DAGs
[2023-08-09T12:33:44.460+0000] {logging_mixin.py:150} INFO - [2023-08-09T12:33:44.459+0000] {dag.py:3508} INFO - Setting next_dagrun for my_dag to 2022-01-01T00:00:00+00:00, run_after=2022-01-02T00:00:00+00:00
[2023-08-09T12:33:44.526+0000] {processor.py:179} INFO - Processing /opt/airflow/dags/dag.py took 0.306 seconds
[2023-08-09T12:34:14.771+0000] {processor.py:157} INFO - Started process (PID=183) to work on /opt/airflow/dags/dag.py
[2023-08-09T12:34:14.780+0000] {processor.py:826} INFO - Processing file /opt/airflow/dags/dag.py for tasks to queue
[2023-08-09T12:34:14.781+0000] {logging_mixin.py:150} INFO - [2023-08-09T12:34:14.781+0000] {dagbag.py:541} INFO - Filling up the DagBag from /opt/airflow/dags/dag.py
[2023-08-09T12:34:14.793+0000] {processor.py:836} INFO - DAG(s) dict_keys(['my_dag']) retrieved from /opt/airflow/dags/dag.py
[2023-08-09T12:34:14.826+0000] {logging_mixin.py:150} INFO - [2023-08-09T12:34:14.826+0000] {dag.py:2742} INFO - Sync 1 DAGs
[2023-08-09T12:34:14.856+0000] {logging_mixin.py:150} INFO - [2023-08-09T12:34:14.856+0000] {dag.py:3508} INFO - Setting next_dagrun for my_dag to 2022-01-01T00:00:00+00:00, run_after=2022-01-02T00:00:00+00:00
[2023-08-09T12:34:14.886+0000] {processor.py:179} INFO - Processing /opt/airflow/dags/dag.py took 0.124 seconds
[2023-08-09T12:34:45.127+0000] {processor.py:157} INFO - Started process (PID=192) to work on /opt/airflow/dags/dag.py
[2023-08-09T12:34:45.144+0000] {processor.py:826} INFO - Processing file /opt/airflow/dags/dag.py for tasks to queue
[2023-08-09T12:34:45.147+0000] {logging_mixin.py:150} INFO - [2023-08-09T12:34:45.146+0000] {dagbag.py:541} INFO - Filling up the DagBag from /opt/airflow/dags/dag.py
[2023-08-09T12:34:45.167+0000] {processor.py:836} INFO - DAG(s) dict_keys(['my_dag']) retrieved from /opt/airflow/dags/dag.py
[2023-08-09T12:34:45.198+0000] {logging_mixin.py:150} INFO - [2023-08-09T12:34:45.197+0000] {dag.py:2742} INFO - Sync 1 DAGs
[2023-08-09T12:34:45.234+0000] {logging_mixin.py:150} INFO - [2023-08-09T12:34:45.234+0000] {dag.py:3508} INFO - Setting next_dagrun for my_dag to 2022-01-01T00:00:00+00:00, run_after=2022-01-02T00:00:00+00:00
[2023-08-09T12:34:45.275+0000] {processor.py:179} INFO - Processing /opt/airflow/dags/dag.py took 0.157 seconds
[2023-08-09T12:35:15.516+0000] {processor.py:157} INFO - Started process (PID=202) to work on /opt/airflow/dags/dag.py
[2023-08-09T12:35:15.579+0000] {processor.py:826} INFO - Processing file /opt/airflow/dags/dag.py for tasks to queue
[2023-08-09T12:35:15.580+0000] {logging_mixin.py:150} INFO - [2023-08-09T12:35:15.579+0000] {dagbag.py:541} INFO - Filling up the DagBag from /opt/airflow/dags/dag.py
[2023-08-09T12:35:15.589+0000] {processor.py:836} INFO - DAG(s) dict_keys(['my_dag']) retrieved from /opt/airflow/dags/dag.py
[2023-08-09T12:35:15.615+0000] {logging_mixin.py:150} INFO - [2023-08-09T12:35:15.615+0000] {dag.py:2742} INFO - Sync 1 DAGs
[2023-08-09T12:35:15.644+0000] {logging_mixin.py:150} INFO - [2023-08-09T12:35:15.644+0000] {dag.py:3508} INFO - Setting next_dagrun for my_dag to 2022-01-01T00:00:00+00:00, run_after=2022-01-02T00:00:00+00:00
[2023-08-09T12:35:15.677+0000] {processor.py:179} INFO - Processing /opt/airflow/dags/dag.py took 0.168 seconds
[2023-08-09T12:35:45.903+0000] {processor.py:157} INFO - Started process (PID=211) to work on /opt/airflow/dags/dag.py
[2023-08-09T12:35:45.923+0000] {processor.py:826} INFO - Processing file /opt/airflow/dags/dag.py for tasks to queue
[2023-08-09T12:35:45.924+0000] {logging_mixin.py:150} INFO - [2023-08-09T12:35:45.924+0000] {dagbag.py:541} INFO - Filling up the DagBag from /opt/airflow/dags/dag.py
[2023-08-09T12:35:45.936+0000] {processor.py:836} INFO - DAG(s) dict_keys(['my_dag']) retrieved from /opt/airflow/dags/dag.py
[2023-08-09T12:35:45.970+0000] {logging_mixin.py:150} INFO - [2023-08-09T12:35:45.970+0000] {dag.py:2742} INFO - Sync 1 DAGs
[2023-08-09T12:35:45.999+0000] {logging_mixin.py:150} INFO - [2023-08-09T12:35:45.999+0000] {dag.py:3508} INFO - Setting next_dagrun for my_dag to 2022-01-01T00:00:00+00:00, run_after=2022-01-02T00:00:00+00:00
[2023-08-09T12:35:46.100+0000] {processor.py:179} INFO - Processing /opt/airflow/dags/dag.py took 0.204 seconds
[2023-08-09T12:36:16.354+0000] {processor.py:157} INFO - Started process (PID=220) to work on /opt/airflow/dags/dag.py
[2023-08-09T12:36:16.362+0000] {processor.py:826} INFO - Processing file /opt/airflow/dags/dag.py for tasks to queue
[2023-08-09T12:36:16.365+0000] {logging_mixin.py:150} INFO - [2023-08-09T12:36:16.364+0000] {dagbag.py:541} INFO - Filling up the DagBag from /opt/airflow/dags/dag.py
[2023-08-09T12:36:16.387+0000] {processor.py:836} INFO - DAG(s) dict_keys(['my_dag']) retrieved from /opt/airflow/dags/dag.py
[2023-08-09T12:36:16.419+0000] {logging_mixin.py:150} INFO - [2023-08-09T12:36:16.419+0000] {dag.py:2742} INFO - Sync 1 DAGs
[2023-08-09T12:36:16.450+0000] {logging_mixin.py:150} INFO - [2023-08-09T12:36:16.450+0000] {dag.py:3508} INFO - Setting next_dagrun for my_dag to 2022-01-01T00:00:00+00:00, run_after=2022-01-02T00:00:00+00:00
[2023-08-09T12:36:16.475+0000] {processor.py:179} INFO - Processing /opt/airflow/dags/dag.py took 0.133 seconds
[2023-08-09T12:36:46.768+0000] {processor.py:157} INFO - Started process (PID=229) to work on /opt/airflow/dags/dag.py
[2023-08-09T12:36:46.778+0000] {processor.py:826} INFO - Processing file /opt/airflow/dags/dag.py for tasks to queue
[2023-08-09T12:36:46.779+0000] {logging_mixin.py:150} INFO - [2023-08-09T12:36:46.779+0000] {dagbag.py:541} INFO - Filling up the DagBag from /opt/airflow/dags/dag.py
[2023-08-09T12:36:46.790+0000] {processor.py:836} INFO - DAG(s) dict_keys(['my_dag']) retrieved from /opt/airflow/dags/dag.py
[2023-08-09T12:36:46.821+0000] {logging_mixin.py:150} INFO - [2023-08-09T12:36:46.821+0000] {dag.py:2742} INFO - Sync 1 DAGs
[2023-08-09T12:36:46.850+0000] {logging_mixin.py:150} INFO - [2023-08-09T12:36:46.850+0000] {dag.py:3508} INFO - Setting next_dagrun for my_dag to 2022-01-01T00:00:00+00:00, run_after=2022-01-02T00:00:00+00:00
[2023-08-09T12:36:46.881+0000] {processor.py:179} INFO - Processing /opt/airflow/dags/dag.py took 0.123 seconds
[2023-08-09T12:37:17.136+0000] {processor.py:157} INFO - Started process (PID=238) to work on /opt/airflow/dags/dag.py
[2023-08-09T12:37:17.171+0000] {processor.py:826} INFO - Processing file /opt/airflow/dags/dag.py for tasks to queue
[2023-08-09T12:37:17.173+0000] {logging_mixin.py:150} INFO - [2023-08-09T12:37:17.172+0000] {dagbag.py:541} INFO - Filling up the DagBag from /opt/airflow/dags/dag.py
[2023-08-09T12:37:17.185+0000] {processor.py:836} INFO - DAG(s) dict_keys(['my_dag']) retrieved from /opt/airflow/dags/dag.py
[2023-08-09T12:37:17.221+0000] {logging_mixin.py:150} INFO - [2023-08-09T12:37:17.220+0000] {dag.py:2742} INFO - Sync 1 DAGs
[2023-08-09T12:37:17.251+0000] {logging_mixin.py:150} INFO - [2023-08-09T12:37:17.251+0000] {dag.py:3508} INFO - Setting next_dagrun for my_dag to 2022-01-01T00:00:00+00:00, run_after=2022-01-02T00:00:00+00:00
[2023-08-09T12:37:17.284+0000] {processor.py:179} INFO - Processing /opt/airflow/dags/dag.py took 0.155 seconds
[2023-08-09T12:37:47.376+0000] {processor.py:157} INFO - Started process (PID=247) to work on /opt/airflow/dags/dag.py
[2023-08-09T12:37:47.382+0000] {processor.py:826} INFO - Processing file /opt/airflow/dags/dag.py for tasks to queue
[2023-08-09T12:37:47.384+0000] {logging_mixin.py:150} INFO - [2023-08-09T12:37:47.383+0000] {dagbag.py:541} INFO - Filling up the DagBag from /opt/airflow/dags/dag.py
[2023-08-09T12:37:47.405+0000] {processor.py:836} INFO - DAG(s) dict_keys(['my_dag']) retrieved from /opt/airflow/dags/dag.py
[2023-08-09T12:37:47.442+0000] {logging_mixin.py:150} INFO - [2023-08-09T12:37:47.442+0000] {dag.py:2742} INFO - Sync 1 DAGs
[2023-08-09T12:37:47.474+0000] {logging_mixin.py:150} INFO - [2023-08-09T12:37:47.474+0000] {dag.py:3508} INFO - Setting next_dagrun for my_dag to 2022-01-01T00:00:00+00:00, run_after=2022-01-02T00:00:00+00:00
[2023-08-09T12:37:47.500+0000] {processor.py:179} INFO - Processing /opt/airflow/dags/dag.py took 0.133 seconds
[2023-08-09T12:38:17.769+0000] {processor.py:157} INFO - Started process (PID=256) to work on /opt/airflow/dags/dag.py
[2023-08-09T12:38:17.781+0000] {processor.py:826} INFO - Processing file /opt/airflow/dags/dag.py for tasks to queue
[2023-08-09T12:38:17.782+0000] {logging_mixin.py:150} INFO - [2023-08-09T12:38:17.782+0000] {dagbag.py:541} INFO - Filling up the DagBag from /opt/airflow/dags/dag.py
[2023-08-09T12:38:17.796+0000] {processor.py:836} INFO - DAG(s) dict_keys(['my_dag']) retrieved from /opt/airflow/dags/dag.py
[2023-08-09T12:38:17.827+0000] {logging_mixin.py:150} INFO - [2023-08-09T12:38:17.827+0000] {dag.py:2742} INFO - Sync 1 DAGs
[2023-08-09T12:38:17.855+0000] {logging_mixin.py:150} INFO - [2023-08-09T12:38:17.855+0000] {dag.py:3508} INFO - Setting next_dagrun for my_dag to 2022-01-01T00:00:00+00:00, run_after=2022-01-02T00:00:00+00:00
[2023-08-09T12:38:17.887+0000] {processor.py:179} INFO - Processing /opt/airflow/dags/dag.py took 0.127 seconds
[2023-08-09T12:38:48.178+0000] {processor.py:157} INFO - Started process (PID=265) to work on /opt/airflow/dags/dag.py
[2023-08-09T12:38:48.190+0000] {processor.py:826} INFO - Processing file /opt/airflow/dags/dag.py for tasks to queue
[2023-08-09T12:38:48.192+0000] {logging_mixin.py:150} INFO - [2023-08-09T12:38:48.191+0000] {dagbag.py:541} INFO - Filling up the DagBag from /opt/airflow/dags/dag.py
[2023-08-09T12:38:48.215+0000] {processor.py:836} INFO - DAG(s) dict_keys(['my_dag']) retrieved from /opt/airflow/dags/dag.py
[2023-08-09T12:38:48.251+0000] {logging_mixin.py:150} INFO - [2023-08-09T12:38:48.251+0000] {dag.py:2742} INFO - Sync 1 DAGs
[2023-08-09T12:38:48.280+0000] {logging_mixin.py:150} INFO - [2023-08-09T12:38:48.280+0000] {dag.py:3508} INFO - Setting next_dagrun for my_dag to 2022-01-01T00:00:00+00:00, run_after=2022-01-02T00:00:00+00:00
[2023-08-09T12:38:48.306+0000] {processor.py:179} INFO - Processing /opt/airflow/dags/dag.py took 0.131 seconds
[2023-08-09T12:39:18.563+0000] {processor.py:157} INFO - Started process (PID=274) to work on /opt/airflow/dags/dag.py
[2023-08-09T12:39:18.575+0000] {processor.py:826} INFO - Processing file /opt/airflow/dags/dag.py for tasks to queue
[2023-08-09T12:39:18.576+0000] {logging_mixin.py:150} INFO - [2023-08-09T12:39:18.575+0000] {dagbag.py:541} INFO - Filling up the DagBag from /opt/airflow/dags/dag.py
[2023-08-09T12:39:18.589+0000] {processor.py:836} INFO - DAG(s) dict_keys(['my_dag']) retrieved from /opt/airflow/dags/dag.py
[2023-08-09T12:39:18.652+0000] {logging_mixin.py:150} INFO - [2023-08-09T12:39:18.652+0000] {dag.py:2742} INFO - Sync 1 DAGs
[2023-08-09T12:39:18.685+0000] {logging_mixin.py:150} INFO - [2023-08-09T12:39:18.685+0000] {dag.py:3508} INFO - Setting next_dagrun for my_dag to 2022-01-01T00:00:00+00:00, run_after=2022-01-02T00:00:00+00:00
[2023-08-09T12:39:18.724+0000] {processor.py:179} INFO - Processing /opt/airflow/dags/dag.py took 0.165 seconds
