[2023-08-09T10:05:19.785+0000] {processor.py:157} INFO - Started process (PID=83) to work on /home/airflow/.local/lib/python3.7/site-packages/airflow/example_dags/plugins/workday.py
[2023-08-09T10:05:19.786+0000] {processor.py:826} INFO - Processing file /home/airflow/.local/lib/python3.7/site-packages/airflow/example_dags/plugins/workday.py for tasks to queue
[2023-08-09T10:05:19.787+0000] {logging_mixin.py:150} INFO - [2023-08-09T10:05:19.786+0000] {dagbag.py:541} INFO - Filling up the DagBag from /home/airflow/.local/lib/python3.7/site-packages/airflow/example_dags/plugins/workday.py
[2023-08-09T10:05:49.879+0000] {logging_mixin.py:150} INFO - [2023-08-09T10:05:49.878+0000] {timeout.py:68} ERROR - Process timed out, PID: 83
[2023-08-09T10:05:50.212+0000] {logging_mixin.py:150} INFO - [2023-08-09T10:05:49.969+0000] {dagbag.py:350} ERROR - Failed to import: /home/airflow/.local/lib/python3.7/site-packages/airflow/example_dags/plugins/workday.py
Traceback (most recent call last):
  File "/home/airflow/.local/lib/python3.7/site-packages/airflow/models/dagbag.py", line 346, in parse
    loader.exec_module(new_module)
  File "<frozen importlib._bootstrap_external>", line 728, in exec_module
  File "<frozen importlib._bootstrap>", line 219, in _call_with_frames_removed
  File "/home/airflow/.local/lib/python3.7/site-packages/airflow/example_dags/plugins/workday.py", line 32, in <module>
    from pandas.tseries.holiday import USFederalHolidayCalendar
  File "/home/airflow/.local/lib/python3.7/site-packages/pandas/__init__.py", line 143, in <module>
    from pandas.io.api import (
  File "/home/airflow/.local/lib/python3.7/site-packages/pandas/io/api.py", line 8, in <module>
    from pandas.io.excel import (
  File "/home/airflow/.local/lib/python3.7/site-packages/pandas/io/excel/__init__.py", line 1, in <module>
    from pandas.io.excel._base import (
  File "/home/airflow/.local/lib/python3.7/site-packages/pandas/io/excel/_base.py", line 18, in <module>
    from pandas._libs.parsers import STR_NA_VALUES
  File "<frozen importlib._bootstrap>", line 416, in parent
  File "/home/airflow/.local/lib/python3.7/site-packages/airflow/utils/timeout.py", line 69, in handle_timeout
    raise AirflowTaskTimeout(self.error_message)
airflow.exceptions.AirflowTaskTimeout: DagBag import timeout for /home/airflow/.local/lib/python3.7/site-packages/airflow/example_dags/plugins/workday.py after 30.0s.
Please take a look at these docs to improve your DAG import time:
* https://airflow.apache.org/docs/apache-airflow/2.6.3/best-practices.html#top-level-python-code
* https://airflow.apache.org/docs/apache-airflow/2.6.3/best-practices.html#reducing-dag-complexity, PID: 83
[2023-08-09T10:05:50.212+0000] {processor.py:838} WARNING - No viable dags retrieved from /home/airflow/.local/lib/python3.7/site-packages/airflow/example_dags/plugins/workday.py
[2023-08-09T10:05:50.520+0000] {processor.py:179} INFO - Processing /home/airflow/.local/lib/python3.7/site-packages/airflow/example_dags/plugins/workday.py took 30.737 seconds
[2023-08-09T10:06:20.839+0000] {processor.py:157} INFO - Started process (PID=190) to work on /home/airflow/.local/lib/python3.7/site-packages/airflow/example_dags/plugins/workday.py
[2023-08-09T10:06:20.876+0000] {processor.py:826} INFO - Processing file /home/airflow/.local/lib/python3.7/site-packages/airflow/example_dags/plugins/workday.py for tasks to queue
[2023-08-09T10:06:20.877+0000] {logging_mixin.py:150} INFO - [2023-08-09T10:06:20.877+0000] {dagbag.py:541} INFO - Filling up the DagBag from /home/airflow/.local/lib/python3.7/site-packages/airflow/example_dags/plugins/workday.py
[2023-08-09T10:06:23.903+0000] {processor.py:838} WARNING - No viable dags retrieved from /home/airflow/.local/lib/python3.7/site-packages/airflow/example_dags/plugins/workday.py
[2023-08-09T10:06:24.016+0000] {processor.py:179} INFO - Processing /home/airflow/.local/lib/python3.7/site-packages/airflow/example_dags/plugins/workday.py took 3.181 seconds
[2023-08-09T10:06:56.026+0000] {processor.py:157} INFO - Started process (PID=267) to work on /home/airflow/.local/lib/python3.7/site-packages/airflow/example_dags/plugins/workday.py
[2023-08-09T10:06:56.135+0000] {processor.py:826} INFO - Processing file /home/airflow/.local/lib/python3.7/site-packages/airflow/example_dags/plugins/workday.py for tasks to queue
[2023-08-09T10:06:56.138+0000] {logging_mixin.py:150} INFO - [2023-08-09T10:06:56.137+0000] {dagbag.py:541} INFO - Filling up the DagBag from /home/airflow/.local/lib/python3.7/site-packages/airflow/example_dags/plugins/workday.py
[2023-08-09T10:06:58.036+0000] {processor.py:838} WARNING - No viable dags retrieved from /home/airflow/.local/lib/python3.7/site-packages/airflow/example_dags/plugins/workday.py
[2023-08-09T10:06:58.050+0000] {processor.py:179} INFO - Processing /home/airflow/.local/lib/python3.7/site-packages/airflow/example_dags/plugins/workday.py took 2.028 seconds
[2023-08-09T10:07:28.894+0000] {processor.py:157} INFO - Started process (PID=337) to work on /home/airflow/.local/lib/python3.7/site-packages/airflow/example_dags/plugins/workday.py
[2023-08-09T10:07:28.906+0000] {processor.py:826} INFO - Processing file /home/airflow/.local/lib/python3.7/site-packages/airflow/example_dags/plugins/workday.py for tasks to queue
[2023-08-09T10:07:28.907+0000] {logging_mixin.py:150} INFO - [2023-08-09T10:07:28.907+0000] {dagbag.py:541} INFO - Filling up the DagBag from /home/airflow/.local/lib/python3.7/site-packages/airflow/example_dags/plugins/workday.py
[2023-08-09T10:07:30.061+0000] {processor.py:838} WARNING - No viable dags retrieved from /home/airflow/.local/lib/python3.7/site-packages/airflow/example_dags/plugins/workday.py
[2023-08-09T10:07:30.072+0000] {processor.py:179} INFO - Processing /home/airflow/.local/lib/python3.7/site-packages/airflow/example_dags/plugins/workday.py took 1.180 seconds
