[2023-08-09T10:04:41.701+0000] {manager.py:487} INFO - Processing files using up to 2 processes at a time 
[2023-08-09T10:04:41.702+0000] {manager.py:488} INFO - Process each file at most once every 30 seconds
[2023-08-09T10:04:41.702+0000] {manager.py:490} INFO - Checking for new files in /opt/airflow/dags every 300 seconds
[2023-08-09T10:04:41.703+0000] {manager.py:758} INFO - Searching for files in /opt/airflow/dags
[2023-08-09T10:04:41.754+0000] {manager.py:761} INFO - There are 46 files in /opt/airflow/dags
[2023-08-09T10:04:42.175+0000] {manager.py:889} INFO - 
================================================================================
DAG File Processing Stats

File Path                                                                                                                           PID  Runtime      # DAGs    # Errors  Last Runtime    Last Run
--------------------------------------------------------------------------------------------------------------------------------  -----  ---------  --------  ----------  --------------  ----------
/home/airflow/.local/lib/python3.7/site-packages/airflow/example_dags/example_branch_datetime_operator.py                            32  0.26s             0           0
/home/airflow/.local/lib/python3.7/site-packages/airflow/example_dags/example_sla_dag.py                                             33  0.09s             0           0
/home/airflow/.local/lib/python3.7/site-packages/airflow/example_dags/example_xcom.py                                                                      0           0
/home/airflow/.local/lib/python3.7/site-packages/airflow/example_dags/example_latest_only_with_trigger.py                                                  0           0
/home/airflow/.local/lib/python3.7/site-packages/airflow/example_dags/example_short_circuit_operator.py                                                    0           0
/home/airflow/.local/lib/python3.7/site-packages/airflow/example_dags/example_sensor_decorator.py                                                          0           0
/home/airflow/.local/lib/python3.7/site-packages/airflow/example_dags/example_subdag_operator.py                                                           0           0
/home/airflow/.local/lib/python3.7/site-packages/airflow/example_dags/tutorial.py                                                                          0           0
/home/airflow/.local/lib/python3.7/site-packages/airflow/example_dags/example_trigger_target_dag.py                                                        0           0
/home/airflow/.local/lib/python3.7/site-packages/airflow/example_dags/example_branch_operator_decorator.py                                                 0           0
/home/airflow/.local/lib/python3.7/site-packages/airflow/example_dags/example_kubernetes_executor.py                                                       0           0
/home/airflow/.local/lib/python3.7/site-packages/airflow/example_dags/example_short_circuit_decorator.py                                                   0           0
/home/airflow/.local/lib/python3.7/site-packages/airflow/example_dags/example_branch_labels.py                                                             0           0
/home/airflow/.local/lib/python3.7/site-packages/airflow/example_dags/example_bash_operator.py                                                             0           0
/home/airflow/.local/lib/python3.7/site-packages/airflow/example_dags/example_nested_branch_dag.py                                                         0           0
/home/airflow/.local/lib/python3.7/site-packages/airflow/example_dags/example_setup_teardown_taskflow.py                                                   0           0
/home/airflow/.local/lib/python3.7/site-packages/airflow/example_dags/example_dynamic_task_mapping.py                                                      0           0
/home/airflow/.local/lib/python3.7/site-packages/airflow/example_dags/example_branch_day_of_week_operator.py                                               0           0
/home/airflow/.local/lib/python3.7/site-packages/airflow/example_dags/tutorial_taskflow_api.py                                                             0           0
/home/airflow/.local/lib/python3.7/site-packages/airflow/example_dags/example_params_trigger_ui.py                                                         0           0
/home/airflow/.local/lib/python3.7/site-packages/airflow/example_dags/tutorial_dag.py                                                                      0           0
/home/airflow/.local/lib/python3.7/site-packages/airflow/example_dags/example_complex.py                                                                   0           0
/home/airflow/.local/lib/python3.7/site-packages/airflow/example_dags/example_xcomargs.py                                                                  0           0
/home/airflow/.local/lib/python3.7/site-packages/airflow/example_dags/tutorial_taskflow_api_virtualenv.py                                                  0           0
/home/airflow/.local/lib/python3.7/site-packages/airflow/example_dags/example_branch_python_dop_operator_3.py                                              0           0
/home/airflow/.local/lib/python3.7/site-packages/airflow/example_dags/example_params_ui_tutorial.py                                                        0           0
/home/airflow/.local/lib/python3.7/site-packages/airflow/example_dags/example_dynamic_task_mapping_with_no_taskflow_operators.py                           0           0
/home/airflow/.local/lib/python3.7/site-packages/airflow/example_dags/example_task_group_decorator.py                                                      0           0
/home/airflow/.local/lib/python3.7/site-packages/airflow/example_dags/example_passing_params_via_test_command.py                                           0           0
/home/airflow/.local/lib/python3.7/site-packages/airflow/example_dags/example_dag_decorator.py                                                             0           0
/home/airflow/.local/lib/python3.7/site-packages/airflow/example_dags/example_setup_teardown.py                                                            0           0
/home/airflow/.local/lib/python3.7/site-packages/airflow/example_dags/example_time_delta_sensor_async.py                                                   0           0
/home/airflow/.local/lib/python3.7/site-packages/airflow/example_dags/example_local_kubernetes_executor.py                                                 0           0
/home/airflow/.local/lib/python3.7/site-packages/airflow/example_dags/example_latest_only.py                                                               0           0
/home/airflow/.local/lib/python3.7/site-packages/airflow/example_dags/example_sensors.py                                                                   0           0
/home/airflow/.local/lib/python3.7/site-packages/airflow/example_dags/example_trigger_controller_dag.py                                                    0           0
/home/airflow/.local/lib/python3.7/site-packages/airflow/example_dags/example_python_operator.py                                                           0           0
/home/airflow/.local/lib/python3.7/site-packages/airflow/example_dags/example_skip_dag.py                                                                  0           0
/home/airflow/.local/lib/python3.7/site-packages/airflow/example_dags/example_datasets.py                                                                  0           0
/home/airflow/.local/lib/python3.7/site-packages/airflow/example_dags/example_external_task_marker_dag.py                                                  0           0
/home/airflow/.local/lib/python3.7/site-packages/airflow/example_dags/example_task_group.py                                                                0           0
/home/airflow/.local/lib/python3.7/site-packages/airflow/example_dags/example_branch_operator.py                                                           0           0
/home/airflow/.local/lib/python3.7/site-packages/airflow/example_dags/plugins/event_listener.py                                                            0           0
/home/airflow/.local/lib/python3.7/site-packages/airflow/example_dags/plugins/listener_plugin.py                                                           0           0
/home/airflow/.local/lib/python3.7/site-packages/airflow/example_dags/plugins/workday.py                                                                   0           0
/home/airflow/.local/lib/python3.7/site-packages/airflow/example_dags/subdags/subdag.py                                                                    0           0
================================================================================
[2023-08-09T10:05:12.317+0000] {manager.py:889} INFO - 
================================================================================
DAG File Processing Stats

File Path                                                                                                                           PID  Runtime      # DAGs    # Errors  Last Runtime    Last Run
--------------------------------------------------------------------------------------------------------------------------------  -----  ---------  --------  ----------  --------------  -------------------
/home/airflow/.local/lib/python3.7/site-packages/airflow/example_dags/example_setup_teardown_taskflow.py                                                   0           0  0.07s           2023-08-09T10:04:49
/home/airflow/.local/lib/python3.7/site-packages/airflow/example_dags/example_passing_params_via_test_command.py                     67  0.47s             0           0
/home/airflow/.local/lib/python3.7/site-packages/airflow/example_dags/example_dag_decorator.py                                       68  0.00s             0           0
/home/airflow/.local/lib/python3.7/site-packages/airflow/example_dags/example_setup_teardown.py                                                            0           0
/home/airflow/.local/lib/python3.7/site-packages/airflow/example_dags/example_time_delta_sensor_async.py                                                   0           0
/home/airflow/.local/lib/python3.7/site-packages/airflow/example_dags/example_local_kubernetes_executor.py                                                 0           0
/home/airflow/.local/lib/python3.7/site-packages/airflow/example_dags/example_latest_only.py                                                               0           0
/home/airflow/.local/lib/python3.7/site-packages/airflow/example_dags/example_sensors.py                                                                   0           0
/home/airflow/.local/lib/python3.7/site-packages/airflow/example_dags/example_trigger_controller_dag.py                                                    0           0
/home/airflow/.local/lib/python3.7/site-packages/airflow/example_dags/example_python_operator.py                                                           0           0
/home/airflow/.local/lib/python3.7/site-packages/airflow/example_dags/example_skip_dag.py                                                                  0           0
/home/airflow/.local/lib/python3.7/site-packages/airflow/example_dags/example_datasets.py                                                                  0           0
/home/airflow/.local/lib/python3.7/site-packages/airflow/example_dags/example_external_task_marker_dag.py                                                  0           0
/home/airflow/.local/lib/python3.7/site-packages/airflow/example_dags/example_task_group.py                                                                0           0
/home/airflow/.local/lib/python3.7/site-packages/airflow/example_dags/example_branch_operator.py                                                           0           0
/home/airflow/.local/lib/python3.7/site-packages/airflow/example_dags/plugins/event_listener.py                                                            0           0
/home/airflow/.local/lib/python3.7/site-packages/airflow/example_dags/plugins/listener_plugin.py                                                           0           0
/home/airflow/.local/lib/python3.7/site-packages/airflow/example_dags/plugins/workday.py                                                                   0           0
/home/airflow/.local/lib/python3.7/site-packages/airflow/example_dags/subdags/subdag.py                                                                    0           0
/home/airflow/.local/lib/python3.7/site-packages/airflow/example_dags/example_sla_dag.py                                                                   1           0  1.58s           2023-08-09T10:04:43
/home/airflow/.local/lib/python3.7/site-packages/airflow/example_dags/example_xcom.py                                                                      1           0  0.81s           2023-08-09T10:04:44
/home/airflow/.local/lib/python3.7/site-packages/airflow/example_dags/example_latest_only_with_trigger.py                                                  1           0  0.91s           2023-08-09T10:04:45
/home/airflow/.local/lib/python3.7/site-packages/airflow/example_dags/example_short_circuit_operator.py                                                    1           0  0.85s           2023-08-09T10:04:45
/home/airflow/.local/lib/python3.7/site-packages/airflow/example_dags/example_sensor_decorator.py                                                          1           0  0.68s           2023-08-09T10:04:46
/home/airflow/.local/lib/python3.7/site-packages/airflow/example_dags/tutorial.py                                                                          1           0  0.67s           2023-08-09T10:04:46
/home/airflow/.local/lib/python3.7/site-packages/airflow/example_dags/example_trigger_target_dag.py                                                        1           0  0.78s           2023-08-09T10:04:47
/home/airflow/.local/lib/python3.7/site-packages/airflow/example_dags/example_branch_operator_decorator.py                                                 1           0  0.64s           2023-08-09T10:04:47
/home/airflow/.local/lib/python3.7/site-packages/airflow/example_dags/example_kubernetes_executor.py                                                       1           0  7.05s           2023-08-09T10:04:54
/home/airflow/.local/lib/python3.7/site-packages/airflow/example_dags/example_short_circuit_decorator.py                                                   1           0  0.49s           2023-08-09T10:04:47
/home/airflow/.local/lib/python3.7/site-packages/airflow/example_dags/example_branch_labels.py                                                             1           0  0.53s           2023-08-09T10:04:48
/home/airflow/.local/lib/python3.7/site-packages/airflow/example_dags/example_bash_operator.py                                                             1           0  0.70s           2023-08-09T10:04:49
/home/airflow/.local/lib/python3.7/site-packages/airflow/example_dags/example_nested_branch_dag.py                                                         1           0  0.61s           2023-08-09T10:04:49
/home/airflow/.local/lib/python3.7/site-packages/airflow/example_dags/example_dynamic_task_mapping.py                                                      1           0  0.62s           2023-08-09T10:04:50
/home/airflow/.local/lib/python3.7/site-packages/airflow/example_dags/example_branch_day_of_week_operator.py                                               1           0  1.46s           2023-08-09T10:04:51
/home/airflow/.local/lib/python3.7/site-packages/airflow/example_dags/tutorial_taskflow_api.py                                                             1           0  0.84s           2023-08-09T10:04:52
/home/airflow/.local/lib/python3.7/site-packages/airflow/example_dags/example_params_trigger_ui.py                                                         1           0  1.32s           2023-08-09T10:04:54
/home/airflow/.local/lib/python3.7/site-packages/airflow/example_dags/tutorial_dag.py                                                                      1           0  1.11s           2023-08-09T10:04:55
/home/airflow/.local/lib/python3.7/site-packages/airflow/example_dags/example_complex.py                                                                   1           0  13.79s          2023-08-09T10:05:09
/home/airflow/.local/lib/python3.7/site-packages/airflow/example_dags/tutorial_taskflow_api_virtualenv.py                                                  1           0  1.41s           2023-08-09T10:05:10
/home/airflow/.local/lib/python3.7/site-packages/airflow/example_dags/example_branch_python_dop_operator_3.py                                              1           0  0.91s           2023-08-09T10:05:10
/home/airflow/.local/lib/python3.7/site-packages/airflow/example_dags/example_params_ui_tutorial.py                                                        1           0  1.01s           2023-08-09T10:05:11
/home/airflow/.local/lib/python3.7/site-packages/airflow/example_dags/example_dynamic_task_mapping_with_no_taskflow_operators.py                           1           0  0.64s           2023-08-09T10:05:11
/home/airflow/.local/lib/python3.7/site-packages/airflow/example_dags/example_task_group_decorator.py                                                      1           0  0.62s           2023-08-09T10:05:12
/home/airflow/.local/lib/python3.7/site-packages/airflow/example_dags/example_xcomargs.py                                                                  2           0  13.79s          2023-08-09T10:05:09
/home/airflow/.local/lib/python3.7/site-packages/airflow/example_dags/example_branch_datetime_operator.py                                                  3           0  2.89s           2023-08-09T10:04:44
/home/airflow/.local/lib/python3.7/site-packages/airflow/example_dags/example_subdag_operator.py                                                           3           0  0.66s           2023-08-09T10:04:46
================================================================================
[2023-08-09T10:05:42.700+0000] {manager.py:889} INFO - 
================================================================================
DAG File Processing Stats

File Path                                                                                                                           PID  Runtime      # DAGs    # Errors  Last Runtime    Last Run
--------------------------------------------------------------------------------------------------------------------------------  -----  ---------  --------  ----------  --------------  -------------------
/home/airflow/.local/lib/python3.7/site-packages/airflow/example_dags/example_setup_teardown_taskflow.py                                                   0           0  0.15s           2023-08-09T10:05:24
/home/airflow/.local/lib/python3.7/site-packages/airflow/example_dags/example_setup_teardown.py                                                            0           0  0.03s           2023-08-09T10:05:12
/home/airflow/.local/lib/python3.7/site-packages/airflow/example_dags/plugins/event_listener.py                                                            0           0  0.04s           2023-08-09T10:05:19
/home/airflow/.local/lib/python3.7/site-packages/airflow/example_dags/plugins/listener_plugin.py                                                           0           0  0.03s           2023-08-09T10:05:19
/home/airflow/.local/lib/python3.7/site-packages/airflow/example_dags/plugins/workday.py                                             83  22.91s            0           0
/home/airflow/.local/lib/python3.7/site-packages/airflow/example_dags/subdags/subdag.py                                                                    0           0  0.03s           2023-08-09T10:05:19
/home/airflow/.local/lib/python3.7/site-packages/airflow/example_dags/example_sla_dag.py                                                                   1           0  0.23s           2023-08-09T10:05:20
/home/airflow/.local/lib/python3.7/site-packages/airflow/example_dags/example_xcom.py                                                                      1           0  0.17s           2023-08-09T10:05:20
/home/airflow/.local/lib/python3.7/site-packages/airflow/example_dags/example_latest_only_with_trigger.py                                                  1           0  0.21s           2023-08-09T10:05:20
/home/airflow/.local/lib/python3.7/site-packages/airflow/example_dags/example_short_circuit_operator.py                                                    1           0  0.23s           2023-08-09T10:05:20
/home/airflow/.local/lib/python3.7/site-packages/airflow/example_dags/example_sensor_decorator.py                                                          1           0  0.40s           2023-08-09T10:05:21
/home/airflow/.local/lib/python3.7/site-packages/airflow/example_dags/tutorial.py                                                                          1           0  0.28s           2023-08-09T10:05:22
/home/airflow/.local/lib/python3.7/site-packages/airflow/example_dags/example_trigger_target_dag.py                                                        1           0  0.34s           2023-08-09T10:05:22
/home/airflow/.local/lib/python3.7/site-packages/airflow/example_dags/example_branch_operator_decorator.py                                                 1           0  0.44s           2023-08-09T10:05:23
/home/airflow/.local/lib/python3.7/site-packages/airflow/example_dags/example_kubernetes_executor.py                                                       1           0  0.52s           2023-08-09T10:05:24
/home/airflow/.local/lib/python3.7/site-packages/airflow/example_dags/example_short_circuit_decorator.py                                                   1           0  0.32s           2023-08-09T10:05:23
/home/airflow/.local/lib/python3.7/site-packages/airflow/example_dags/example_branch_labels.py                                                             1           0  0.22s           2023-08-09T10:05:23
/home/airflow/.local/lib/python3.7/site-packages/airflow/example_dags/example_bash_operator.py                                                             1           0  0.30s           2023-08-09T10:05:24
/home/airflow/.local/lib/python3.7/site-packages/airflow/example_dags/example_nested_branch_dag.py                                                         1           0  0.23s           2023-08-09T10:05:24
/home/airflow/.local/lib/python3.7/site-packages/airflow/example_dags/example_dynamic_task_mapping.py                                                      1           0  0.36s           2023-08-09T10:05:25
/home/airflow/.local/lib/python3.7/site-packages/airflow/example_dags/example_branch_day_of_week_operator.py                                               1           0  0.35s           2023-08-09T10:05:25
/home/airflow/.local/lib/python3.7/site-packages/airflow/example_dags/tutorial_taskflow_api.py                                                             1           0  1.40s           2023-08-09T10:05:27
/home/airflow/.local/lib/python3.7/site-packages/airflow/example_dags/example_params_trigger_ui.py                                                         1           0  0.72s           2023-08-09T10:05:27
/home/airflow/.local/lib/python3.7/site-packages/airflow/example_dags/tutorial_dag.py                                                                      1           0  1.34s           2023-08-09T10:05:29
/home/airflow/.local/lib/python3.7/site-packages/airflow/example_dags/example_complex.py                                                                   1           0  2.44s           2023-08-09T10:05:41
/home/airflow/.local/lib/python3.7/site-packages/airflow/example_dags/tutorial_taskflow_api_virtualenv.py                                                  1           0  0.49s           2023-08-09T10:05:42
/home/airflow/.local/lib/python3.7/site-packages/airflow/example_dags/example_branch_python_dop_operator_3.py                       124  0.00s             1           0  0.91s           2023-08-09T10:05:10
/home/airflow/.local/lib/python3.7/site-packages/airflow/example_dags/example_params_ui_tutorial.py                                                        1           0  1.01s           2023-08-09T10:05:11
/home/airflow/.local/lib/python3.7/site-packages/airflow/example_dags/example_dynamic_task_mapping_with_no_taskflow_operators.py                           1           0  0.64s           2023-08-09T10:05:11
/home/airflow/.local/lib/python3.7/site-packages/airflow/example_dags/example_task_group_decorator.py                                                      1           0  0.62s           2023-08-09T10:05:12
/home/airflow/.local/lib/python3.7/site-packages/airflow/example_dags/example_passing_params_via_test_command.py                                           1           0  0.60s           2023-08-09T10:05:12
/home/airflow/.local/lib/python3.7/site-packages/airflow/example_dags/example_dag_decorator.py                                                             1           0  1.09s           2023-08-09T10:05:13
/home/airflow/.local/lib/python3.7/site-packages/airflow/example_dags/example_time_delta_sensor_async.py                                                   1           0  1.03s           2023-08-09T10:05:13
/home/airflow/.local/lib/python3.7/site-packages/airflow/example_dags/example_local_kubernetes_executor.py                                                 1           0  3.96s           2023-08-09T10:05:17
/home/airflow/.local/lib/python3.7/site-packages/airflow/example_dags/example_latest_only.py                                                               1           0  0.52s           2023-08-09T10:05:14
/home/airflow/.local/lib/python3.7/site-packages/airflow/example_dags/example_sensors.py                                                                   1           0  0.59s           2023-08-09T10:05:15
/home/airflow/.local/lib/python3.7/site-packages/airflow/example_dags/example_trigger_controller_dag.py                                                    1           0  0.90s           2023-08-09T10:05:15
/home/airflow/.local/lib/python3.7/site-packages/airflow/example_dags/example_python_operator.py                                                           1           0  0.89s           2023-08-09T10:05:16
/home/airflow/.local/lib/python3.7/site-packages/airflow/example_dags/example_skip_dag.py                                                                  1           0  0.66s           2023-08-09T10:05:17
/home/airflow/.local/lib/python3.7/site-packages/airflow/example_dags/example_task_group.py                                                                1           0  0.60s           2023-08-09T10:05:19
/home/airflow/.local/lib/python3.7/site-packages/airflow/example_dags/example_branch_operator.py                                                           1           0  0.68s           2023-08-09T10:05:19
/home/airflow/.local/lib/python3.7/site-packages/airflow/example_dags/example_xcomargs.py                                                                  2           0  0.35s           2023-08-09T10:05:42
/home/airflow/.local/lib/python3.7/site-packages/airflow/example_dags/example_external_task_marker_dag.py                                                  2           0  0.90s           2023-08-09T10:05:18
/home/airflow/.local/lib/python3.7/site-packages/airflow/example_dags/example_branch_datetime_operator.py                                                  3           0  0.31s           2023-08-09T10:05:20
/home/airflow/.local/lib/python3.7/site-packages/airflow/example_dags/example_subdag_operator.py                                                           3           0  0.71s           2023-08-09T10:05:22
/home/airflow/.local/lib/python3.7/site-packages/airflow/example_dags/example_datasets.py                                                                  6           0  2.41s           2023-08-09T10:05:19
================================================================================
[2023-08-09T10:06:15.450+0000] {manager.py:889} INFO - 
================================================================================
DAG File Processing Stats

File Path                                                                                                                           PID  Runtime      # DAGs    # Errors  Last Runtime    Last Run
--------------------------------------------------------------------------------------------------------------------------------  -----  ---------  --------  ----------  --------------  -------------------
/home/airflow/.local/lib/python3.7/site-packages/airflow/example_dags/example_setup_teardown_taskflow.py                                                   0           0  0.07s           2023-08-09T10:05:55
/home/airflow/.local/lib/python3.7/site-packages/airflow/example_dags/example_setup_teardown.py                                                            0           0  0.19s           2023-08-09T10:05:44
/home/airflow/.local/lib/python3.7/site-packages/airflow/example_dags/plugins/event_listener.py                                                            0           0  0.18s           2023-08-09T10:05:51
/home/airflow/.local/lib/python3.7/site-packages/airflow/example_dags/plugins/listener_plugin.py                                                           0           0  0.03s           2023-08-09T10:05:51
/home/airflow/.local/lib/python3.7/site-packages/airflow/example_dags/plugins/workday.py                                                                   0           1  30.77s          2023-08-09T10:05:50
/home/airflow/.local/lib/python3.7/site-packages/airflow/example_dags/subdags/subdag.py                                                                    0           0  0.15s           2023-08-09T10:05:51
/home/airflow/.local/lib/python3.7/site-packages/airflow/example_dags/example_sla_dag.py                                                                   1           0  0.19s           2023-08-09T10:05:51
/home/airflow/.local/lib/python3.7/site-packages/airflow/example_dags/example_xcom.py                                                                      1           0  0.28s           2023-08-09T10:05:52
/home/airflow/.local/lib/python3.7/site-packages/airflow/example_dags/example_latest_only_with_trigger.py                                                  1           0  0.56s           2023-08-09T10:05:52
/home/airflow/.local/lib/python3.7/site-packages/airflow/example_dags/example_short_circuit_operator.py                                                    1           0  0.48s           2023-08-09T10:05:52
/home/airflow/.local/lib/python3.7/site-packages/airflow/example_dags/example_sensor_decorator.py                                                          1           0  0.19s           2023-08-09T10:05:52
/home/airflow/.local/lib/python3.7/site-packages/airflow/example_dags/tutorial.py                                                                          1           0  0.19s           2023-08-09T10:05:52
/home/airflow/.local/lib/python3.7/site-packages/airflow/example_dags/example_trigger_target_dag.py                                                        1           0  0.22s           2023-08-09T10:05:53
/home/airflow/.local/lib/python3.7/site-packages/airflow/example_dags/example_branch_operator_decorator.py                                                 1           0  0.18s           2023-08-09T10:05:54
/home/airflow/.local/lib/python3.7/site-packages/airflow/example_dags/example_kubernetes_executor.py                                                       1           0  0.38s           2023-08-09T10:05:55
/home/airflow/.local/lib/python3.7/site-packages/airflow/example_dags/example_short_circuit_decorator.py                                                   1           0  0.15s           2023-08-09T10:05:54
/home/airflow/.local/lib/python3.7/site-packages/airflow/example_dags/example_branch_labels.py                                                             1           0  0.27s           2023-08-09T10:05:54
/home/airflow/.local/lib/python3.7/site-packages/airflow/example_dags/example_bash_operator.py                                                             1           0  0.37s           2023-08-09T10:05:54
/home/airflow/.local/lib/python3.7/site-packages/airflow/example_dags/example_nested_branch_dag.py                                                         1           0  0.16s           2023-08-09T10:05:54
/home/airflow/.local/lib/python3.7/site-packages/airflow/example_dags/example_dynamic_task_mapping.py                                                      1           0  0.16s           2023-08-09T10:05:55
/home/airflow/.local/lib/python3.7/site-packages/airflow/example_dags/example_branch_day_of_week_operator.py                                               1           0  0.19s           2023-08-09T10:05:55
/home/airflow/.local/lib/python3.7/site-packages/airflow/example_dags/tutorial_taskflow_api.py                                                             1           0  0.17s           2023-08-09T10:05:58
/home/airflow/.local/lib/python3.7/site-packages/airflow/example_dags/example_params_trigger_ui.py                                                         1           0  0.24s           2023-08-09T10:05:58
/home/airflow/.local/lib/python3.7/site-packages/airflow/example_dags/tutorial_dag.py                                                                      1           0  0.14s           2023-08-09T10:05:59
/home/airflow/.local/lib/python3.7/site-packages/airflow/example_dags/example_complex.py                                            173  3.12s             1           0  2.44s           2023-08-09T10:05:41
/home/airflow/.local/lib/python3.7/site-packages/airflow/example_dags/tutorial_taskflow_api_virtualenv.py                                                  1           0  0.49s           2023-08-09T10:05:42
/home/airflow/.local/lib/python3.7/site-packages/airflow/example_dags/example_branch_python_dop_operator_3.py                                              1           0  0.22s           2023-08-09T10:05:42
/home/airflow/.local/lib/python3.7/site-packages/airflow/example_dags/example_params_ui_tutorial.py                                                        1           0  0.37s           2023-08-09T10:05:43
/home/airflow/.local/lib/python3.7/site-packages/airflow/example_dags/example_dynamic_task_mapping_with_no_taskflow_operators.py                           1           0  0.20s           2023-08-09T10:05:43
/home/airflow/.local/lib/python3.7/site-packages/airflow/example_dags/example_task_group_decorator.py                                                      1           0  0.25s           2023-08-09T10:05:43
/home/airflow/.local/lib/python3.7/site-packages/airflow/example_dags/example_passing_params_via_test_command.py                                           1           0  0.55s           2023-08-09T10:05:44
/home/airflow/.local/lib/python3.7/site-packages/airflow/example_dags/example_dag_decorator.py                                                             1           0  0.39s           2023-08-09T10:05:44
/home/airflow/.local/lib/python3.7/site-packages/airflow/example_dags/example_time_delta_sensor_async.py                                                   1           0  0.30s           2023-08-09T10:05:45
/home/airflow/.local/lib/python3.7/site-packages/airflow/example_dags/example_local_kubernetes_executor.py                                                 1           0  2.15s           2023-08-09T10:05:49
/home/airflow/.local/lib/python3.7/site-packages/airflow/example_dags/example_latest_only.py                                                               1           0  0.26s           2023-08-09T10:05:45
/home/airflow/.local/lib/python3.7/site-packages/airflow/example_dags/example_sensors.py                                                                   1           0  0.41s           2023-08-09T10:05:45
/home/airflow/.local/lib/python3.7/site-packages/airflow/example_dags/example_trigger_controller_dag.py                                                    1           0  0.34s           2023-08-09T10:05:46
/home/airflow/.local/lib/python3.7/site-packages/airflow/example_dags/example_python_operator.py                                                           1           0  0.35s           2023-08-09T10:05:50
/home/airflow/.local/lib/python3.7/site-packages/airflow/example_dags/example_skip_dag.py                                                                  1           0  0.31s           2023-08-09T10:05:50
/home/airflow/.local/lib/python3.7/site-packages/airflow/example_dags/example_task_group.py                                                                1           0  0.31s           2023-08-09T10:05:51
/home/airflow/.local/lib/python3.7/site-packages/airflow/example_dags/example_branch_operator.py                                                           1           0  0.35s           2023-08-09T10:05:51
/home/airflow/.local/lib/python3.7/site-packages/airflow/example_dags/example_xcomargs.py                                           174  3.11s             2           0  0.35s           2023-08-09T10:05:42
/home/airflow/.local/lib/python3.7/site-packages/airflow/example_dags/example_external_task_marker_dag.py                                                  2           0  0.33s           2023-08-09T10:05:50
/home/airflow/.local/lib/python3.7/site-packages/airflow/example_dags/example_branch_datetime_operator.py                                                  3           0  0.22s           2023-08-09T10:05:51
/home/airflow/.local/lib/python3.7/site-packages/airflow/example_dags/example_subdag_operator.py                                                           3           0  0.22s           2023-08-09T10:05:52
/home/airflow/.local/lib/python3.7/site-packages/airflow/example_dags/example_datasets.py                                                                  6           0  0.55s           2023-08-09T10:05:50
================================================================================
[2023-08-09T10:06:45.747+0000] {manager.py:889} INFO - 
================================================================================
DAG File Processing Stats

File Path                                                                                                                         PID    Runtime      # DAGs    # Errors  Last Runtime    Last Run
--------------------------------------------------------------------------------------------------------------------------------  -----  ---------  --------  ----------  --------------  -------------------
/home/airflow/.local/lib/python3.7/site-packages/airflow/example_dags/example_setup_teardown_taskflow.py                                                   0           0  0.05s           2023-08-09T10:06:26
/home/airflow/.local/lib/python3.7/site-packages/airflow/example_dags/example_setup_teardown.py                                                            0           0  0.03s           2023-08-09T10:06:19
/home/airflow/.local/lib/python3.7/site-packages/airflow/example_dags/plugins/event_listener.py                                                            0           0  0.07s           2023-08-09T10:06:23
/home/airflow/.local/lib/python3.7/site-packages/airflow/example_dags/plugins/listener_plugin.py                                                           0           0  0.06s           2023-08-09T10:06:23
/home/airflow/.local/lib/python3.7/site-packages/airflow/example_dags/plugins/workday.py                                                                   0           0  3.22s           2023-08-09T10:06:24
/home/airflow/.local/lib/python3.7/site-packages/airflow/example_dags/subdags/subdag.py                                                                    0           0  0.04s           2023-08-09T10:06:23
/home/airflow/.local/lib/python3.7/site-packages/airflow/example_dags/example_sla_dag.py                                                                   1           0  0.16s           2023-08-09T10:06:23
/home/airflow/.local/lib/python3.7/site-packages/airflow/example_dags/example_xcom.py                                                                      1           0  0.22s           2023-08-09T10:06:23
/home/airflow/.local/lib/python3.7/site-packages/airflow/example_dags/example_latest_only_with_trigger.py                                                  1           0  0.23s           2023-08-09T10:06:24
/home/airflow/.local/lib/python3.7/site-packages/airflow/example_dags/example_short_circuit_operator.py                                                    1           0  0.20s           2023-08-09T10:06:24
/home/airflow/.local/lib/python3.7/site-packages/airflow/example_dags/example_sensor_decorator.py                                                          1           0  0.12s           2023-08-09T10:06:24
/home/airflow/.local/lib/python3.7/site-packages/airflow/example_dags/tutorial.py                                                                          1           0  0.17s           2023-08-09T10:06:24
/home/airflow/.local/lib/python3.7/site-packages/airflow/example_dags/example_trigger_target_dag.py                                                        1           0  0.19s           2023-08-09T10:06:24
/home/airflow/.local/lib/python3.7/site-packages/airflow/example_dags/example_branch_operator_decorator.py                                                 1           0  0.22s           2023-08-09T10:06:24
/home/airflow/.local/lib/python3.7/site-packages/airflow/example_dags/example_kubernetes_executor.py                                                       1           0  0.36s           2023-08-09T10:06:26
/home/airflow/.local/lib/python3.7/site-packages/airflow/example_dags/example_short_circuit_decorator.py                                                   1           0  0.17s           2023-08-09T10:06:24
/home/airflow/.local/lib/python3.7/site-packages/airflow/example_dags/example_branch_labels.py                                                             1           0  0.15s           2023-08-09T10:06:24
/home/airflow/.local/lib/python3.7/site-packages/airflow/example_dags/example_bash_operator.py                                                             1           0  0.21s           2023-08-09T10:06:25
/home/airflow/.local/lib/python3.7/site-packages/airflow/example_dags/example_nested_branch_dag.py                                                         1           0  0.22s           2023-08-09T10:06:25
/home/airflow/.local/lib/python3.7/site-packages/airflow/example_dags/example_dynamic_task_mapping.py                                                      1           0  0.11s           2023-08-09T10:06:26
/home/airflow/.local/lib/python3.7/site-packages/airflow/example_dags/example_branch_day_of_week_operator.py                                               1           0  0.15s           2023-08-09T10:06:26
/home/airflow/.local/lib/python3.7/site-packages/airflow/example_dags/tutorial_taskflow_api.py                                                             1           0  0.14s           2023-08-09T10:06:28
/home/airflow/.local/lib/python3.7/site-packages/airflow/example_dags/example_params_trigger_ui.py                                                         1           0  0.24s           2023-08-09T10:06:28
/home/airflow/.local/lib/python3.7/site-packages/airflow/example_dags/tutorial_dag.py                                                                      1           0  0.11s           2023-08-09T10:06:29
/home/airflow/.local/lib/python3.7/site-packages/airflow/example_dags/example_complex.py                                                                   1           0  6.15s           2023-08-09T10:06:18
/home/airflow/.local/lib/python3.7/site-packages/airflow/example_dags/tutorial_taskflow_api_virtualenv.py                                                  1           0  0.32s           2023-08-09T10:06:18
/home/airflow/.local/lib/python3.7/site-packages/airflow/example_dags/example_branch_python_dop_operator_3.py                                              1           0  0.28s           2023-08-09T10:06:19
/home/airflow/.local/lib/python3.7/site-packages/airflow/example_dags/example_params_ui_tutorial.py                                                        1           0  0.35s           2023-08-09T10:06:19
/home/airflow/.local/lib/python3.7/site-packages/airflow/example_dags/example_dynamic_task_mapping_with_no_taskflow_operators.py                           1           0  0.32s           2023-08-09T10:06:19
/home/airflow/.local/lib/python3.7/site-packages/airflow/example_dags/example_task_group_decorator.py                                                      1           0  0.29s           2023-08-09T10:06:19
/home/airflow/.local/lib/python3.7/site-packages/airflow/example_dags/example_passing_params_via_test_command.py                                           1           0  0.22s           2023-08-09T10:06:19
/home/airflow/.local/lib/python3.7/site-packages/airflow/example_dags/example_dag_decorator.py                                                             1           0  0.47s           2023-08-09T10:06:19
/home/airflow/.local/lib/python3.7/site-packages/airflow/example_dags/example_time_delta_sensor_async.py                                                   1           0  0.16s           2023-08-09T10:06:19
/home/airflow/.local/lib/python3.7/site-packages/airflow/example_dags/example_local_kubernetes_executor.py                                                 1           0  0.44s           2023-08-09T10:06:20
/home/airflow/.local/lib/python3.7/site-packages/airflow/example_dags/example_latest_only.py                                                               1           0  0.18s           2023-08-09T10:06:20
/home/airflow/.local/lib/python3.7/site-packages/airflow/example_dags/example_sensors.py                                                                   1           0  0.32s           2023-08-09T10:06:20
/home/airflow/.local/lib/python3.7/site-packages/airflow/example_dags/example_trigger_controller_dag.py                                                    1           0  0.26s           2023-08-09T10:06:20
/home/airflow/.local/lib/python3.7/site-packages/airflow/example_dags/example_python_operator.py                                                           1           0  0.38s           2023-08-09T10:06:20
/home/airflow/.local/lib/python3.7/site-packages/airflow/example_dags/example_skip_dag.py                                                                  1           0  0.32s           2023-08-09T10:06:20
/home/airflow/.local/lib/python3.7/site-packages/airflow/example_dags/example_task_group.py                                                                1           0  0.29s           2023-08-09T10:06:22
/home/airflow/.local/lib/python3.7/site-packages/airflow/example_dags/example_branch_operator.py                                                           1           0  0.26s           2023-08-09T10:06:23
/home/airflow/.local/lib/python3.7/site-packages/airflow/example_dags/example_xcomargs.py                                                                  2           0  6.13s           2023-08-09T10:06:18
/home/airflow/.local/lib/python3.7/site-packages/airflow/example_dags/example_external_task_marker_dag.py                                                  2           0  0.26s           2023-08-09T10:06:22
/home/airflow/.local/lib/python3.7/site-packages/airflow/example_dags/example_branch_datetime_operator.py                                                  3           0  0.28s           2023-08-09T10:06:22
/home/airflow/.local/lib/python3.7/site-packages/airflow/example_dags/example_subdag_operator.py                                                           3           0  0.21s           2023-08-09T10:06:24
/home/airflow/.local/lib/python3.7/site-packages/airflow/example_dags/example_datasets.py                                                                  6           0  0.27s           2023-08-09T10:06:22
================================================================================
[2023-08-09T10:07:16.470+0000] {manager.py:889} INFO - 
================================================================================
DAG File Processing Stats

File Path                                                                                                                         PID    Runtime      # DAGs    # Errors  Last Runtime    Last Run
--------------------------------------------------------------------------------------------------------------------------------  -----  ---------  --------  ----------  --------------  -------------------
/home/airflow/.local/lib/python3.7/site-packages/airflow/example_dags/example_setup_teardown_taskflow.py                                                   0           0  0.06s           2023-08-09T10:06:57
/home/airflow/.local/lib/python3.7/site-packages/airflow/example_dags/example_setup_teardown.py                                                            0           0  0.07s           2023-08-09T10:06:51
/home/airflow/.local/lib/python3.7/site-packages/airflow/example_dags/plugins/event_listener.py                                                            0           0  0.08s           2023-08-09T10:06:55
/home/airflow/.local/lib/python3.7/site-packages/airflow/example_dags/plugins/listener_plugin.py                                                           0           0  0.10s           2023-08-09T10:06:56
/home/airflow/.local/lib/python3.7/site-packages/airflow/example_dags/plugins/workday.py                                                                   0           0  2.04s           2023-08-09T10:06:58
/home/airflow/.local/lib/python3.7/site-packages/airflow/example_dags/subdags/subdag.py                                                                    0           0  0.15s           2023-08-09T10:06:56
/home/airflow/.local/lib/python3.7/site-packages/airflow/example_dags/example_sla_dag.py                                                                   1           0  0.26s           2023-08-09T10:06:55
/home/airflow/.local/lib/python3.7/site-packages/airflow/example_dags/example_xcom.py                                                                      1           0  0.26s           2023-08-09T10:06:55
/home/airflow/.local/lib/python3.7/site-packages/airflow/example_dags/example_latest_only_with_trigger.py                                                  1           0  0.20s           2023-08-09T10:06:55
/home/airflow/.local/lib/python3.7/site-packages/airflow/example_dags/example_short_circuit_operator.py                                                    1           0  0.24s           2023-08-09T10:06:55
/home/airflow/.local/lib/python3.7/site-packages/airflow/example_dags/example_sensor_decorator.py                                                          1           0  0.20s           2023-08-09T10:06:55
/home/airflow/.local/lib/python3.7/site-packages/airflow/example_dags/tutorial.py                                                                          1           0  0.23s           2023-08-09T10:06:55
/home/airflow/.local/lib/python3.7/site-packages/airflow/example_dags/example_trigger_target_dag.py                                                        1           0  0.20s           2023-08-09T10:06:55
/home/airflow/.local/lib/python3.7/site-packages/airflow/example_dags/example_branch_operator_decorator.py                                                 1           0  0.27s           2023-08-09T10:06:56
/home/airflow/.local/lib/python3.7/site-packages/airflow/example_dags/example_kubernetes_executor.py                                                       1           0  0.59s           2023-08-09T10:06:57
/home/airflow/.local/lib/python3.7/site-packages/airflow/example_dags/example_short_circuit_decorator.py                                                   1           0  0.25s           2023-08-09T10:06:56
/home/airflow/.local/lib/python3.7/site-packages/airflow/example_dags/example_branch_labels.py                                                             1           0  0.26s           2023-08-09T10:06:56
/home/airflow/.local/lib/python3.7/site-packages/airflow/example_dags/example_bash_operator.py                                                             1           0  0.30s           2023-08-09T10:06:56
/home/airflow/.local/lib/python3.7/site-packages/airflow/example_dags/example_nested_branch_dag.py                                                         1           0  0.27s           2023-08-09T10:06:57
/home/airflow/.local/lib/python3.7/site-packages/airflow/example_dags/example_dynamic_task_mapping.py                                                      1           0  0.17s           2023-08-09T10:06:58
/home/airflow/.local/lib/python3.7/site-packages/airflow/example_dags/example_branch_day_of_week_operator.py                                               1           0  0.11s           2023-08-09T10:06:58
/home/airflow/.local/lib/python3.7/site-packages/airflow/example_dags/tutorial_taskflow_api.py                                                             1           0  0.18s           2023-08-09T10:06:59
/home/airflow/.local/lib/python3.7/site-packages/airflow/example_dags/example_params_trigger_ui.py                                                         1           0  0.22s           2023-08-09T10:06:59
/home/airflow/.local/lib/python3.7/site-packages/airflow/example_dags/tutorial_dag.py                                                                      1           0  0.31s           2023-08-09T10:07:00
/home/airflow/.local/lib/python3.7/site-packages/airflow/example_dags/example_complex.py                                                                   1           0  1.81s           2023-08-09T10:06:50
/home/airflow/.local/lib/python3.7/site-packages/airflow/example_dags/tutorial_taskflow_api_virtualenv.py                                                  1           0  0.19s           2023-08-09T10:06:50
/home/airflow/.local/lib/python3.7/site-packages/airflow/example_dags/example_branch_python_dop_operator_3.py                                              1           0  0.19s           2023-08-09T10:06:50
/home/airflow/.local/lib/python3.7/site-packages/airflow/example_dags/example_params_ui_tutorial.py                                                        1           0  0.34s           2023-08-09T10:06:51
/home/airflow/.local/lib/python3.7/site-packages/airflow/example_dags/example_dynamic_task_mapping_with_no_taskflow_operators.py                           1           0  0.16s           2023-08-09T10:06:50
/home/airflow/.local/lib/python3.7/site-packages/airflow/example_dags/example_task_group_decorator.py                                                      1           0  0.20s           2023-08-09T10:06:51
/home/airflow/.local/lib/python3.7/site-packages/airflow/example_dags/example_passing_params_via_test_command.py                                           1           0  0.13s           2023-08-09T10:06:51
/home/airflow/.local/lib/python3.7/site-packages/airflow/example_dags/example_dag_decorator.py                                                             1           0  0.25s           2023-08-09T10:06:51
/home/airflow/.local/lib/python3.7/site-packages/airflow/example_dags/example_time_delta_sensor_async.py                                                   1           0  0.12s           2023-08-09T10:06:51
/home/airflow/.local/lib/python3.7/site-packages/airflow/example_dags/example_local_kubernetes_executor.py                                                 1           0  0.69s           2023-08-09T10:06:52
/home/airflow/.local/lib/python3.7/site-packages/airflow/example_dags/example_latest_only.py                                                               1           0  0.11s           2023-08-09T10:06:51
/home/airflow/.local/lib/python3.7/site-packages/airflow/example_dags/example_sensors.py                                                                   1           0  0.21s           2023-08-09T10:06:51
/home/airflow/.local/lib/python3.7/site-packages/airflow/example_dags/example_trigger_controller_dag.py                                                    1           0  0.18s           2023-08-09T10:06:51
/home/airflow/.local/lib/python3.7/site-packages/airflow/example_dags/example_python_operator.py                                                           1           0  0.17s           2023-08-09T10:06:52
/home/airflow/.local/lib/python3.7/site-packages/airflow/example_dags/example_skip_dag.py                                                                  1           0  0.14s           2023-08-09T10:06:52
/home/airflow/.local/lib/python3.7/site-packages/airflow/example_dags/example_task_group.py                                                                1           0  0.23s           2023-08-09T10:06:54
/home/airflow/.local/lib/python3.7/site-packages/airflow/example_dags/example_branch_operator.py                                                           1           0  0.29s           2023-08-09T10:06:54
/home/airflow/.local/lib/python3.7/site-packages/airflow/example_dags/example_xcomargs.py                                                                  2           0  1.83s           2023-08-09T10:06:50
/home/airflow/.local/lib/python3.7/site-packages/airflow/example_dags/example_external_task_marker_dag.py                                                  2           0  1.20s           2023-08-09T10:06:54
/home/airflow/.local/lib/python3.7/site-packages/airflow/example_dags/example_branch_datetime_operator.py                                                  3           0  0.17s           2023-08-09T10:06:52
/home/airflow/.local/lib/python3.7/site-packages/airflow/example_dags/example_subdag_operator.py                                                           3           0  0.21s           2023-08-09T10:06:55
/home/airflow/.local/lib/python3.7/site-packages/airflow/example_dags/example_datasets.py                                                                  6           0  1.32s           2023-08-09T10:06:54
================================================================================
[2023-08-09T10:07:45.928+0000] {manager.py:470} INFO - Exiting gracefully upon receiving signal 15
[2023-08-09T10:09:58.898+0000] {manager.py:487} INFO - Processing files using up to 2 processes at a time 
[2023-08-09T10:09:58.923+0000] {manager.py:488} INFO - Process each file at most once every 30 seconds
[2023-08-09T10:09:58.923+0000] {manager.py:490} INFO - Checking for new files in /opt/airflow/dags every 300 seconds
[2023-08-09T10:09:58.924+0000] {manager.py:758} INFO - Searching for files in /opt/airflow/dags
[2023-08-09T10:09:58.925+0000] {manager.py:761} INFO - There are 0 files in /opt/airflow/dags
[2023-08-09T10:14:59.027+0000] {manager.py:758} INFO - Searching for files in /opt/airflow/dags
[2023-08-09T10:14:59.027+0000] {manager.py:761} INFO - There are 0 files in /opt/airflow/dags
[2023-08-09T10:19:59.506+0000] {manager.py:758} INFO - Searching for files in /opt/airflow/dags
[2023-08-09T10:19:59.507+0000] {manager.py:761} INFO - There are 0 files in /opt/airflow/dags
[2023-08-09T10:24:50.355+0000] {manager.py:470} INFO - Exiting gracefully upon receiving signal 15
[2023-08-09T10:26:22.051+0000] {manager.py:487} INFO - Processing files using up to 2 processes at a time 
[2023-08-09T10:26:22.082+0000] {manager.py:488} INFO - Process each file at most once every 30 seconds
[2023-08-09T10:26:22.083+0000] {manager.py:490} INFO - Checking for new files in /opt/airflow/dags every 300 seconds
[2023-08-09T10:26:22.083+0000] {manager.py:758} INFO - Searching for files in /opt/airflow/dags
[2023-08-09T10:26:22.098+0000] {manager.py:761} INFO - There are 1 files in /opt/airflow/dags
[2023-08-09T10:26:22.625+0000] {manager.py:889} INFO - 
================================================================================
DAG File Processing Stats

File Path                        PID  Runtime      # DAGs    # Errors  Last Runtime    Last Run
-----------------------------  -----  ---------  --------  ----------  --------------  ----------
/opt/airflow/dags/firstDag.py     32  0.15s             0           0
================================================================================
[2023-08-09T10:26:53.079+0000] {manager.py:889} INFO - 
================================================================================
DAG File Processing Stats

File Path                      PID    Runtime      # DAGs    # Errors  Last Runtime    Last Run
-----------------------------  -----  ---------  --------  ----------  --------------  -------------------
/opt/airflow/dags/firstDag.py                           1           0  0.95s           2023-08-09T10:26:23
================================================================================
[2023-08-09T10:27:23.757+0000] {manager.py:889} INFO - 
================================================================================
DAG File Processing Stats

File Path                      PID    Runtime      # DAGs    # Errors  Last Runtime    Last Run
-----------------------------  -----  ---------  --------  ----------  --------------  -------------------
/opt/airflow/dags/firstDag.py                           1           0  0.71s           2023-08-09T10:26:54
================================================================================
[2023-08-09T10:27:53.945+0000] {manager.py:889} INFO - 
================================================================================
DAG File Processing Stats

File Path                      PID    Runtime      # DAGs    # Errors  Last Runtime    Last Run
-----------------------------  -----  ---------  --------  ----------  --------------  -------------------
/opt/airflow/dags/firstDag.py                           1           0  1.76s           2023-08-09T10:27:27
================================================================================
[2023-08-09T10:28:24.677+0000] {manager.py:889} INFO - 
================================================================================
DAG File Processing Stats

File Path                      PID    Runtime      # DAGs    # Errors  Last Runtime    Last Run
-----------------------------  -----  ---------  --------  ----------  --------------  -------------------
/opt/airflow/dags/firstDag.py                           1           0  0.61s           2023-08-09T10:27:58
================================================================================
[2023-08-09T10:28:55.141+0000] {manager.py:889} INFO - 
================================================================================
DAG File Processing Stats

File Path                      PID    Runtime      # DAGs    # Errors  Last Runtime    Last Run
-----------------------------  -----  ---------  --------  ----------  --------------  -------------------
/opt/airflow/dags/firstDag.py                           1           0  0.16s           2023-08-09T10:28:29
================================================================================
[2023-08-09T10:29:25.469+0000] {manager.py:889} INFO - 
================================================================================
DAG File Processing Stats

File Path                      PID    Runtime      # DAGs    # Errors  Last Runtime    Last Run
-----------------------------  -----  ---------  --------  ----------  --------------  -------------------
/opt/airflow/dags/firstDag.py                           1           0  0.51s           2023-08-09T10:28:59
================================================================================
[2023-08-09T10:29:56.109+0000] {manager.py:889} INFO - 
================================================================================
DAG File Processing Stats

File Path                      PID    Runtime      # DAGs    # Errors  Last Runtime    Last Run
-----------------------------  -----  ---------  --------  ----------  --------------  -------------------
/opt/airflow/dags/firstDag.py                           1           0  0.15s           2023-08-09T10:29:30
================================================================================
[2023-08-09T10:30:26.439+0000] {manager.py:889} INFO - 
================================================================================
DAG File Processing Stats

File Path                      PID    Runtime      # DAGs    # Errors  Last Runtime    Last Run
-----------------------------  -----  ---------  --------  ----------  --------------  -------------------
/opt/airflow/dags/firstDag.py                           1           0  0.17s           2023-08-09T10:30:00
================================================================================
[2023-08-09T10:30:56.702+0000] {manager.py:889} INFO - 
================================================================================
DAG File Processing Stats

File Path                      PID    Runtime      # DAGs    # Errors  Last Runtime    Last Run
-----------------------------  -----  ---------  --------  ----------  --------------  -------------------
/opt/airflow/dags/firstDag.py                           1           0  0.17s           2023-08-09T10:30:30
================================================================================
[2023-08-09T10:31:22.152+0000] {manager.py:758} INFO - Searching for files in /opt/airflow/dags
[2023-08-09T10:31:22.178+0000] {manager.py:761} INFO - There are 2 files in /opt/airflow/dags
[2023-08-09T10:31:26.992+0000] {manager.py:889} INFO - 
================================================================================
DAG File Processing Stats

File Path                      PID    Runtime      # DAGs    # Errors  Last Runtime    Last Run
-----------------------------  -----  ---------  --------  ----------  --------------  -------------------
/opt/airflow/dags/firstDag.py                           1           0  0.30s           2023-08-09T10:31:01
/opt/airflow/dags/dag.py                                1           0  0.79s           2023-08-09T10:31:23
================================================================================
[2023-08-09T10:31:57.687+0000] {manager.py:889} INFO - 
================================================================================
DAG File Processing Stats

File Path                      PID    Runtime      # DAGs    # Errors  Last Runtime    Last Run
-----------------------------  -----  ---------  --------  ----------  --------------  -------------------
/opt/airflow/dags/firstDag.py                           1           0  0.43s           2023-08-09T10:31:31
/opt/airflow/dags/dag.py                                1           0  0.48s           2023-08-09T10:31:53
================================================================================
[2023-08-09T10:32:27.963+0000] {manager.py:889} INFO - 
================================================================================
DAG File Processing Stats

File Path                      PID    Runtime      # DAGs    # Errors  Last Runtime    Last Run
-----------------------------  -----  ---------  --------  ----------  --------------  -------------------
/opt/airflow/dags/firstDag.py                           1           0  0.58s           2023-08-09T10:32:02
/opt/airflow/dags/dag.py                                1           0  0.20s           2023-08-09T10:32:24
================================================================================
[2023-08-09T12:31:39.120+0000] {manager.py:758} INFO - Searching for files in /opt/airflow/dags
[2023-08-09T12:31:39.122+0000] {manager.py:761} INFO - There are 2 files in /opt/airflow/dags
[2023-08-09T12:31:43.533+0000] {manager.py:889} INFO - 
================================================================================
DAG File Processing Stats

File Path                      PID    Runtime      # DAGs    # Errors  Last Runtime    Last Run
-----------------------------  -----  ---------  --------  ----------  --------------  -------------------
/opt/airflow/dags/firstDag.py                           1           0  3.67s           2023-08-09T12:31:42
/opt/airflow/dags/dag.py                                1           0  3.68s           2023-08-09T12:31:42
================================================================================
[2023-08-09T12:32:14.239+0000] {manager.py:889} INFO - 
================================================================================
DAG File Processing Stats

File Path                      PID    Runtime      # DAGs    # Errors  Last Runtime    Last Run
-----------------------------  -----  ---------  --------  ----------  --------------  -------------------
/opt/airflow/dags/firstDag.py                           1           0  0.20s           2023-08-09T12:32:13
/opt/airflow/dags/dag.py                                1           0  0.19s           2023-08-09T12:32:13
================================================================================
[2023-08-09T12:32:44.619+0000] {manager.py:889} INFO - 
================================================================================
DAG File Processing Stats

File Path                      PID    Runtime      # DAGs    # Errors  Last Runtime    Last Run
-----------------------------  -----  ---------  --------  ----------  --------------  -------------------
/opt/airflow/dags/firstDag.py                           1           0  0.13s           2023-08-09T12:32:43
/opt/airflow/dags/dag.py                                1           0  0.12s           2023-08-09T12:32:43
================================================================================
[2023-08-09T12:33:14.986+0000] {manager.py:889} INFO - 
================================================================================
DAG File Processing Stats

File Path                      PID    Runtime      # DAGs    # Errors  Last Runtime    Last Run
-----------------------------  -----  ---------  --------  ----------  --------------  -------------------
/opt/airflow/dags/firstDag.py                           1           0  0.16s           2023-08-09T12:33:14
/opt/airflow/dags/dag.py                                1           0  0.15s           2023-08-09T12:33:13
================================================================================
[2023-08-09T12:33:45.535+0000] {manager.py:889} INFO - 
================================================================================
DAG File Processing Stats

File Path                      PID    Runtime      # DAGs    # Errors  Last Runtime    Last Run
-----------------------------  -----  ---------  --------  ----------  --------------  -------------------
/opt/airflow/dags/firstDag.py                           1           0  0.30s           2023-08-09T12:33:44
/opt/airflow/dags/dag.py                                1           0  0.32s           2023-08-09T12:33:44
================================================================================
[2023-08-09T12:34:15.906+0000] {manager.py:889} INFO - 
================================================================================
DAG File Processing Stats

File Path                      PID    Runtime      # DAGs    # Errors  Last Runtime    Last Run
-----------------------------  -----  ---------  --------  ----------  --------------  -------------------
/opt/airflow/dags/firstDag.py                           1           0  0.14s           2023-08-09T12:34:14
/opt/airflow/dags/dag.py                                1           0  0.15s           2023-08-09T12:34:14
================================================================================
[2023-08-09T12:34:46.288+0000] {manager.py:889} INFO - 
================================================================================
DAG File Processing Stats

File Path                      PID    Runtime      # DAGs    # Errors  Last Runtime    Last Run
-----------------------------  -----  ---------  --------  ----------  --------------  -------------------
/opt/airflow/dags/firstDag.py                           1           0  0.18s           2023-08-09T12:34:45
/opt/airflow/dags/dag.py                                1           0  0.18s           2023-08-09T12:34:45
================================================================================
[2023-08-09T12:35:16.662+0000] {manager.py:889} INFO - 
================================================================================
DAG File Processing Stats

File Path                      PID    Runtime      # DAGs    # Errors  Last Runtime    Last Run
-----------------------------  -----  ---------  --------  ----------  --------------  -------------------
/opt/airflow/dags/firstDag.py                           1           0  0.14s           2023-08-09T12:35:15
/opt/airflow/dags/dag.py                                1           0  0.18s           2023-08-09T12:35:15
================================================================================
[2023-08-09T12:35:47.125+0000] {manager.py:889} INFO - 
================================================================================
DAG File Processing Stats

File Path                      PID    Runtime      # DAGs    # Errors  Last Runtime    Last Run
-----------------------------  -----  ---------  --------  ----------  --------------  -------------------
/opt/airflow/dags/firstDag.py                           1           0  0.29s           2023-08-09T12:35:46
/opt/airflow/dags/dag.py                                1           0  0.23s           2023-08-09T12:35:46
================================================================================
[2023-08-09T12:36:17.490+0000] {manager.py:889} INFO - 
================================================================================
DAG File Processing Stats

File Path                      PID    Runtime      # DAGs    # Errors  Last Runtime    Last Run
-----------------------------  -----  ---------  --------  ----------  --------------  -------------------
/opt/airflow/dags/firstDag.py                           1           0  0.15s           2023-08-09T12:36:16
/opt/airflow/dags/dag.py                                1           0  0.15s           2023-08-09T12:36:16
================================================================================
[2023-08-09T12:36:39.652+0000] {manager.py:758} INFO - Searching for files in /opt/airflow/dags
[2023-08-09T12:36:39.675+0000] {manager.py:761} INFO - There are 2 files in /opt/airflow/dags
[2023-08-09T12:36:47.899+0000] {manager.py:889} INFO - 
================================================================================
DAG File Processing Stats

File Path                      PID    Runtime      # DAGs    # Errors  Last Runtime    Last Run
-----------------------------  -----  ---------  --------  ----------  --------------  -------------------
/opt/airflow/dags/firstDag.py                           1           0  0.15s           2023-08-09T12:36:46
/opt/airflow/dags/dag.py                                1           0  0.15s           2023-08-09T12:36:46
================================================================================
[2023-08-09T12:37:18.151+0000] {manager.py:889} INFO - 
================================================================================
DAG File Processing Stats

File Path                      PID    Runtime      # DAGs    # Errors  Last Runtime    Last Run
-----------------------------  -----  ---------  --------  ----------  --------------  -------------------
/opt/airflow/dags/firstDag.py                           1           0  0.17s           2023-08-09T12:37:17
/opt/airflow/dags/dag.py                                1           0  0.18s           2023-08-09T12:37:17
================================================================================
[2023-08-09T12:37:48.518+0000] {manager.py:889} INFO - 
================================================================================
DAG File Processing Stats

File Path                      PID    Runtime      # DAGs    # Errors  Last Runtime    Last Run
-----------------------------  -----  ---------  --------  ----------  --------------  -------------------
/opt/airflow/dags/firstDag.py                           1           0  0.15s           2023-08-09T12:37:47
/opt/airflow/dags/dag.py                                1           0  0.15s           2023-08-09T12:37:47
================================================================================
[2023-08-09T12:38:18.905+0000] {manager.py:889} INFO - 
================================================================================
DAG File Processing Stats

File Path                      PID    Runtime      # DAGs    # Errors  Last Runtime    Last Run
-----------------------------  -----  ---------  --------  ----------  --------------  -------------------
/opt/airflow/dags/firstDag.py                           1           0  0.15s           2023-08-09T12:38:17
/opt/airflow/dags/dag.py                                1           0  0.15s           2023-08-09T12:38:17
================================================================================
[2023-08-09T12:38:49.318+0000] {manager.py:889} INFO - 
================================================================================
DAG File Processing Stats

File Path                      PID    Runtime      # DAGs    # Errors  Last Runtime    Last Run
-----------------------------  -----  ---------  --------  ----------  --------------  -------------------
/opt/airflow/dags/firstDag.py                           1           0  0.15s           2023-08-09T12:38:48
/opt/airflow/dags/dag.py                                1           0  0.14s           2023-08-09T12:38:48
================================================================================
[2023-08-09T12:39:19.731+0000] {manager.py:889} INFO - 
================================================================================
DAG File Processing Stats

File Path                      PID    Runtime      # DAGs    # Errors  Last Runtime    Last Run
-----------------------------  -----  ---------  --------  ----------  --------------  -------------------
/opt/airflow/dags/firstDag.py                           1           0  0.17s           2023-08-09T12:39:18
/opt/airflow/dags/dag.py                                1           0  0.18s           2023-08-09T12:39:18
================================================================================
[2023-08-09T12:39:25.981+0000] {manager.py:470} INFO - Exiting gracefully upon receiving signal 15
