[2023-08-09T10:05:19.027+0000] {processor.py:157} INFO - Started process (PID=80) to work on /home/airflow/.local/lib/python3.7/site-packages/airflow/example_dags/example_branch_operator.py
[2023-08-09T10:05:19.027+0000] {processor.py:826} INFO - Processing file /home/airflow/.local/lib/python3.7/site-packages/airflow/example_dags/example_branch_operator.py for tasks to queue
[2023-08-09T10:05:19.028+0000] {logging_mixin.py:150} INFO - [2023-08-09T10:05:19.028+0000] {dagbag.py:541} INFO - Filling up the DagBag from /home/airflow/.local/lib/python3.7/site-packages/airflow/example_dags/example_branch_operator.py
[2023-08-09T10:05:19.038+0000] {processor.py:836} INFO - DAG(s) dict_keys(['example_branch_operator']) retrieved from /home/airflow/.local/lib/python3.7/site-packages/airflow/example_dags/example_branch_operator.py
[2023-08-09T10:05:19.249+0000] {logging_mixin.py:150} INFO - [2023-08-09T10:05:19.249+0000] {manager.py:504} INFO - Created Permission View: can read on DAG:example_branch_operator
[2023-08-09T10:05:19.328+0000] {logging_mixin.py:150} INFO - [2023-08-09T10:05:19.328+0000] {manager.py:504} INFO - Created Permission View: can edit on DAG:example_branch_operator
[2023-08-09T10:05:19.395+0000] {logging_mixin.py:150} INFO - [2023-08-09T10:05:19.394+0000] {manager.py:504} INFO - Created Permission View: can delete on DAG:example_branch_operator
[2023-08-09T10:05:19.428+0000] {logging_mixin.py:150} INFO - [2023-08-09T10:05:19.428+0000] {dag.py:2742} INFO - Sync 1 DAGs
[2023-08-09T10:05:19.443+0000] {logging_mixin.py:150} INFO - [2023-08-09T10:05:19.443+0000] {dag.py:2763} INFO - Creating ORM DAG for example_branch_operator
[2023-08-09T10:05:19.460+0000] {logging_mixin.py:150} INFO - [2023-08-09T10:05:19.460+0000] {dag.py:3508} INFO - Setting next_dagrun for example_branch_operator to 2023-08-08T00:00:00+00:00, run_after=2023-08-09T00:00:00+00:00
[2023-08-09T10:05:19.686+0000] {processor.py:179} INFO - Processing /home/airflow/.local/lib/python3.7/site-packages/airflow/example_dags/example_branch_operator.py took 0.662 seconds
[2023-08-09T10:05:51.216+0000] {processor.py:157} INFO - Started process (PID=141) to work on /home/airflow/.local/lib/python3.7/site-packages/airflow/example_dags/example_branch_operator.py
[2023-08-09T10:05:51.239+0000] {processor.py:826} INFO - Processing file /home/airflow/.local/lib/python3.7/site-packages/airflow/example_dags/example_branch_operator.py for tasks to queue
[2023-08-09T10:05:51.240+0000] {logging_mixin.py:150} INFO - [2023-08-09T10:05:51.240+0000] {dagbag.py:541} INFO - Filling up the DagBag from /home/airflow/.local/lib/python3.7/site-packages/airflow/example_dags/example_branch_operator.py
[2023-08-09T10:05:51.373+0000] {processor.py:836} INFO - DAG(s) dict_keys(['example_branch_operator']) retrieved from /home/airflow/.local/lib/python3.7/site-packages/airflow/example_dags/example_branch_operator.py
[2023-08-09T10:05:51.401+0000] {logging_mixin.py:150} INFO - [2023-08-09T10:05:51.401+0000] {dag.py:2742} INFO - Sync 1 DAGs
[2023-08-09T10:05:51.432+0000] {logging_mixin.py:150} INFO - [2023-08-09T10:05:51.432+0000] {dag.py:3508} INFO - Setting next_dagrun for example_branch_operator to 2023-08-08T00:00:00+00:00, run_after=2023-08-09T00:00:00+00:00
[2023-08-09T10:05:51.544+0000] {processor.py:179} INFO - Processing /home/airflow/.local/lib/python3.7/site-packages/airflow/example_dags/example_branch_operator.py took 0.332 seconds
[2023-08-09T10:06:22.984+0000] {processor.py:157} INFO - Started process (PID=202) to work on /home/airflow/.local/lib/python3.7/site-packages/airflow/example_dags/example_branch_operator.py
[2023-08-09T10:06:22.998+0000] {processor.py:826} INFO - Processing file /home/airflow/.local/lib/python3.7/site-packages/airflow/example_dags/example_branch_operator.py for tasks to queue
[2023-08-09T10:06:22.999+0000] {logging_mixin.py:150} INFO - [2023-08-09T10:06:22.999+0000] {dagbag.py:541} INFO - Filling up the DagBag from /home/airflow/.local/lib/python3.7/site-packages/airflow/example_dags/example_branch_operator.py
[2023-08-09T10:06:23.014+0000] {processor.py:836} INFO - DAG(s) dict_keys(['example_branch_operator']) retrieved from /home/airflow/.local/lib/python3.7/site-packages/airflow/example_dags/example_branch_operator.py
[2023-08-09T10:06:23.042+0000] {logging_mixin.py:150} INFO - [2023-08-09T10:06:23.042+0000] {dag.py:2742} INFO - Sync 1 DAGs
[2023-08-09T10:06:23.071+0000] {logging_mixin.py:150} INFO - [2023-08-09T10:06:23.071+0000] {dag.py:3508} INFO - Setting next_dagrun for example_branch_operator to 2023-08-08T00:00:00+00:00, run_after=2023-08-09T00:00:00+00:00
[2023-08-09T10:06:23.217+0000] {processor.py:179} INFO - Processing /home/airflow/.local/lib/python3.7/site-packages/airflow/example_dags/example_branch_operator.py took 0.238 seconds
[2023-08-09T10:06:54.630+0000] {processor.py:157} INFO - Started process (PID=255) to work on /home/airflow/.local/lib/python3.7/site-packages/airflow/example_dags/example_branch_operator.py
[2023-08-09T10:06:54.684+0000] {processor.py:826} INFO - Processing file /home/airflow/.local/lib/python3.7/site-packages/airflow/example_dags/example_branch_operator.py for tasks to queue
[2023-08-09T10:06:54.685+0000] {logging_mixin.py:150} INFO - [2023-08-09T10:06:54.685+0000] {dagbag.py:541} INFO - Filling up the DagBag from /home/airflow/.local/lib/python3.7/site-packages/airflow/example_dags/example_branch_operator.py
[2023-08-09T10:06:54.695+0000] {processor.py:836} INFO - DAG(s) dict_keys(['example_branch_operator']) retrieved from /home/airflow/.local/lib/python3.7/site-packages/airflow/example_dags/example_branch_operator.py
[2023-08-09T10:06:54.721+0000] {logging_mixin.py:150} INFO - [2023-08-09T10:06:54.721+0000] {dag.py:2742} INFO - Sync 1 DAGs
[2023-08-09T10:06:54.750+0000] {logging_mixin.py:150} INFO - [2023-08-09T10:06:54.749+0000] {dag.py:3508} INFO - Setting next_dagrun for example_branch_operator to 2023-08-08T00:00:00+00:00, run_after=2023-08-09T00:00:00+00:00
[2023-08-09T10:06:54.897+0000] {processor.py:179} INFO - Processing /home/airflow/.local/lib/python3.7/site-packages/airflow/example_dags/example_branch_operator.py took 0.269 seconds
[2023-08-09T10:07:24.988+0000] {processor.py:157} INFO - Started process (PID=316) to work on /home/airflow/.local/lib/python3.7/site-packages/airflow/example_dags/example_branch_operator.py
[2023-08-09T10:07:24.997+0000] {processor.py:826} INFO - Processing file /home/airflow/.local/lib/python3.7/site-packages/airflow/example_dags/example_branch_operator.py for tasks to queue
[2023-08-09T10:07:24.998+0000] {logging_mixin.py:150} INFO - [2023-08-09T10:07:24.998+0000] {dagbag.py:541} INFO - Filling up the DagBag from /home/airflow/.local/lib/python3.7/site-packages/airflow/example_dags/example_branch_operator.py
[2023-08-09T10:07:25.011+0000] {processor.py:836} INFO - DAG(s) dict_keys(['example_branch_operator']) retrieved from /home/airflow/.local/lib/python3.7/site-packages/airflow/example_dags/example_branch_operator.py
[2023-08-09T10:07:25.044+0000] {logging_mixin.py:150} INFO - [2023-08-09T10:07:25.043+0000] {dag.py:2742} INFO - Sync 1 DAGs
[2023-08-09T10:07:25.092+0000] {logging_mixin.py:150} INFO - [2023-08-09T10:07:25.092+0000] {dag.py:3508} INFO - Setting next_dagrun for example_branch_operator to 2023-08-08T00:00:00+00:00, run_after=2023-08-09T00:00:00+00:00
[2023-08-09T10:07:25.136+0000] {processor.py:179} INFO - Processing /home/airflow/.local/lib/python3.7/site-packages/airflow/example_dags/example_branch_operator.py took 0.151 seconds
