[2023-08-09T10:05:15.053+0000] {processor.py:157} INFO - Started process (PID=74) to work on /home/airflow/.local/lib/python3.7/site-packages/airflow/example_dags/example_trigger_controller_dag.py
[2023-08-09T10:05:15.054+0000] {processor.py:826} INFO - Processing file /home/airflow/.local/lib/python3.7/site-packages/airflow/example_dags/example_trigger_controller_dag.py for tasks to queue
[2023-08-09T10:05:15.055+0000] {logging_mixin.py:150} INFO - [2023-08-09T10:05:15.055+0000] {dagbag.py:541} INFO - Filling up the DagBag from /home/airflow/.local/lib/python3.7/site-packages/airflow/example_dags/example_trigger_controller_dag.py
[2023-08-09T10:05:15.059+0000] {processor.py:836} INFO - DAG(s) dict_keys(['example_trigger_controller_dag']) retrieved from /home/airflow/.local/lib/python3.7/site-packages/airflow/example_dags/example_trigger_controller_dag.py
[2023-08-09T10:05:15.321+0000] {logging_mixin.py:150} INFO - [2023-08-09T10:05:15.321+0000] {manager.py:504} INFO - Created Permission View: can read on DAG:example_trigger_controller_dag
[2023-08-09T10:05:15.509+0000] {logging_mixin.py:150} INFO - [2023-08-09T10:05:15.509+0000] {manager.py:504} INFO - Created Permission View: can edit on DAG:example_trigger_controller_dag
[2023-08-09T10:05:15.722+0000] {logging_mixin.py:150} INFO - [2023-08-09T10:05:15.721+0000] {manager.py:504} INFO - Created Permission View: can delete on DAG:example_trigger_controller_dag
[2023-08-09T10:05:15.771+0000] {logging_mixin.py:150} INFO - [2023-08-09T10:05:15.771+0000] {dag.py:2742} INFO - Sync 1 DAGs
[2023-08-09T10:05:15.786+0000] {logging_mixin.py:150} INFO - [2023-08-09T10:05:15.786+0000] {dag.py:2763} INFO - Creating ORM DAG for example_trigger_controller_dag
[2023-08-09T10:05:15.798+0000] {logging_mixin.py:150} INFO - [2023-08-09T10:05:15.798+0000] {dag.py:3508} INFO - Setting next_dagrun for example_trigger_controller_dag to 2021-01-01T00:00:00+00:00, run_after=2021-01-01T00:00:00+00:00
[2023-08-09T10:05:15.934+0000] {processor.py:179} INFO - Processing /home/airflow/.local/lib/python3.7/site-packages/airflow/example_dags/example_trigger_controller_dag.py took 0.883 seconds
[2023-08-09T10:05:46.498+0000] {processor.py:157} INFO - Started process (PID=134) to work on /home/airflow/.local/lib/python3.7/site-packages/airflow/example_dags/example_trigger_controller_dag.py
[2023-08-09T10:05:46.631+0000] {processor.py:826} INFO - Processing file /home/airflow/.local/lib/python3.7/site-packages/airflow/example_dags/example_trigger_controller_dag.py for tasks to queue
[2023-08-09T10:05:46.633+0000] {logging_mixin.py:150} INFO - [2023-08-09T10:05:46.632+0000] {dagbag.py:541} INFO - Filling up the DagBag from /home/airflow/.local/lib/python3.7/site-packages/airflow/example_dags/example_trigger_controller_dag.py
[2023-08-09T10:05:46.687+0000] {processor.py:836} INFO - DAG(s) dict_keys(['example_trigger_controller_dag']) retrieved from /home/airflow/.local/lib/python3.7/site-packages/airflow/example_dags/example_trigger_controller_dag.py
[2023-08-09T10:05:46.717+0000] {logging_mixin.py:150} INFO - [2023-08-09T10:05:46.717+0000] {dag.py:2742} INFO - Sync 1 DAGs
[2023-08-09T10:05:46.744+0000] {logging_mixin.py:150} INFO - [2023-08-09T10:05:46.744+0000] {dag.py:3508} INFO - Setting next_dagrun for example_trigger_controller_dag to 2021-01-01T00:00:00+00:00, run_after=2021-01-01T00:00:00+00:00
[2023-08-09T10:05:46.827+0000] {processor.py:179} INFO - Processing /home/airflow/.local/lib/python3.7/site-packages/airflow/example_dags/example_trigger_controller_dag.py took 0.332 seconds
[2023-08-09T10:06:20.278+0000] {processor.py:157} INFO - Started process (PID=187) to work on /home/airflow/.local/lib/python3.7/site-packages/airflow/example_dags/example_trigger_controller_dag.py
[2023-08-09T10:06:20.323+0000] {processor.py:826} INFO - Processing file /home/airflow/.local/lib/python3.7/site-packages/airflow/example_dags/example_trigger_controller_dag.py for tasks to queue
[2023-08-09T10:06:20.324+0000] {logging_mixin.py:150} INFO - [2023-08-09T10:06:20.323+0000] {dagbag.py:541} INFO - Filling up the DagBag from /home/airflow/.local/lib/python3.7/site-packages/airflow/example_dags/example_trigger_controller_dag.py
[2023-08-09T10:06:20.327+0000] {processor.py:836} INFO - DAG(s) dict_keys(['example_trigger_controller_dag']) retrieved from /home/airflow/.local/lib/python3.7/site-packages/airflow/example_dags/example_trigger_controller_dag.py
[2023-08-09T10:06:20.350+0000] {logging_mixin.py:150} INFO - [2023-08-09T10:06:20.349+0000] {dag.py:2742} INFO - Sync 1 DAGs
[2023-08-09T10:06:20.376+0000] {logging_mixin.py:150} INFO - [2023-08-09T10:06:20.376+0000] {dag.py:3508} INFO - Setting next_dagrun for example_trigger_controller_dag to 2021-01-01T00:00:00+00:00, run_after=2021-01-01T00:00:00+00:00
[2023-08-09T10:06:20.522+0000] {processor.py:179} INFO - Processing /home/airflow/.local/lib/python3.7/site-packages/airflow/example_dags/example_trigger_controller_dag.py took 0.247 seconds
[2023-08-09T10:06:51.812+0000] {processor.py:157} INFO - Started process (PID=248) to work on /home/airflow/.local/lib/python3.7/site-packages/airflow/example_dags/example_trigger_controller_dag.py
[2023-08-09T10:06:51.821+0000] {processor.py:826} INFO - Processing file /home/airflow/.local/lib/python3.7/site-packages/airflow/example_dags/example_trigger_controller_dag.py for tasks to queue
[2023-08-09T10:06:51.822+0000] {logging_mixin.py:150} INFO - [2023-08-09T10:06:51.822+0000] {dagbag.py:541} INFO - Filling up the DagBag from /home/airflow/.local/lib/python3.7/site-packages/airflow/example_dags/example_trigger_controller_dag.py
[2023-08-09T10:06:51.827+0000] {processor.py:836} INFO - DAG(s) dict_keys(['example_trigger_controller_dag']) retrieved from /home/airflow/.local/lib/python3.7/site-packages/airflow/example_dags/example_trigger_controller_dag.py
[2023-08-09T10:06:51.850+0000] {logging_mixin.py:150} INFO - [2023-08-09T10:06:51.850+0000] {dag.py:2742} INFO - Sync 1 DAGs
[2023-08-09T10:06:51.876+0000] {logging_mixin.py:150} INFO - [2023-08-09T10:06:51.876+0000] {dag.py:3508} INFO - Setting next_dagrun for example_trigger_controller_dag to 2021-01-01T00:00:00+00:00, run_after=2021-01-01T00:00:00+00:00
[2023-08-09T10:06:51.967+0000] {processor.py:179} INFO - Processing /home/airflow/.local/lib/python3.7/site-packages/airflow/example_dags/example_trigger_controller_dag.py took 0.160 seconds
[2023-08-09T10:07:23.502+0000] {processor.py:157} INFO - Started process (PID=310) to work on /home/airflow/.local/lib/python3.7/site-packages/airflow/example_dags/example_trigger_controller_dag.py
[2023-08-09T10:07:23.524+0000] {processor.py:826} INFO - Processing file /home/airflow/.local/lib/python3.7/site-packages/airflow/example_dags/example_trigger_controller_dag.py for tasks to queue
[2023-08-09T10:07:23.525+0000] {logging_mixin.py:150} INFO - [2023-08-09T10:07:23.524+0000] {dagbag.py:541} INFO - Filling up the DagBag from /home/airflow/.local/lib/python3.7/site-packages/airflow/example_dags/example_trigger_controller_dag.py
[2023-08-09T10:07:23.528+0000] {processor.py:836} INFO - DAG(s) dict_keys(['example_trigger_controller_dag']) retrieved from /home/airflow/.local/lib/python3.7/site-packages/airflow/example_dags/example_trigger_controller_dag.py
[2023-08-09T10:07:23.552+0000] {logging_mixin.py:150} INFO - [2023-08-09T10:07:23.552+0000] {dag.py:2742} INFO - Sync 1 DAGs
[2023-08-09T10:07:23.582+0000] {logging_mixin.py:150} INFO - [2023-08-09T10:07:23.582+0000] {dag.py:3508} INFO - Setting next_dagrun for example_trigger_controller_dag to 2021-01-01T00:00:00+00:00, run_after=2021-01-01T00:00:00+00:00
[2023-08-09T10:07:23.658+0000] {processor.py:179} INFO - Processing /home/airflow/.local/lib/python3.7/site-packages/airflow/example_dags/example_trigger_controller_dag.py took 0.159 seconds
