[2023-08-09T10:04:49.862+0000] {processor.py:157} INFO - Started process (PID=48) to work on /home/airflow/.local/lib/python3.7/site-packages/airflow/example_dags/example_dynamic_task_mapping.py
[2023-08-09T10:04:49.863+0000] {processor.py:826} INFO - Processing file /home/airflow/.local/lib/python3.7/site-packages/airflow/example_dags/example_dynamic_task_mapping.py for tasks to queue
[2023-08-09T10:04:49.864+0000] {logging_mixin.py:150} INFO - [2023-08-09T10:04:49.864+0000] {dagbag.py:541} INFO - Filling up the DagBag from /home/airflow/.local/lib/python3.7/site-packages/airflow/example_dags/example_dynamic_task_mapping.py
[2023-08-09T10:04:49.915+0000] {processor.py:836} INFO - DAG(s) dict_keys(['example_dynamic_task_mapping']) retrieved from /home/airflow/.local/lib/python3.7/site-packages/airflow/example_dags/example_dynamic_task_mapping.py
[2023-08-09T10:04:50.206+0000] {logging_mixin.py:150} INFO - [2023-08-09T10:04:50.206+0000] {manager.py:504} INFO - Created Permission View: can read on DAG:example_dynamic_task_mapping
[2023-08-09T10:04:50.262+0000] {logging_mixin.py:150} INFO - [2023-08-09T10:04:50.262+0000] {manager.py:504} INFO - Created Permission View: can edit on DAG:example_dynamic_task_mapping
[2023-08-09T10:04:50.304+0000] {logging_mixin.py:150} INFO - [2023-08-09T10:04:50.304+0000] {manager.py:504} INFO - Created Permission View: can delete on DAG:example_dynamic_task_mapping
[2023-08-09T10:04:50.350+0000] {logging_mixin.py:150} INFO - [2023-08-09T10:04:50.350+0000] {dag.py:2742} INFO - Sync 1 DAGs
[2023-08-09T10:04:50.382+0000] {logging_mixin.py:150} INFO - [2023-08-09T10:04:50.382+0000] {dag.py:2763} INFO - Creating ORM DAG for example_dynamic_task_mapping
[2023-08-09T10:04:50.413+0000] {logging_mixin.py:150} INFO - [2023-08-09T10:04:50.412+0000] {dag.py:3508} INFO - Setting next_dagrun for example_dynamic_task_mapping to 2022-03-04T00:00:00+00:00, run_after=2022-03-05T00:00:00+00:00
[2023-08-09T10:04:50.456+0000] {processor.py:179} INFO - Processing /home/airflow/.local/lib/python3.7/site-packages/airflow/example_dags/example_dynamic_task_mapping.py took 0.599 seconds
[2023-08-09T10:05:24.978+0000] {processor.py:157} INFO - Started process (PID=108) to work on /home/airflow/.local/lib/python3.7/site-packages/airflow/example_dags/example_dynamic_task_mapping.py
[2023-08-09T10:05:25.014+0000] {processor.py:826} INFO - Processing file /home/airflow/.local/lib/python3.7/site-packages/airflow/example_dags/example_dynamic_task_mapping.py for tasks to queue
[2023-08-09T10:05:25.015+0000] {logging_mixin.py:150} INFO - [2023-08-09T10:05:25.015+0000] {dagbag.py:541} INFO - Filling up the DagBag from /home/airflow/.local/lib/python3.7/site-packages/airflow/example_dags/example_dynamic_task_mapping.py
[2023-08-09T10:05:25.022+0000] {processor.py:836} INFO - DAG(s) dict_keys(['example_dynamic_task_mapping']) retrieved from /home/airflow/.local/lib/python3.7/site-packages/airflow/example_dags/example_dynamic_task_mapping.py
[2023-08-09T10:05:25.050+0000] {logging_mixin.py:150} INFO - [2023-08-09T10:05:25.050+0000] {dag.py:2742} INFO - Sync 1 DAGs
[2023-08-09T10:05:25.235+0000] {logging_mixin.py:150} INFO - [2023-08-09T10:05:25.235+0000] {dag.py:3508} INFO - Setting next_dagrun for example_dynamic_task_mapping to 2022-03-04T00:00:00+00:00, run_after=2022-03-05T00:00:00+00:00
[2023-08-09T10:05:25.323+0000] {processor.py:179} INFO - Processing /home/airflow/.local/lib/python3.7/site-packages/airflow/example_dags/example_dynamic_task_mapping.py took 0.348 seconds
[2023-08-09T10:05:55.602+0000] {processor.py:157} INFO - Started process (PID=161) to work on /home/airflow/.local/lib/python3.7/site-packages/airflow/example_dags/example_dynamic_task_mapping.py
[2023-08-09T10:05:55.647+0000] {processor.py:826} INFO - Processing file /home/airflow/.local/lib/python3.7/site-packages/airflow/example_dags/example_dynamic_task_mapping.py for tasks to queue
[2023-08-09T10:05:55.647+0000] {logging_mixin.py:150} INFO - [2023-08-09T10:05:55.647+0000] {dagbag.py:541} INFO - Filling up the DagBag from /home/airflow/.local/lib/python3.7/site-packages/airflow/example_dags/example_dynamic_task_mapping.py
[2023-08-09T10:05:55.654+0000] {processor.py:836} INFO - DAG(s) dict_keys(['example_dynamic_task_mapping']) retrieved from /home/airflow/.local/lib/python3.7/site-packages/airflow/example_dags/example_dynamic_task_mapping.py
[2023-08-09T10:05:55.676+0000] {logging_mixin.py:150} INFO - [2023-08-09T10:05:55.676+0000] {dag.py:2742} INFO - Sync 1 DAGs
[2023-08-09T10:05:55.703+0000] {logging_mixin.py:150} INFO - [2023-08-09T10:05:55.703+0000] {dag.py:3508} INFO - Setting next_dagrun for example_dynamic_task_mapping to 2022-03-04T00:00:00+00:00, run_after=2022-03-05T00:00:00+00:00
[2023-08-09T10:05:55.752+0000] {processor.py:179} INFO - Processing /home/airflow/.local/lib/python3.7/site-packages/airflow/example_dags/example_dynamic_task_mapping.py took 0.153 seconds
[2023-08-09T10:06:26.149+0000] {processor.py:157} INFO - Started process (PID=222) to work on /home/airflow/.local/lib/python3.7/site-packages/airflow/example_dags/example_dynamic_task_mapping.py
[2023-08-09T10:06:26.154+0000] {processor.py:826} INFO - Processing file /home/airflow/.local/lib/python3.7/site-packages/airflow/example_dags/example_dynamic_task_mapping.py for tasks to queue
[2023-08-09T10:06:26.154+0000] {logging_mixin.py:150} INFO - [2023-08-09T10:06:26.154+0000] {dagbag.py:541} INFO - Filling up the DagBag from /home/airflow/.local/lib/python3.7/site-packages/airflow/example_dags/example_dynamic_task_mapping.py
[2023-08-09T10:06:26.160+0000] {processor.py:836} INFO - DAG(s) dict_keys(['example_dynamic_task_mapping']) retrieved from /home/airflow/.local/lib/python3.7/site-packages/airflow/example_dags/example_dynamic_task_mapping.py
[2023-08-09T10:06:26.181+0000] {logging_mixin.py:150} INFO - [2023-08-09T10:06:26.180+0000] {dag.py:2742} INFO - Sync 1 DAGs
[2023-08-09T10:06:26.208+0000] {logging_mixin.py:150} INFO - [2023-08-09T10:06:26.207+0000] {dag.py:3508} INFO - Setting next_dagrun for example_dynamic_task_mapping to 2022-03-04T00:00:00+00:00, run_after=2022-03-05T00:00:00+00:00
[2023-08-09T10:06:26.247+0000] {processor.py:179} INFO - Processing /home/airflow/.local/lib/python3.7/site-packages/airflow/example_dags/example_dynamic_task_mapping.py took 0.100 seconds
[2023-08-09T10:06:57.951+0000] {processor.py:157} INFO - Started process (PID=283) to work on /home/airflow/.local/lib/python3.7/site-packages/airflow/example_dags/example_dynamic_task_mapping.py
[2023-08-09T10:06:57.972+0000] {processor.py:826} INFO - Processing file /home/airflow/.local/lib/python3.7/site-packages/airflow/example_dags/example_dynamic_task_mapping.py for tasks to queue
[2023-08-09T10:06:57.973+0000] {logging_mixin.py:150} INFO - [2023-08-09T10:06:57.973+0000] {dagbag.py:541} INFO - Filling up the DagBag from /home/airflow/.local/lib/python3.7/site-packages/airflow/example_dags/example_dynamic_task_mapping.py
[2023-08-09T10:06:57.987+0000] {processor.py:836} INFO - DAG(s) dict_keys(['example_dynamic_task_mapping']) retrieved from /home/airflow/.local/lib/python3.7/site-packages/airflow/example_dags/example_dynamic_task_mapping.py
[2023-08-09T10:06:58.036+0000] {logging_mixin.py:150} INFO - [2023-08-09T10:06:58.036+0000] {dag.py:2742} INFO - Sync 1 DAGs
[2023-08-09T10:06:58.069+0000] {logging_mixin.py:150} INFO - [2023-08-09T10:06:58.069+0000] {dag.py:3508} INFO - Setting next_dagrun for example_dynamic_task_mapping to 2022-03-04T00:00:00+00:00, run_after=2022-03-05T00:00:00+00:00
[2023-08-09T10:06:58.103+0000] {processor.py:179} INFO - Processing /home/airflow/.local/lib/python3.7/site-packages/airflow/example_dags/example_dynamic_task_mapping.py took 0.155 seconds
[2023-08-09T10:07:28.525+0000] {processor.py:157} INFO - Started process (PID=335) to work on /home/airflow/.local/lib/python3.7/site-packages/airflow/example_dags/example_dynamic_task_mapping.py
[2023-08-09T10:07:28.640+0000] {processor.py:826} INFO - Processing file /home/airflow/.local/lib/python3.7/site-packages/airflow/example_dags/example_dynamic_task_mapping.py for tasks to queue
[2023-08-09T10:07:28.642+0000] {logging_mixin.py:150} INFO - [2023-08-09T10:07:28.642+0000] {dagbag.py:541} INFO - Filling up the DagBag from /home/airflow/.local/lib/python3.7/site-packages/airflow/example_dags/example_dynamic_task_mapping.py
[2023-08-09T10:07:28.656+0000] {processor.py:836} INFO - DAG(s) dict_keys(['example_dynamic_task_mapping']) retrieved from /home/airflow/.local/lib/python3.7/site-packages/airflow/example_dags/example_dynamic_task_mapping.py
[2023-08-09T10:07:28.682+0000] {logging_mixin.py:150} INFO - [2023-08-09T10:07:28.682+0000] {dag.py:2742} INFO - Sync 1 DAGs
[2023-08-09T10:07:28.716+0000] {logging_mixin.py:150} INFO - [2023-08-09T10:07:28.716+0000] {dag.py:3508} INFO - Setting next_dagrun for example_dynamic_task_mapping to 2022-03-04T00:00:00+00:00, run_after=2022-03-05T00:00:00+00:00
[2023-08-09T10:07:28.750+0000] {processor.py:179} INFO - Processing /home/airflow/.local/lib/python3.7/site-packages/airflow/example_dags/example_dynamic_task_mapping.py took 0.228 seconds
