[2023-08-09T10:04:47.109+0000] {processor.py:157} INFO - Started process (PID=42) to work on /home/airflow/.local/lib/python3.7/site-packages/airflow/example_dags/example_kubernetes_executor.py
[2023-08-09T10:04:47.109+0000] {processor.py:826} INFO - Processing file /home/airflow/.local/lib/python3.7/site-packages/airflow/example_dags/example_kubernetes_executor.py for tasks to queue
[2023-08-09T10:04:47.110+0000] {logging_mixin.py:150} INFO - [2023-08-09T10:04:47.110+0000] {dagbag.py:541} INFO - Filling up the DagBag from /home/airflow/.local/lib/python3.7/site-packages/airflow/example_dags/example_kubernetes_executor.py
[2023-08-09T10:04:52.700+0000] {processor.py:836} INFO - DAG(s) dict_keys(['example_kubernetes_executor']) retrieved from /home/airflow/.local/lib/python3.7/site-packages/airflow/example_dags/example_kubernetes_executor.py
[2023-08-09T10:04:53.694+0000] {logging_mixin.py:150} INFO - [2023-08-09T10:04:53.694+0000] {manager.py:504} INFO - Created Permission View: can read on DAG:example_kubernetes_executor
[2023-08-09T10:04:53.794+0000] {logging_mixin.py:150} INFO - [2023-08-09T10:04:53.794+0000] {manager.py:504} INFO - Created Permission View: can edit on DAG:example_kubernetes_executor
[2023-08-09T10:04:53.940+0000] {logging_mixin.py:150} INFO - [2023-08-09T10:04:53.939+0000] {manager.py:504} INFO - Created Permission View: can delete on DAG:example_kubernetes_executor
[2023-08-09T10:04:53.985+0000] {logging_mixin.py:150} INFO - [2023-08-09T10:04:53.985+0000] {dag.py:2742} INFO - Sync 1 DAGs
[2023-08-09T10:04:54.000+0000] {logging_mixin.py:150} INFO - [2023-08-09T10:04:54.000+0000] {dag.py:2763} INFO - Creating ORM DAG for example_kubernetes_executor
[2023-08-09T10:04:54.014+0000] {logging_mixin.py:150} INFO - [2023-08-09T10:04:54.014+0000] {dag.py:3508} INFO - Setting next_dagrun for example_kubernetes_executor to None, run_after=None
[2023-08-09T10:04:54.124+0000] {processor.py:179} INFO - Processing /home/airflow/.local/lib/python3.7/site-packages/airflow/example_dags/example_kubernetes_executor.py took 7.019 seconds
[2023-08-09T10:05:24.304+0000] {processor.py:157} INFO - Started process (PID=106) to work on /home/airflow/.local/lib/python3.7/site-packages/airflow/example_dags/example_kubernetes_executor.py
[2023-08-09T10:05:24.367+0000] {processor.py:826} INFO - Processing file /home/airflow/.local/lib/python3.7/site-packages/airflow/example_dags/example_kubernetes_executor.py for tasks to queue
[2023-08-09T10:05:24.368+0000] {logging_mixin.py:150} INFO - [2023-08-09T10:05:24.368+0000] {dagbag.py:541} INFO - Filling up the DagBag from /home/airflow/.local/lib/python3.7/site-packages/airflow/example_dags/example_kubernetes_executor.py
[2023-08-09T10:05:24.610+0000] {processor.py:836} INFO - DAG(s) dict_keys(['example_kubernetes_executor']) retrieved from /home/airflow/.local/lib/python3.7/site-packages/airflow/example_dags/example_kubernetes_executor.py
[2023-08-09T10:05:24.658+0000] {logging_mixin.py:150} INFO - [2023-08-09T10:05:24.657+0000] {dag.py:2742} INFO - Sync 1 DAGs
[2023-08-09T10:05:24.686+0000] {logging_mixin.py:150} INFO - [2023-08-09T10:05:24.685+0000] {dag.py:3508} INFO - Setting next_dagrun for example_kubernetes_executor to None, run_after=None
[2023-08-09T10:05:24.808+0000] {processor.py:179} INFO - Processing /home/airflow/.local/lib/python3.7/site-packages/airflow/example_dags/example_kubernetes_executor.py took 0.507 seconds
[2023-08-09T10:05:55.519+0000] {processor.py:157} INFO - Started process (PID=159) to work on /home/airflow/.local/lib/python3.7/site-packages/airflow/example_dags/example_kubernetes_executor.py
[2023-08-09T10:05:55.547+0000] {processor.py:826} INFO - Processing file /home/airflow/.local/lib/python3.7/site-packages/airflow/example_dags/example_kubernetes_executor.py for tasks to queue
[2023-08-09T10:05:55.548+0000] {logging_mixin.py:150} INFO - [2023-08-09T10:05:55.547+0000] {dagbag.py:541} INFO - Filling up the DagBag from /home/airflow/.local/lib/python3.7/site-packages/airflow/example_dags/example_kubernetes_executor.py
[2023-08-09T10:05:55.773+0000] {processor.py:836} INFO - DAG(s) dict_keys(['example_kubernetes_executor']) retrieved from /home/airflow/.local/lib/python3.7/site-packages/airflow/example_dags/example_kubernetes_executor.py
[2023-08-09T10:05:55.810+0000] {logging_mixin.py:150} INFO - [2023-08-09T10:05:55.810+0000] {dag.py:2742} INFO - Sync 1 DAGs
[2023-08-09T10:05:55.840+0000] {logging_mixin.py:150} INFO - [2023-08-09T10:05:55.840+0000] {dag.py:3508} INFO - Setting next_dagrun for example_kubernetes_executor to None, run_after=None
[2023-08-09T10:05:55.875+0000] {processor.py:179} INFO - Processing /home/airflow/.local/lib/python3.7/site-packages/airflow/example_dags/example_kubernetes_executor.py took 0.359 seconds
[2023-08-09T10:06:26.090+0000] {processor.py:157} INFO - Started process (PID=220) to work on /home/airflow/.local/lib/python3.7/site-packages/airflow/example_dags/example_kubernetes_executor.py
[2023-08-09T10:06:26.114+0000] {processor.py:826} INFO - Processing file /home/airflow/.local/lib/python3.7/site-packages/airflow/example_dags/example_kubernetes_executor.py for tasks to queue
[2023-08-09T10:06:26.114+0000] {logging_mixin.py:150} INFO - [2023-08-09T10:06:26.114+0000] {dagbag.py:541} INFO - Filling up the DagBag from /home/airflow/.local/lib/python3.7/site-packages/airflow/example_dags/example_kubernetes_executor.py
[2023-08-09T10:06:26.326+0000] {processor.py:836} INFO - DAG(s) dict_keys(['example_kubernetes_executor']) retrieved from /home/airflow/.local/lib/python3.7/site-packages/airflow/example_dags/example_kubernetes_executor.py
[2023-08-09T10:06:26.362+0000] {logging_mixin.py:150} INFO - [2023-08-09T10:06:26.362+0000] {dag.py:2742} INFO - Sync 1 DAGs
[2023-08-09T10:06:26.387+0000] {logging_mixin.py:150} INFO - [2023-08-09T10:06:26.387+0000] {dag.py:3508} INFO - Setting next_dagrun for example_kubernetes_executor to None, run_after=None
[2023-08-09T10:06:26.425+0000] {processor.py:179} INFO - Processing /home/airflow/.local/lib/python3.7/site-packages/airflow/example_dags/example_kubernetes_executor.py took 0.340 seconds
[2023-08-09T10:06:57.360+0000] {processor.py:157} INFO - Started process (PID=282) to work on /home/airflow/.local/lib/python3.7/site-packages/airflow/example_dags/example_kubernetes_executor.py
[2023-08-09T10:06:57.382+0000] {processor.py:826} INFO - Processing file /home/airflow/.local/lib/python3.7/site-packages/airflow/example_dags/example_kubernetes_executor.py for tasks to queue
[2023-08-09T10:06:57.383+0000] {logging_mixin.py:150} INFO - [2023-08-09T10:06:57.383+0000] {dagbag.py:541} INFO - Filling up the DagBag from /home/airflow/.local/lib/python3.7/site-packages/airflow/example_dags/example_kubernetes_executor.py
[2023-08-09T10:06:57.698+0000] {processor.py:836} INFO - DAG(s) dict_keys(['example_kubernetes_executor']) retrieved from /home/airflow/.local/lib/python3.7/site-packages/airflow/example_dags/example_kubernetes_executor.py
[2023-08-09T10:06:57.810+0000] {logging_mixin.py:150} INFO - [2023-08-09T10:06:57.810+0000] {dag.py:2742} INFO - Sync 1 DAGs
[2023-08-09T10:06:57.839+0000] {logging_mixin.py:150} INFO - [2023-08-09T10:06:57.838+0000] {dag.py:3508} INFO - Setting next_dagrun for example_kubernetes_executor to None, run_after=None
[2023-08-09T10:06:57.928+0000] {processor.py:179} INFO - Processing /home/airflow/.local/lib/python3.7/site-packages/airflow/example_dags/example_kubernetes_executor.py took 0.571 seconds
[2023-08-09T10:07:28.519+0000] {processor.py:157} INFO - Started process (PID=334) to work on /home/airflow/.local/lib/python3.7/site-packages/airflow/example_dags/example_kubernetes_executor.py
[2023-08-09T10:07:28.629+0000] {processor.py:826} INFO - Processing file /home/airflow/.local/lib/python3.7/site-packages/airflow/example_dags/example_kubernetes_executor.py for tasks to queue
[2023-08-09T10:07:28.631+0000] {logging_mixin.py:150} INFO - [2023-08-09T10:07:28.630+0000] {dagbag.py:541} INFO - Filling up the DagBag from /home/airflow/.local/lib/python3.7/site-packages/airflow/example_dags/example_kubernetes_executor.py
[2023-08-09T10:07:28.888+0000] {processor.py:836} INFO - DAG(s) dict_keys(['example_kubernetes_executor']) retrieved from /home/airflow/.local/lib/python3.7/site-packages/airflow/example_dags/example_kubernetes_executor.py
[2023-08-09T10:07:28.927+0000] {logging_mixin.py:150} INFO - [2023-08-09T10:07:28.927+0000] {dag.py:2742} INFO - Sync 1 DAGs
[2023-08-09T10:07:28.956+0000] {logging_mixin.py:150} INFO - [2023-08-09T10:07:28.956+0000] {dag.py:3508} INFO - Setting next_dagrun for example_kubernetes_executor to None, run_after=None
[2023-08-09T10:07:29.017+0000] {processor.py:179} INFO - Processing /home/airflow/.local/lib/python3.7/site-packages/airflow/example_dags/example_kubernetes_executor.py took 0.501 seconds
