[2023-08-09T10:04:48.462+0000] {processor.py:157} INFO - Started process (PID=45) to work on /home/airflow/.local/lib/python3.7/site-packages/airflow/example_dags/example_bash_operator.py
[2023-08-09T10:04:48.463+0000] {processor.py:826} INFO - Processing file /home/airflow/.local/lib/python3.7/site-packages/airflow/example_dags/example_bash_operator.py for tasks to queue
[2023-08-09T10:04:48.464+0000] {logging_mixin.py:150} INFO - [2023-08-09T10:04:48.464+0000] {dagbag.py:541} INFO - Filling up the DagBag from /home/airflow/.local/lib/python3.7/site-packages/airflow/example_dags/example_bash_operator.py
[2023-08-09T10:04:48.497+0000] {processor.py:836} INFO - DAG(s) dict_keys(['example_bash_operator']) retrieved from /home/airflow/.local/lib/python3.7/site-packages/airflow/example_dags/example_bash_operator.py
[2023-08-09T10:04:48.862+0000] {logging_mixin.py:150} INFO - [2023-08-09T10:04:48.861+0000] {manager.py:504} INFO - Created Permission View: can read on DAG:example_bash_operator
[2023-08-09T10:04:48.928+0000] {logging_mixin.py:150} INFO - [2023-08-09T10:04:48.928+0000] {manager.py:504} INFO - Created Permission View: can edit on DAG:example_bash_operator
[2023-08-09T10:04:48.973+0000] {logging_mixin.py:150} INFO - [2023-08-09T10:04:48.972+0000] {manager.py:504} INFO - Created Permission View: can delete on DAG:example_bash_operator
[2023-08-09T10:04:49.013+0000] {logging_mixin.py:150} INFO - [2023-08-09T10:04:49.013+0000] {dag.py:2742} INFO - Sync 1 DAGs
[2023-08-09T10:04:49.043+0000] {logging_mixin.py:150} INFO - [2023-08-09T10:04:49.043+0000] {dag.py:2763} INFO - Creating ORM DAG for example_bash_operator
[2023-08-09T10:04:49.072+0000] {logging_mixin.py:150} INFO - [2023-08-09T10:04:49.071+0000] {dag.py:3508} INFO - Setting next_dagrun for example_bash_operator to 2023-08-08T00:00:00+00:00, run_after=2023-08-09T00:00:00+00:00
[2023-08-09T10:04:49.136+0000] {processor.py:179} INFO - Processing /home/airflow/.local/lib/python3.7/site-packages/airflow/example_dags/example_bash_operator.py took 0.679 seconds
[2023-08-09T10:05:23.763+0000] {processor.py:157} INFO - Started process (PID=104) to work on /home/airflow/.local/lib/python3.7/site-packages/airflow/example_dags/example_bash_operator.py
[2023-08-09T10:05:23.784+0000] {processor.py:826} INFO - Processing file /home/airflow/.local/lib/python3.7/site-packages/airflow/example_dags/example_bash_operator.py for tasks to queue
[2023-08-09T10:05:23.784+0000] {logging_mixin.py:150} INFO - [2023-08-09T10:05:23.784+0000] {dagbag.py:541} INFO - Filling up the DagBag from /home/airflow/.local/lib/python3.7/site-packages/airflow/example_dags/example_bash_operator.py
[2023-08-09T10:05:23.803+0000] {processor.py:836} INFO - DAG(s) dict_keys(['example_bash_operator']) retrieved from /home/airflow/.local/lib/python3.7/site-packages/airflow/example_dags/example_bash_operator.py
[2023-08-09T10:05:23.866+0000] {logging_mixin.py:150} INFO - [2023-08-09T10:05:23.866+0000] {dag.py:2742} INFO - Sync 1 DAGs
[2023-08-09T10:05:23.895+0000] {logging_mixin.py:150} INFO - [2023-08-09T10:05:23.895+0000] {dag.py:3508} INFO - Setting next_dagrun for example_bash_operator to 2023-08-08T00:00:00+00:00, run_after=2023-08-09T00:00:00+00:00
[2023-08-09T10:05:24.040+0000] {processor.py:179} INFO - Processing /home/airflow/.local/lib/python3.7/site-packages/airflow/example_dags/example_bash_operator.py took 0.279 seconds
[2023-08-09T10:05:54.122+0000] {processor.py:157} INFO - Started process (PID=157) to work on /home/airflow/.local/lib/python3.7/site-packages/airflow/example_dags/example_bash_operator.py
[2023-08-09T10:05:54.234+0000] {processor.py:826} INFO - Processing file /home/airflow/.local/lib/python3.7/site-packages/airflow/example_dags/example_bash_operator.py for tasks to queue
[2023-08-09T10:05:54.235+0000] {logging_mixin.py:150} INFO - [2023-08-09T10:05:54.235+0000] {dagbag.py:541} INFO - Filling up the DagBag from /home/airflow/.local/lib/python3.7/site-packages/airflow/example_dags/example_bash_operator.py
[2023-08-09T10:05:54.327+0000] {processor.py:836} INFO - DAG(s) dict_keys(['example_bash_operator']) retrieved from /home/airflow/.local/lib/python3.7/site-packages/airflow/example_dags/example_bash_operator.py
[2023-08-09T10:05:54.378+0000] {logging_mixin.py:150} INFO - [2023-08-09T10:05:54.377+0000] {dag.py:2742} INFO - Sync 1 DAGs
[2023-08-09T10:05:54.412+0000] {logging_mixin.py:150} INFO - [2023-08-09T10:05:54.412+0000] {dag.py:3508} INFO - Setting next_dagrun for example_bash_operator to 2023-08-08T00:00:00+00:00, run_after=2023-08-09T00:00:00+00:00
[2023-08-09T10:05:54.478+0000] {processor.py:179} INFO - Processing /home/airflow/.local/lib/python3.7/site-packages/airflow/example_dags/example_bash_operator.py took 0.359 seconds
[2023-08-09T10:06:24.851+0000] {processor.py:157} INFO - Started process (PID=218) to work on /home/airflow/.local/lib/python3.7/site-packages/airflow/example_dags/example_bash_operator.py
[2023-08-09T10:06:24.870+0000] {processor.py:826} INFO - Processing file /home/airflow/.local/lib/python3.7/site-packages/airflow/example_dags/example_bash_operator.py for tasks to queue
[2023-08-09T10:06:24.872+0000] {logging_mixin.py:150} INFO - [2023-08-09T10:06:24.871+0000] {dagbag.py:541} INFO - Filling up the DagBag from /home/airflow/.local/lib/python3.7/site-packages/airflow/example_dags/example_bash_operator.py
[2023-08-09T10:06:24.904+0000] {processor.py:836} INFO - DAG(s) dict_keys(['example_bash_operator']) retrieved from /home/airflow/.local/lib/python3.7/site-packages/airflow/example_dags/example_bash_operator.py
[2023-08-09T10:06:24.948+0000] {logging_mixin.py:150} INFO - [2023-08-09T10:06:24.947+0000] {dag.py:2742} INFO - Sync 1 DAGs
[2023-08-09T10:06:24.976+0000] {logging_mixin.py:150} INFO - [2023-08-09T10:06:24.975+0000] {dag.py:3508} INFO - Setting next_dagrun for example_bash_operator to 2023-08-08T00:00:00+00:00, run_after=2023-08-09T00:00:00+00:00
[2023-08-09T10:06:25.044+0000] {processor.py:179} INFO - Processing /home/airflow/.local/lib/python3.7/site-packages/airflow/example_dags/example_bash_operator.py took 0.196 seconds
[2023-08-09T10:06:56.710+0000] {processor.py:157} INFO - Started process (PID=278) to work on /home/airflow/.local/lib/python3.7/site-packages/airflow/example_dags/example_bash_operator.py
[2023-08-09T10:06:56.769+0000] {processor.py:826} INFO - Processing file /home/airflow/.local/lib/python3.7/site-packages/airflow/example_dags/example_bash_operator.py for tasks to queue
[2023-08-09T10:06:56.771+0000] {logging_mixin.py:150} INFO - [2023-08-09T10:06:56.770+0000] {dagbag.py:541} INFO - Filling up the DagBag from /home/airflow/.local/lib/python3.7/site-packages/airflow/example_dags/example_bash_operator.py
[2023-08-09T10:06:56.791+0000] {processor.py:836} INFO - DAG(s) dict_keys(['example_bash_operator']) retrieved from /home/airflow/.local/lib/python3.7/site-packages/airflow/example_dags/example_bash_operator.py
[2023-08-09T10:06:56.833+0000] {logging_mixin.py:150} INFO - [2023-08-09T10:06:56.832+0000] {dag.py:2742} INFO - Sync 1 DAGs
[2023-08-09T10:06:56.861+0000] {logging_mixin.py:150} INFO - [2023-08-09T10:06:56.860+0000] {dag.py:3508} INFO - Setting next_dagrun for example_bash_operator to 2023-08-08T00:00:00+00:00, run_after=2023-08-09T00:00:00+00:00
[2023-08-09T10:06:56.987+0000] {processor.py:179} INFO - Processing /home/airflow/.local/lib/python3.7/site-packages/airflow/example_dags/example_bash_operator.py took 0.280 seconds
[2023-08-09T10:07:27.366+0000] {processor.py:157} INFO - Started process (PID=331) to work on /home/airflow/.local/lib/python3.7/site-packages/airflow/example_dags/example_bash_operator.py
[2023-08-09T10:07:27.369+0000] {processor.py:826} INFO - Processing file /home/airflow/.local/lib/python3.7/site-packages/airflow/example_dags/example_bash_operator.py for tasks to queue
[2023-08-09T10:07:27.370+0000] {logging_mixin.py:150} INFO - [2023-08-09T10:07:27.370+0000] {dagbag.py:541} INFO - Filling up the DagBag from /home/airflow/.local/lib/python3.7/site-packages/airflow/example_dags/example_bash_operator.py
[2023-08-09T10:07:27.384+0000] {processor.py:836} INFO - DAG(s) dict_keys(['example_bash_operator']) retrieved from /home/airflow/.local/lib/python3.7/site-packages/airflow/example_dags/example_bash_operator.py
[2023-08-09T10:07:27.424+0000] {logging_mixin.py:150} INFO - [2023-08-09T10:07:27.424+0000] {dag.py:2742} INFO - Sync 1 DAGs
[2023-08-09T10:07:27.452+0000] {logging_mixin.py:150} INFO - [2023-08-09T10:07:27.451+0000] {dag.py:3508} INFO - Setting next_dagrun for example_bash_operator to 2023-08-08T00:00:00+00:00, run_after=2023-08-09T00:00:00+00:00
[2023-08-09T10:07:27.484+0000] {processor.py:179} INFO - Processing /home/airflow/.local/lib/python3.7/site-packages/airflow/example_dags/example_bash_operator.py took 0.120 seconds
