[2023-08-09T10:04:41.918+0000] {processor.py:157} INFO - Started process (PID=32) to work on /home/airflow/.local/lib/python3.7/site-packages/airflow/example_dags/example_branch_datetime_operator.py
[2023-08-09T10:04:41.920+0000] {processor.py:826} INFO - Processing file /home/airflow/.local/lib/python3.7/site-packages/airflow/example_dags/example_branch_datetime_operator.py for tasks to queue
[2023-08-09T10:04:41.923+0000] {logging_mixin.py:150} INFO - [2023-08-09T10:04:41.922+0000] {dagbag.py:541} INFO - Filling up the DagBag from /home/airflow/.local/lib/python3.7/site-packages/airflow/example_dags/example_branch_datetime_operator.py
[2023-08-09T10:04:42.008+0000] {processor.py:836} INFO - DAG(s) dict_keys(['example_branch_datetime_operator', 'example_branch_datetime_operator_2', 'example_branch_datetime_operator_3']) retrieved from /home/airflow/.local/lib/python3.7/site-packages/airflow/example_dags/example_branch_datetime_operator.py
[2023-08-09T10:04:43.295+0000] {logging_mixin.py:150} INFO - [2023-08-09T10:04:43.295+0000] {manager.py:504} INFO - Created Permission View: can read on DAG:example_branch_datetime_operator
[2023-08-09T10:04:43.419+0000] {logging_mixin.py:150} INFO - [2023-08-09T10:04:43.418+0000] {manager.py:504} INFO - Created Permission View: can edit on DAG:example_branch_datetime_operator
[2023-08-09T10:04:43.552+0000] {logging_mixin.py:150} INFO - [2023-08-09T10:04:43.552+0000] {manager.py:504} INFO - Created Permission View: can delete on DAG:example_branch_datetime_operator
[2023-08-09T10:04:43.896+0000] {logging_mixin.py:150} INFO - [2023-08-09T10:04:43.896+0000] {manager.py:504} INFO - Created Permission View: can read on DAG:example_branch_datetime_operator_2
[2023-08-09T10:04:44.019+0000] {logging_mixin.py:150} INFO - [2023-08-09T10:04:44.019+0000] {manager.py:504} INFO - Created Permission View: can edit on DAG:example_branch_datetime_operator_2
[2023-08-09T10:04:44.164+0000] {logging_mixin.py:150} INFO - [2023-08-09T10:04:44.163+0000] {manager.py:504} INFO - Created Permission View: can delete on DAG:example_branch_datetime_operator_2
[2023-08-09T10:04:44.387+0000] {logging_mixin.py:150} INFO - [2023-08-09T10:04:44.386+0000] {manager.py:504} INFO - Created Permission View: can read on DAG:example_branch_datetime_operator_3
[2023-08-09T10:04:44.487+0000] {logging_mixin.py:150} INFO - [2023-08-09T10:04:44.486+0000] {manager.py:504} INFO - Created Permission View: can edit on DAG:example_branch_datetime_operator_3
[2023-08-09T10:04:44.610+0000] {logging_mixin.py:150} INFO - [2023-08-09T10:04:44.609+0000] {manager.py:504} INFO - Created Permission View: can delete on DAG:example_branch_datetime_operator_3
[2023-08-09T10:04:44.625+0000] {logging_mixin.py:150} INFO - [2023-08-09T10:04:44.624+0000] {dag.py:2742} INFO - Sync 3 DAGs
[2023-08-09T10:04:44.644+0000] {logging_mixin.py:150} INFO - [2023-08-09T10:04:44.644+0000] {dag.py:2763} INFO - Creating ORM DAG for example_branch_datetime_operator
[2023-08-09T10:04:44.645+0000] {logging_mixin.py:150} INFO - [2023-08-09T10:04:44.644+0000] {dag.py:2763} INFO - Creating ORM DAG for example_branch_datetime_operator_3
[2023-08-09T10:04:44.645+0000] {logging_mixin.py:150} INFO - [2023-08-09T10:04:44.645+0000] {dag.py:2763} INFO - Creating ORM DAG for example_branch_datetime_operator_2
[2023-08-09T10:04:44.664+0000] {logging_mixin.py:150} INFO - [2023-08-09T10:04:44.664+0000] {dag.py:3508} INFO - Setting next_dagrun for example_branch_datetime_operator to 2023-08-08T00:00:00+00:00, run_after=2023-08-09T00:00:00+00:00
[2023-08-09T10:04:44.667+0000] {logging_mixin.py:150} INFO - [2023-08-09T10:04:44.667+0000] {dag.py:3508} INFO - Setting next_dagrun for example_branch_datetime_operator_2 to 2023-08-08T00:00:00+00:00, run_after=2023-08-09T00:00:00+00:00
[2023-08-09T10:04:44.669+0000] {logging_mixin.py:150} INFO - [2023-08-09T10:04:44.669+0000] {dag.py:3508} INFO - Setting next_dagrun for example_branch_datetime_operator_3 to 2023-08-08T00:00:00+00:00, run_after=2023-08-09T00:00:00+00:00
[2023-08-09T10:04:44.774+0000] {processor.py:179} INFO - Processing /home/airflow/.local/lib/python3.7/site-packages/airflow/example_dags/example_branch_datetime_operator.py took 2.864 seconds
[2023-08-09T10:05:19.832+0000] {processor.py:157} INFO - Started process (PID=85) to work on /home/airflow/.local/lib/python3.7/site-packages/airflow/example_dags/example_branch_datetime_operator.py
[2023-08-09T10:05:19.887+0000] {processor.py:826} INFO - Processing file /home/airflow/.local/lib/python3.7/site-packages/airflow/example_dags/example_branch_datetime_operator.py for tasks to queue
[2023-08-09T10:05:19.888+0000] {logging_mixin.py:150} INFO - [2023-08-09T10:05:19.888+0000] {dagbag.py:541} INFO - Filling up the DagBag from /home/airflow/.local/lib/python3.7/site-packages/airflow/example_dags/example_branch_datetime_operator.py
[2023-08-09T10:05:19.919+0000] {processor.py:836} INFO - DAG(s) dict_keys(['example_branch_datetime_operator_2', 'example_branch_datetime_operator_3', 'example_branch_datetime_operator']) retrieved from /home/airflow/.local/lib/python3.7/site-packages/airflow/example_dags/example_branch_datetime_operator.py
[2023-08-09T10:05:19.964+0000] {logging_mixin.py:150} INFO - [2023-08-09T10:05:19.964+0000] {dag.py:2742} INFO - Sync 3 DAGs
[2023-08-09T10:05:19.992+0000] {logging_mixin.py:150} INFO - [2023-08-09T10:05:19.992+0000] {dag.py:3508} INFO - Setting next_dagrun for example_branch_datetime_operator to 2023-08-08T00:00:00+00:00, run_after=2023-08-09T00:00:00+00:00
[2023-08-09T10:05:19.998+0000] {logging_mixin.py:150} INFO - [2023-08-09T10:05:19.998+0000] {dag.py:3508} INFO - Setting next_dagrun for example_branch_datetime_operator_2 to 2023-08-08T00:00:00+00:00, run_after=2023-08-09T00:00:00+00:00
[2023-08-09T10:05:20.000+0000] {logging_mixin.py:150} INFO - [2023-08-09T10:05:20.000+0000] {dag.py:3508} INFO - Setting next_dagrun for example_branch_datetime_operator_3 to 2023-08-08T00:00:00+00:00, run_after=2023-08-09T00:00:00+00:00
[2023-08-09T10:05:20.129+0000] {processor.py:179} INFO - Processing /home/airflow/.local/lib/python3.7/site-packages/airflow/example_dags/example_branch_datetime_operator.py took 0.300 seconds
[2023-08-09T10:05:51.576+0000] {processor.py:157} INFO - Started process (PID=145) to work on /home/airflow/.local/lib/python3.7/site-packages/airflow/example_dags/example_branch_datetime_operator.py
[2023-08-09T10:05:51.605+0000] {processor.py:826} INFO - Processing file /home/airflow/.local/lib/python3.7/site-packages/airflow/example_dags/example_branch_datetime_operator.py for tasks to queue
[2023-08-09T10:05:51.608+0000] {logging_mixin.py:150} INFO - [2023-08-09T10:05:51.607+0000] {dagbag.py:541} INFO - Filling up the DagBag from /home/airflow/.local/lib/python3.7/site-packages/airflow/example_dags/example_branch_datetime_operator.py
[2023-08-09T10:05:51.634+0000] {processor.py:836} INFO - DAG(s) dict_keys(['example_branch_datetime_operator', 'example_branch_datetime_operator_3', 'example_branch_datetime_operator_2']) retrieved from /home/airflow/.local/lib/python3.7/site-packages/airflow/example_dags/example_branch_datetime_operator.py
[2023-08-09T10:05:51.668+0000] {logging_mixin.py:150} INFO - [2023-08-09T10:05:51.668+0000] {dag.py:2742} INFO - Sync 3 DAGs
[2023-08-09T10:05:51.697+0000] {logging_mixin.py:150} INFO - [2023-08-09T10:05:51.697+0000] {dag.py:3508} INFO - Setting next_dagrun for example_branch_datetime_operator to 2023-08-08T00:00:00+00:00, run_after=2023-08-09T00:00:00+00:00
[2023-08-09T10:05:51.702+0000] {logging_mixin.py:150} INFO - [2023-08-09T10:05:51.702+0000] {dag.py:3508} INFO - Setting next_dagrun for example_branch_datetime_operator_2 to 2023-08-08T00:00:00+00:00, run_after=2023-08-09T00:00:00+00:00
[2023-08-09T10:05:51.705+0000] {logging_mixin.py:150} INFO - [2023-08-09T10:05:51.705+0000] {dag.py:3508} INFO - Setting next_dagrun for example_branch_datetime_operator_3 to 2023-08-08T00:00:00+00:00, run_after=2023-08-09T00:00:00+00:00
[2023-08-09T10:05:51.770+0000] {processor.py:179} INFO - Processing /home/airflow/.local/lib/python3.7/site-packages/airflow/example_dags/example_branch_datetime_operator.py took 0.197 seconds
[2023-08-09T10:06:21.873+0000] {processor.py:157} INFO - Started process (PID=198) to work on /home/airflow/.local/lib/python3.7/site-packages/airflow/example_dags/example_branch_datetime_operator.py
[2023-08-09T10:06:21.899+0000] {processor.py:826} INFO - Processing file /home/airflow/.local/lib/python3.7/site-packages/airflow/example_dags/example_branch_datetime_operator.py for tasks to queue
[2023-08-09T10:06:21.901+0000] {logging_mixin.py:150} INFO - [2023-08-09T10:06:21.900+0000] {dagbag.py:541} INFO - Filling up the DagBag from /home/airflow/.local/lib/python3.7/site-packages/airflow/example_dags/example_branch_datetime_operator.py
[2023-08-09T10:06:21.918+0000] {processor.py:836} INFO - DAG(s) dict_keys(['example_branch_datetime_operator_2', 'example_branch_datetime_operator_3', 'example_branch_datetime_operator']) retrieved from /home/airflow/.local/lib/python3.7/site-packages/airflow/example_dags/example_branch_datetime_operator.py
[2023-08-09T10:06:21.959+0000] {logging_mixin.py:150} INFO - [2023-08-09T10:06:21.959+0000] {dag.py:2742} INFO - Sync 3 DAGs
[2023-08-09T10:06:21.988+0000] {logging_mixin.py:150} INFO - [2023-08-09T10:06:21.988+0000] {dag.py:3508} INFO - Setting next_dagrun for example_branch_datetime_operator to 2023-08-08T00:00:00+00:00, run_after=2023-08-09T00:00:00+00:00
[2023-08-09T10:06:21.993+0000] {logging_mixin.py:150} INFO - [2023-08-09T10:06:21.993+0000] {dag.py:3508} INFO - Setting next_dagrun for example_branch_datetime_operator_2 to 2023-08-08T00:00:00+00:00, run_after=2023-08-09T00:00:00+00:00
[2023-08-09T10:06:21.996+0000] {logging_mixin.py:150} INFO - [2023-08-09T10:06:21.996+0000] {dag.py:3508} INFO - Setting next_dagrun for example_branch_datetime_operator_3 to 2023-08-08T00:00:00+00:00, run_after=2023-08-09T00:00:00+00:00
[2023-08-09T10:06:22.118+0000] {processor.py:179} INFO - Processing /home/airflow/.local/lib/python3.7/site-packages/airflow/example_dags/example_branch_datetime_operator.py took 0.253 seconds
[2023-08-09T10:06:52.173+0000] {processor.py:157} INFO - Started process (PID=251) to work on /home/airflow/.local/lib/python3.7/site-packages/airflow/example_dags/example_branch_datetime_operator.py
[2023-08-09T10:06:52.212+0000] {processor.py:826} INFO - Processing file /home/airflow/.local/lib/python3.7/site-packages/airflow/example_dags/example_branch_datetime_operator.py for tasks to queue
[2023-08-09T10:06:52.213+0000] {logging_mixin.py:150} INFO - [2023-08-09T10:06:52.213+0000] {dagbag.py:541} INFO - Filling up the DagBag from /home/airflow/.local/lib/python3.7/site-packages/airflow/example_dags/example_branch_datetime_operator.py
[2023-08-09T10:06:52.226+0000] {processor.py:836} INFO - DAG(s) dict_keys(['example_branch_datetime_operator', 'example_branch_datetime_operator_2', 'example_branch_datetime_operator_3']) retrieved from /home/airflow/.local/lib/python3.7/site-packages/airflow/example_dags/example_branch_datetime_operator.py
[2023-08-09T10:06:52.257+0000] {logging_mixin.py:150} INFO - [2023-08-09T10:06:52.257+0000] {dag.py:2742} INFO - Sync 3 DAGs
[2023-08-09T10:06:52.292+0000] {logging_mixin.py:150} INFO - [2023-08-09T10:06:52.292+0000] {dag.py:3508} INFO - Setting next_dagrun for example_branch_datetime_operator to 2023-08-08T00:00:00+00:00, run_after=2023-08-09T00:00:00+00:00
[2023-08-09T10:06:52.297+0000] {logging_mixin.py:150} INFO - [2023-08-09T10:06:52.297+0000] {dag.py:3508} INFO - Setting next_dagrun for example_branch_datetime_operator_2 to 2023-08-08T00:00:00+00:00, run_after=2023-08-09T00:00:00+00:00
[2023-08-09T10:06:52.300+0000] {logging_mixin.py:150} INFO - [2023-08-09T10:06:52.300+0000] {dag.py:3508} INFO - Setting next_dagrun for example_branch_datetime_operator_3 to 2023-08-08T00:00:00+00:00, run_after=2023-08-09T00:00:00+00:00
[2023-08-09T10:06:52.334+0000] {processor.py:179} INFO - Processing /home/airflow/.local/lib/python3.7/site-packages/airflow/example_dags/example_branch_datetime_operator.py took 0.164 seconds
[2023-08-09T10:07:23.067+0000] {processor.py:157} INFO - Started process (PID=306) to work on /home/airflow/.local/lib/python3.7/site-packages/airflow/example_dags/example_branch_datetime_operator.py
[2023-08-09T10:07:23.079+0000] {processor.py:826} INFO - Processing file /home/airflow/.local/lib/python3.7/site-packages/airflow/example_dags/example_branch_datetime_operator.py for tasks to queue
[2023-08-09T10:07:23.080+0000] {logging_mixin.py:150} INFO - [2023-08-09T10:07:23.080+0000] {dagbag.py:541} INFO - Filling up the DagBag from /home/airflow/.local/lib/python3.7/site-packages/airflow/example_dags/example_branch_datetime_operator.py
[2023-08-09T10:07:23.095+0000] {processor.py:836} INFO - DAG(s) dict_keys(['example_branch_datetime_operator_3', 'example_branch_datetime_operator', 'example_branch_datetime_operator_2']) retrieved from /home/airflow/.local/lib/python3.7/site-packages/airflow/example_dags/example_branch_datetime_operator.py
[2023-08-09T10:07:23.129+0000] {logging_mixin.py:150} INFO - [2023-08-09T10:07:23.129+0000] {dag.py:2742} INFO - Sync 3 DAGs
[2023-08-09T10:07:23.160+0000] {logging_mixin.py:150} INFO - [2023-08-09T10:07:23.160+0000] {dag.py:3508} INFO - Setting next_dagrun for example_branch_datetime_operator to 2023-08-08T00:00:00+00:00, run_after=2023-08-09T00:00:00+00:00
[2023-08-09T10:07:23.166+0000] {logging_mixin.py:150} INFO - [2023-08-09T10:07:23.166+0000] {dag.py:3508} INFO - Setting next_dagrun for example_branch_datetime_operator_2 to 2023-08-08T00:00:00+00:00, run_after=2023-08-09T00:00:00+00:00
[2023-08-09T10:07:23.169+0000] {logging_mixin.py:150} INFO - [2023-08-09T10:07:23.169+0000] {dag.py:3508} INFO - Setting next_dagrun for example_branch_datetime_operator_3 to 2023-08-08T00:00:00+00:00, run_after=2023-08-09T00:00:00+00:00
[2023-08-09T10:07:23.200+0000] {processor.py:179} INFO - Processing /home/airflow/.local/lib/python3.7/site-packages/airflow/example_dags/example_branch_datetime_operator.py took 0.135 seconds
