[2023-08-09T10:05:13.711+0000] {processor.py:157} INFO - Started process (PID=72) to work on /home/airflow/.local/lib/python3.7/site-packages/airflow/example_dags/example_latest_only.py
[2023-08-09T10:05:13.712+0000] {processor.py:826} INFO - Processing file /home/airflow/.local/lib/python3.7/site-packages/airflow/example_dags/example_latest_only.py for tasks to queue
[2023-08-09T10:05:13.713+0000] {logging_mixin.py:150} INFO - [2023-08-09T10:05:13.712+0000] {dagbag.py:541} INFO - Filling up the DagBag from /home/airflow/.local/lib/python3.7/site-packages/airflow/example_dags/example_latest_only.py
[2023-08-09T10:05:13.719+0000] {processor.py:836} INFO - DAG(s) dict_keys(['latest_only']) retrieved from /home/airflow/.local/lib/python3.7/site-packages/airflow/example_dags/example_latest_only.py
[2023-08-09T10:05:13.915+0000] {logging_mixin.py:150} INFO - [2023-08-09T10:05:13.915+0000] {manager.py:504} INFO - Created Permission View: can read on DAG:latest_only
[2023-08-09T10:05:13.994+0000] {logging_mixin.py:150} INFO - [2023-08-09T10:05:13.993+0000] {manager.py:504} INFO - Created Permission View: can edit on DAG:latest_only
[2023-08-09T10:05:14.038+0000] {logging_mixin.py:150} INFO - [2023-08-09T10:05:14.037+0000] {manager.py:504} INFO - Created Permission View: can delete on DAG:latest_only
[2023-08-09T10:05:14.067+0000] {logging_mixin.py:150} INFO - [2023-08-09T10:05:14.067+0000] {dag.py:2742} INFO - Sync 1 DAGs
[2023-08-09T10:05:14.083+0000] {logging_mixin.py:150} INFO - [2023-08-09T10:05:14.083+0000] {dag.py:2763} INFO - Creating ORM DAG for latest_only
[2023-08-09T10:05:14.097+0000] {logging_mixin.py:150} INFO - [2023-08-09T10:05:14.097+0000] {dag.py:3508} INFO - Setting next_dagrun for latest_only to 2023-08-09T06:05:14.096750+00:00, run_after=2023-08-09T10:05:14.096750+00:00
[2023-08-09T10:05:14.218+0000] {processor.py:179} INFO - Processing /home/airflow/.local/lib/python3.7/site-packages/airflow/example_dags/example_latest_only.py took 0.510 seconds
[2023-08-09T10:05:45.212+0000] {processor.py:157} INFO - Started process (PID=132) to work on /home/airflow/.local/lib/python3.7/site-packages/airflow/example_dags/example_latest_only.py
[2023-08-09T10:05:45.230+0000] {processor.py:826} INFO - Processing file /home/airflow/.local/lib/python3.7/site-packages/airflow/example_dags/example_latest_only.py for tasks to queue
[2023-08-09T10:05:45.231+0000] {logging_mixin.py:150} INFO - [2023-08-09T10:05:45.231+0000] {dagbag.py:541} INFO - Filling up the DagBag from /home/airflow/.local/lib/python3.7/site-packages/airflow/example_dags/example_latest_only.py
[2023-08-09T10:05:45.259+0000] {processor.py:836} INFO - DAG(s) dict_keys(['latest_only']) retrieved from /home/airflow/.local/lib/python3.7/site-packages/airflow/example_dags/example_latest_only.py
[2023-08-09T10:05:45.305+0000] {logging_mixin.py:150} INFO - [2023-08-09T10:05:45.305+0000] {dag.py:2742} INFO - Sync 1 DAGs
[2023-08-09T10:05:45.332+0000] {logging_mixin.py:150} INFO - [2023-08-09T10:05:45.332+0000] {dag.py:3508} INFO - Setting next_dagrun for latest_only to 2023-08-09T06:05:45.332000+00:00, run_after=2023-08-09T10:05:45.332000+00:00
[2023-08-09T10:05:45.438+0000] {processor.py:179} INFO - Processing /home/airflow/.local/lib/python3.7/site-packages/airflow/example_dags/example_latest_only.py took 0.231 seconds
[2023-08-09T10:06:19.927+0000] {processor.py:157} INFO - Started process (PID=185) to work on /home/airflow/.local/lib/python3.7/site-packages/airflow/example_dags/example_latest_only.py
[2023-08-09T10:06:19.945+0000] {processor.py:826} INFO - Processing file /home/airflow/.local/lib/python3.7/site-packages/airflow/example_dags/example_latest_only.py for tasks to queue
[2023-08-09T10:06:19.946+0000] {logging_mixin.py:150} INFO - [2023-08-09T10:06:19.945+0000] {dagbag.py:541} INFO - Filling up the DagBag from /home/airflow/.local/lib/python3.7/site-packages/airflow/example_dags/example_latest_only.py
[2023-08-09T10:06:19.952+0000] {processor.py:836} INFO - DAG(s) dict_keys(['latest_only']) retrieved from /home/airflow/.local/lib/python3.7/site-packages/airflow/example_dags/example_latest_only.py
[2023-08-09T10:06:19.976+0000] {logging_mixin.py:150} INFO - [2023-08-09T10:06:19.976+0000] {dag.py:2742} INFO - Sync 1 DAGs
[2023-08-09T10:06:20.007+0000] {logging_mixin.py:150} INFO - [2023-08-09T10:06:20.007+0000] {dag.py:3508} INFO - Setting next_dagrun for latest_only to 2023-08-09T06:06:20.006854+00:00, run_after=2023-08-09T10:06:20.006854+00:00
[2023-08-09T10:06:20.092+0000] {processor.py:179} INFO - Processing /home/airflow/.local/lib/python3.7/site-packages/airflow/example_dags/example_latest_only.py took 0.168 seconds
[2023-08-09T10:06:51.481+0000] {processor.py:157} INFO - Started process (PID=246) to work on /home/airflow/.local/lib/python3.7/site-packages/airflow/example_dags/example_latest_only.py
[2023-08-09T10:06:51.482+0000] {processor.py:826} INFO - Processing file /home/airflow/.local/lib/python3.7/site-packages/airflow/example_dags/example_latest_only.py for tasks to queue
[2023-08-09T10:06:51.483+0000] {logging_mixin.py:150} INFO - [2023-08-09T10:06:51.482+0000] {dagbag.py:541} INFO - Filling up the DagBag from /home/airflow/.local/lib/python3.7/site-packages/airflow/example_dags/example_latest_only.py
[2023-08-09T10:06:51.487+0000] {processor.py:836} INFO - DAG(s) dict_keys(['latest_only']) retrieved from /home/airflow/.local/lib/python3.7/site-packages/airflow/example_dags/example_latest_only.py
[2023-08-09T10:06:51.508+0000] {logging_mixin.py:150} INFO - [2023-08-09T10:06:51.508+0000] {dag.py:2742} INFO - Sync 1 DAGs
[2023-08-09T10:06:51.535+0000] {logging_mixin.py:150} INFO - [2023-08-09T10:06:51.535+0000] {dag.py:3508} INFO - Setting next_dagrun for latest_only to 2023-08-09T06:06:51.535122+00:00, run_after=2023-08-09T10:06:51.535122+00:00
[2023-08-09T10:06:51.576+0000] {processor.py:179} INFO - Processing /home/airflow/.local/lib/python3.7/site-packages/airflow/example_dags/example_latest_only.py took 0.097 seconds
[2023-08-09T10:07:23.219+0000] {processor.py:157} INFO - Started process (PID=308) to work on /home/airflow/.local/lib/python3.7/site-packages/airflow/example_dags/example_latest_only.py
[2023-08-09T10:07:23.256+0000] {processor.py:826} INFO - Processing file /home/airflow/.local/lib/python3.7/site-packages/airflow/example_dags/example_latest_only.py for tasks to queue
[2023-08-09T10:07:23.257+0000] {logging_mixin.py:150} INFO - [2023-08-09T10:07:23.257+0000] {dagbag.py:541} INFO - Filling up the DagBag from /home/airflow/.local/lib/python3.7/site-packages/airflow/example_dags/example_latest_only.py
[2023-08-09T10:07:23.263+0000] {processor.py:836} INFO - DAG(s) dict_keys(['latest_only']) retrieved from /home/airflow/.local/lib/python3.7/site-packages/airflow/example_dags/example_latest_only.py
[2023-08-09T10:07:23.285+0000] {logging_mixin.py:150} INFO - [2023-08-09T10:07:23.285+0000] {dag.py:2742} INFO - Sync 1 DAGs
[2023-08-09T10:07:23.320+0000] {logging_mixin.py:150} INFO - [2023-08-09T10:07:23.320+0000] {dag.py:3508} INFO - Setting next_dagrun for latest_only to 2023-08-09T06:07:23.320353+00:00, run_after=2023-08-09T10:07:23.320353+00:00
[2023-08-09T10:07:23.356+0000] {processor.py:179} INFO - Processing /home/airflow/.local/lib/python3.7/site-packages/airflow/example_dags/example_latest_only.py took 0.140 seconds
