[2023-08-09T10:05:13.429+0000] {processor.py:157} INFO - Started process (PID=71) to work on /home/airflow/.local/lib/python3.7/site-packages/airflow/example_dags/example_local_kubernetes_executor.py
[2023-08-09T10:05:13.429+0000] {processor.py:826} INFO - Processing file /home/airflow/.local/lib/python3.7/site-packages/airflow/example_dags/example_local_kubernetes_executor.py for tasks to queue
[2023-08-09T10:05:13.431+0000] {logging_mixin.py:150} INFO - [2023-08-09T10:05:13.430+0000] {dagbag.py:541} INFO - Filling up the DagBag from /home/airflow/.local/lib/python3.7/site-packages/airflow/example_dags/example_local_kubernetes_executor.py
[2023-08-09T10:05:16.665+0000] {processor.py:836} INFO - DAG(s) dict_keys(['example_local_kubernetes_executor']) retrieved from /home/airflow/.local/lib/python3.7/site-packages/airflow/example_dags/example_local_kubernetes_executor.py
[2023-08-09T10:05:17.070+0000] {logging_mixin.py:150} INFO - [2023-08-09T10:05:17.069+0000] {manager.py:504} INFO - Created Permission View: can read on DAG:example_local_kubernetes_executor
[2023-08-09T10:05:17.147+0000] {logging_mixin.py:150} INFO - [2023-08-09T10:05:17.147+0000] {manager.py:504} INFO - Created Permission View: can edit on DAG:example_local_kubernetes_executor
[2023-08-09T10:05:17.192+0000] {logging_mixin.py:150} INFO - [2023-08-09T10:05:17.192+0000] {manager.py:504} INFO - Created Permission View: can delete on DAG:example_local_kubernetes_executor
[2023-08-09T10:05:17.230+0000] {logging_mixin.py:150} INFO - [2023-08-09T10:05:17.230+0000] {dag.py:2742} INFO - Sync 1 DAGs
[2023-08-09T10:05:17.246+0000] {logging_mixin.py:150} INFO - [2023-08-09T10:05:17.245+0000] {dag.py:2763} INFO - Creating ORM DAG for example_local_kubernetes_executor
[2023-08-09T10:05:17.257+0000] {logging_mixin.py:150} INFO - [2023-08-09T10:05:17.257+0000] {dag.py:3508} INFO - Setting next_dagrun for example_local_kubernetes_executor to None, run_after=None
[2023-08-09T10:05:17.360+0000] {processor.py:179} INFO - Processing /home/airflow/.local/lib/python3.7/site-packages/airflow/example_dags/example_local_kubernetes_executor.py took 3.937 seconds
[2023-08-09T10:05:47.524+0000] {processor.py:157} INFO - Started process (PID=135) to work on /home/airflow/.local/lib/python3.7/site-packages/airflow/example_dags/example_local_kubernetes_executor.py
[2023-08-09T10:05:47.559+0000] {processor.py:826} INFO - Processing file /home/airflow/.local/lib/python3.7/site-packages/airflow/example_dags/example_local_kubernetes_executor.py for tasks to queue
[2023-08-09T10:05:47.560+0000] {logging_mixin.py:150} INFO - [2023-08-09T10:05:47.560+0000] {dagbag.py:541} INFO - Filling up the DagBag from /home/airflow/.local/lib/python3.7/site-packages/airflow/example_dags/example_local_kubernetes_executor.py
[2023-08-09T10:05:49.445+0000] {processor.py:836} INFO - DAG(s) dict_keys(['example_local_kubernetes_executor']) retrieved from /home/airflow/.local/lib/python3.7/site-packages/airflow/example_dags/example_local_kubernetes_executor.py
[2023-08-09T10:05:49.481+0000] {logging_mixin.py:150} INFO - [2023-08-09T10:05:49.481+0000] {dag.py:2742} INFO - Sync 1 DAGs
[2023-08-09T10:05:49.507+0000] {logging_mixin.py:150} INFO - [2023-08-09T10:05:49.507+0000] {dag.py:3508} INFO - Setting next_dagrun for example_local_kubernetes_executor to None, run_after=None
[2023-08-09T10:05:49.645+0000] {processor.py:179} INFO - Processing /home/airflow/.local/lib/python3.7/site-packages/airflow/example_dags/example_local_kubernetes_executor.py took 2.124 seconds
[2023-08-09T10:06:19.835+0000] {processor.py:157} INFO - Started process (PID=184) to work on /home/airflow/.local/lib/python3.7/site-packages/airflow/example_dags/example_local_kubernetes_executor.py
[2023-08-09T10:06:19.879+0000] {processor.py:826} INFO - Processing file /home/airflow/.local/lib/python3.7/site-packages/airflow/example_dags/example_local_kubernetes_executor.py for tasks to queue
[2023-08-09T10:06:19.881+0000] {logging_mixin.py:150} INFO - [2023-08-09T10:06:19.880+0000] {dagbag.py:541} INFO - Filling up the DagBag from /home/airflow/.local/lib/python3.7/site-packages/airflow/example_dags/example_local_kubernetes_executor.py
[2023-08-09T10:06:20.114+0000] {processor.py:836} INFO - DAG(s) dict_keys(['example_local_kubernetes_executor']) retrieved from /home/airflow/.local/lib/python3.7/site-packages/airflow/example_dags/example_local_kubernetes_executor.py
[2023-08-09T10:06:20.145+0000] {logging_mixin.py:150} INFO - [2023-08-09T10:06:20.145+0000] {dag.py:2742} INFO - Sync 1 DAGs
[2023-08-09T10:06:20.172+0000] {logging_mixin.py:150} INFO - [2023-08-09T10:06:20.172+0000] {dag.py:3508} INFO - Setting next_dagrun for example_local_kubernetes_executor to None, run_after=None
[2023-08-09T10:06:20.258+0000] {processor.py:179} INFO - Processing /home/airflow/.local/lib/python3.7/site-packages/airflow/example_dags/example_local_kubernetes_executor.py took 0.426 seconds
[2023-08-09T10:06:51.461+0000] {processor.py:157} INFO - Started process (PID=245) to work on /home/airflow/.local/lib/python3.7/site-packages/airflow/example_dags/example_local_kubernetes_executor.py
[2023-08-09T10:06:51.476+0000] {processor.py:826} INFO - Processing file /home/airflow/.local/lib/python3.7/site-packages/airflow/example_dags/example_local_kubernetes_executor.py for tasks to queue
[2023-08-09T10:06:51.477+0000] {logging_mixin.py:150} INFO - [2023-08-09T10:06:51.477+0000] {dagbag.py:541} INFO - Filling up the DagBag from /home/airflow/.local/lib/python3.7/site-packages/airflow/example_dags/example_local_kubernetes_executor.py
[2023-08-09T10:06:52.021+0000] {processor.py:836} INFO - DAG(s) dict_keys(['example_local_kubernetes_executor']) retrieved from /home/airflow/.local/lib/python3.7/site-packages/airflow/example_dags/example_local_kubernetes_executor.py
[2023-08-09T10:06:52.055+0000] {logging_mixin.py:150} INFO - [2023-08-09T10:06:52.055+0000] {dag.py:2742} INFO - Sync 1 DAGs
[2023-08-09T10:06:52.082+0000] {logging_mixin.py:150} INFO - [2023-08-09T10:06:52.082+0000] {dag.py:3508} INFO - Setting next_dagrun for example_local_kubernetes_executor to None, run_after=None
[2023-08-09T10:06:52.133+0000] {processor.py:179} INFO - Processing /home/airflow/.local/lib/python3.7/site-packages/airflow/example_dags/example_local_kubernetes_executor.py took 0.674 seconds
[2023-08-09T10:07:23.081+0000] {processor.py:157} INFO - Started process (PID=307) to work on /home/airflow/.local/lib/python3.7/site-packages/airflow/example_dags/example_local_kubernetes_executor.py
[2023-08-09T10:07:23.090+0000] {processor.py:826} INFO - Processing file /home/airflow/.local/lib/python3.7/site-packages/airflow/example_dags/example_local_kubernetes_executor.py for tasks to queue
[2023-08-09T10:07:23.091+0000] {logging_mixin.py:150} INFO - [2023-08-09T10:07:23.091+0000] {dagbag.py:541} INFO - Filling up the DagBag from /home/airflow/.local/lib/python3.7/site-packages/airflow/example_dags/example_local_kubernetes_executor.py
[2023-08-09T10:07:23.345+0000] {processor.py:836} INFO - DAG(s) dict_keys(['example_local_kubernetes_executor']) retrieved from /home/airflow/.local/lib/python3.7/site-packages/airflow/example_dags/example_local_kubernetes_executor.py
[2023-08-09T10:07:23.384+0000] {logging_mixin.py:150} INFO - [2023-08-09T10:07:23.384+0000] {dag.py:2742} INFO - Sync 1 DAGs
[2023-08-09T10:07:23.422+0000] {logging_mixin.py:150} INFO - [2023-08-09T10:07:23.422+0000] {dag.py:3508} INFO - Setting next_dagrun for example_local_kubernetes_executor to None, run_after=None
[2023-08-09T10:07:23.480+0000] {processor.py:179} INFO - Processing /home/airflow/.local/lib/python3.7/site-packages/airflow/example_dags/example_local_kubernetes_executor.py took 0.403 seconds
