[2023-08-09T10:05:17.384+0000] {processor.py:157} INFO - Started process (PID=77) to work on /home/airflow/.local/lib/python3.7/site-packages/airflow/example_dags/example_datasets.py
[2023-08-09T10:05:17.384+0000] {processor.py:826} INFO - Processing file /home/airflow/.local/lib/python3.7/site-packages/airflow/example_dags/example_datasets.py for tasks to queue
[2023-08-09T10:05:17.385+0000] {logging_mixin.py:150} INFO - [2023-08-09T10:05:17.385+0000] {dagbag.py:541} INFO - Filling up the DagBag from /home/airflow/.local/lib/python3.7/site-packages/airflow/example_dags/example_datasets.py
[2023-08-09T10:05:17.395+0000] {processor.py:836} INFO - DAG(s) dict_keys(['dataset_consumes_1', 'dataset_produces_1', 'dataset_consumes_1_never_scheduled', 'dataset_consumes_unknown_never_scheduled', 'dataset_consumes_1_and_2', 'dataset_produces_2']) retrieved from /home/airflow/.local/lib/python3.7/site-packages/airflow/example_dags/example_datasets.py
[2023-08-09T10:05:17.648+0000] {logging_mixin.py:150} INFO - [2023-08-09T10:05:17.648+0000] {manager.py:504} INFO - Created Permission View: can read on DAG:dataset_consumes_1
[2023-08-09T10:05:17.782+0000] {logging_mixin.py:150} INFO - [2023-08-09T10:05:17.782+0000] {manager.py:504} INFO - Created Permission View: can edit on DAG:dataset_consumes_1
[2023-08-09T10:05:17.982+0000] {logging_mixin.py:150} INFO - [2023-08-09T10:05:17.982+0000] {manager.py:504} INFO - Created Permission View: can delete on DAG:dataset_consumes_1
[2023-08-09T10:05:18.161+0000] {logging_mixin.py:150} INFO - [2023-08-09T10:05:18.160+0000] {manager.py:504} INFO - Created Permission View: can read on DAG:dataset_produces_1
[2023-08-09T10:05:18.224+0000] {logging_mixin.py:150} INFO - [2023-08-09T10:05:18.223+0000] {manager.py:504} INFO - Created Permission View: can edit on DAG:dataset_produces_1
[2023-08-09T10:05:18.302+0000] {logging_mixin.py:150} INFO - [2023-08-09T10:05:18.301+0000] {manager.py:504} INFO - Created Permission View: can delete on DAG:dataset_produces_1
[2023-08-09T10:05:18.427+0000] {logging_mixin.py:150} INFO - [2023-08-09T10:05:18.427+0000] {manager.py:504} INFO - Created Permission View: can read on DAG:dataset_consumes_1_never_scheduled
[2023-08-09T10:05:18.461+0000] {logging_mixin.py:150} INFO - [2023-08-09T10:05:18.461+0000] {manager.py:504} INFO - Created Permission View: can edit on DAG:dataset_consumes_1_never_scheduled
[2023-08-09T10:05:18.506+0000] {logging_mixin.py:150} INFO - [2023-08-09T10:05:18.506+0000] {manager.py:504} INFO - Created Permission View: can delete on DAG:dataset_consumes_1_never_scheduled
[2023-08-09T10:05:18.640+0000] {logging_mixin.py:150} INFO - [2023-08-09T10:05:18.639+0000] {manager.py:504} INFO - Created Permission View: can read on DAG:dataset_consumes_unknown_never_scheduled
[2023-08-09T10:05:18.714+0000] {logging_mixin.py:150} INFO - [2023-08-09T10:05:18.714+0000] {manager.py:504} INFO - Created Permission View: can edit on DAG:dataset_consumes_unknown_never_scheduled
[2023-08-09T10:05:18.848+0000] {logging_mixin.py:150} INFO - [2023-08-09T10:05:18.848+0000] {manager.py:504} INFO - Created Permission View: can delete on DAG:dataset_consumes_unknown_never_scheduled
[2023-08-09T10:05:18.937+0000] {logging_mixin.py:150} INFO - [2023-08-09T10:05:18.937+0000] {manager.py:504} INFO - Created Permission View: can read on DAG:dataset_consumes_1_and_2
[2023-08-09T10:05:19.015+0000] {logging_mixin.py:150} INFO - [2023-08-09T10:05:19.015+0000] {manager.py:504} INFO - Created Permission View: can edit on DAG:dataset_consumes_1_and_2
[2023-08-09T10:05:19.104+0000] {logging_mixin.py:150} INFO - [2023-08-09T10:05:19.104+0000] {manager.py:504} INFO - Created Permission View: can delete on DAG:dataset_consumes_1_and_2
[2023-08-09T10:05:19.228+0000] {logging_mixin.py:150} INFO - [2023-08-09T10:05:19.227+0000] {manager.py:504} INFO - Created Permission View: can read on DAG:dataset_produces_2
[2023-08-09T10:05:19.294+0000] {logging_mixin.py:150} INFO - [2023-08-09T10:05:19.294+0000] {manager.py:504} INFO - Created Permission View: can edit on DAG:dataset_produces_2
[2023-08-09T10:05:19.384+0000] {logging_mixin.py:150} INFO - [2023-08-09T10:05:19.383+0000] {manager.py:504} INFO - Created Permission View: can delete on DAG:dataset_produces_2
[2023-08-09T10:05:19.402+0000] {logging_mixin.py:150} INFO - [2023-08-09T10:05:19.401+0000] {dag.py:2742} INFO - Sync 6 DAGs
[2023-08-09T10:05:19.427+0000] {logging_mixin.py:150} INFO - [2023-08-09T10:05:19.427+0000] {dag.py:2763} INFO - Creating ORM DAG for dataset_produces_1
[2023-08-09T10:05:19.428+0000] {logging_mixin.py:150} INFO - [2023-08-09T10:05:19.427+0000] {dag.py:2763} INFO - Creating ORM DAG for dataset_consumes_1_and_2
[2023-08-09T10:05:19.428+0000] {logging_mixin.py:150} INFO - [2023-08-09T10:05:19.428+0000] {dag.py:2763} INFO - Creating ORM DAG for dataset_consumes_1
[2023-08-09T10:05:19.429+0000] {logging_mixin.py:150} INFO - [2023-08-09T10:05:19.429+0000] {dag.py:2763} INFO - Creating ORM DAG for dataset_produces_2
[2023-08-09T10:05:19.429+0000] {logging_mixin.py:150} INFO - [2023-08-09T10:05:19.429+0000] {dag.py:2763} INFO - Creating ORM DAG for dataset_consumes_unknown_never_scheduled
[2023-08-09T10:05:19.430+0000] {logging_mixin.py:150} INFO - [2023-08-09T10:05:19.430+0000] {dag.py:2763} INFO - Creating ORM DAG for dataset_consumes_1_never_scheduled
[2023-08-09T10:05:19.444+0000] {logging_mixin.py:150} INFO - [2023-08-09T10:05:19.444+0000] {dag.py:3508} INFO - Setting next_dagrun for dataset_consumes_1 to None, run_after=None
[2023-08-09T10:05:19.444+0000] {logging_mixin.py:150} INFO - [2023-08-09T10:05:19.444+0000] {dag.py:3508} INFO - Setting next_dagrun for dataset_consumes_1_and_2 to None, run_after=None
[2023-08-09T10:05:19.445+0000] {logging_mixin.py:150} INFO - [2023-08-09T10:05:19.445+0000] {dag.py:3508} INFO - Setting next_dagrun for dataset_consumes_1_never_scheduled to None, run_after=None
[2023-08-09T10:05:19.445+0000] {logging_mixin.py:150} INFO - [2023-08-09T10:05:19.445+0000] {dag.py:3508} INFO - Setting next_dagrun for dataset_consumes_unknown_never_scheduled to None, run_after=None
[2023-08-09T10:05:19.448+0000] {logging_mixin.py:150} INFO - [2023-08-09T10:05:19.447+0000] {dag.py:3508} INFO - Setting next_dagrun for dataset_produces_1 to 2023-08-08T00:00:00+00:00, run_after=2023-08-09T00:00:00+00:00
[2023-08-09T10:05:19.448+0000] {logging_mixin.py:150} INFO - [2023-08-09T10:05:19.448+0000] {dag.py:3508} INFO - Setting next_dagrun for dataset_produces_2 to None, run_after=None
[2023-08-09T10:05:19.783+0000] {processor.py:179} INFO - Processing /home/airflow/.local/lib/python3.7/site-packages/airflow/example_dags/example_datasets.py took 2.402 seconds
[2023-08-09T10:05:50.355+0000] {processor.py:157} INFO - Started process (PID=138) to work on /home/airflow/.local/lib/python3.7/site-packages/airflow/example_dags/example_datasets.py
[2023-08-09T10:05:50.449+0000] {processor.py:826} INFO - Processing file /home/airflow/.local/lib/python3.7/site-packages/airflow/example_dags/example_datasets.py for tasks to queue
[2023-08-09T10:05:50.450+0000] {logging_mixin.py:150} INFO - [2023-08-09T10:05:50.450+0000] {dagbag.py:541} INFO - Filling up the DagBag from /home/airflow/.local/lib/python3.7/site-packages/airflow/example_dags/example_datasets.py
[2023-08-09T10:05:50.541+0000] {processor.py:836} INFO - DAG(s) dict_keys(['dataset_consumes_1_never_scheduled', 'dataset_consumes_1', 'dataset_consumes_unknown_never_scheduled', 'dataset_produces_2', 'dataset_produces_1', 'dataset_consumes_1_and_2']) retrieved from /home/airflow/.local/lib/python3.7/site-packages/airflow/example_dags/example_datasets.py
[2023-08-09T10:05:50.597+0000] {logging_mixin.py:150} INFO - [2023-08-09T10:05:50.597+0000] {dag.py:2742} INFO - Sync 6 DAGs
[2023-08-09T10:05:50.626+0000] {logging_mixin.py:150} INFO - [2023-08-09T10:05:50.626+0000] {dag.py:3508} INFO - Setting next_dagrun for dataset_consumes_1 to None, run_after=None
[2023-08-09T10:05:50.630+0000] {logging_mixin.py:150} INFO - [2023-08-09T10:05:50.630+0000] {dag.py:3508} INFO - Setting next_dagrun for dataset_consumes_1_and_2 to None, run_after=None
[2023-08-09T10:05:50.631+0000] {logging_mixin.py:150} INFO - [2023-08-09T10:05:50.631+0000] {dag.py:3508} INFO - Setting next_dagrun for dataset_consumes_1_never_scheduled to None, run_after=None
[2023-08-09T10:05:50.632+0000] {logging_mixin.py:150} INFO - [2023-08-09T10:05:50.632+0000] {dag.py:3508} INFO - Setting next_dagrun for dataset_consumes_unknown_never_scheduled to None, run_after=None
[2023-08-09T10:05:50.635+0000] {logging_mixin.py:150} INFO - [2023-08-09T10:05:50.635+0000] {dag.py:3508} INFO - Setting next_dagrun for dataset_produces_1 to 2023-08-08T00:00:00+00:00, run_after=2023-08-09T00:00:00+00:00
[2023-08-09T10:05:50.637+0000] {logging_mixin.py:150} INFO - [2023-08-09T10:05:50.637+0000] {dag.py:3508} INFO - Setting next_dagrun for dataset_produces_2 to None, run_after=None
[2023-08-09T10:05:50.876+0000] {processor.py:179} INFO - Processing /home/airflow/.local/lib/python3.7/site-packages/airflow/example_dags/example_datasets.py took 0.525 seconds
[2023-08-09T10:06:22.138+0000] {processor.py:157} INFO - Started process (PID=199) to work on /home/airflow/.local/lib/python3.7/site-packages/airflow/example_dags/example_datasets.py
[2023-08-09T10:06:22.154+0000] {processor.py:826} INFO - Processing file /home/airflow/.local/lib/python3.7/site-packages/airflow/example_dags/example_datasets.py for tasks to queue
[2023-08-09T10:06:22.155+0000] {logging_mixin.py:150} INFO - [2023-08-09T10:06:22.154+0000] {dagbag.py:541} INFO - Filling up the DagBag from /home/airflow/.local/lib/python3.7/site-packages/airflow/example_dags/example_datasets.py
[2023-08-09T10:06:22.163+0000] {processor.py:836} INFO - DAG(s) dict_keys(['dataset_consumes_1', 'dataset_consumes_1_never_scheduled', 'dataset_consumes_1_and_2', 'dataset_consumes_unknown_never_scheduled', 'dataset_produces_2', 'dataset_produces_1']) retrieved from /home/airflow/.local/lib/python3.7/site-packages/airflow/example_dags/example_datasets.py
[2023-08-09T10:06:22.202+0000] {logging_mixin.py:150} INFO - [2023-08-09T10:06:22.202+0000] {dag.py:2742} INFO - Sync 6 DAGs
[2023-08-09T10:06:22.237+0000] {logging_mixin.py:150} INFO - [2023-08-09T10:06:22.237+0000] {dag.py:3508} INFO - Setting next_dagrun for dataset_consumes_1 to None, run_after=None
[2023-08-09T10:06:22.243+0000] {logging_mixin.py:150} INFO - [2023-08-09T10:06:22.243+0000] {dag.py:3508} INFO - Setting next_dagrun for dataset_consumes_1_and_2 to None, run_after=None
[2023-08-09T10:06:22.245+0000] {logging_mixin.py:150} INFO - [2023-08-09T10:06:22.244+0000] {dag.py:3508} INFO - Setting next_dagrun for dataset_consumes_1_never_scheduled to None, run_after=None
[2023-08-09T10:06:22.246+0000] {logging_mixin.py:150} INFO - [2023-08-09T10:06:22.246+0000] {dag.py:3508} INFO - Setting next_dagrun for dataset_consumes_unknown_never_scheduled to None, run_after=None
[2023-08-09T10:06:22.249+0000] {logging_mixin.py:150} INFO - [2023-08-09T10:06:22.249+0000] {dag.py:3508} INFO - Setting next_dagrun for dataset_produces_1 to 2023-08-08T00:00:00+00:00, run_after=2023-08-09T00:00:00+00:00
[2023-08-09T10:06:22.251+0000] {logging_mixin.py:150} INFO - [2023-08-09T10:06:22.250+0000] {dag.py:3508} INFO - Setting next_dagrun for dataset_produces_2 to None, run_after=None
[2023-08-09T10:06:22.399+0000] {processor.py:179} INFO - Processing /home/airflow/.local/lib/python3.7/site-packages/airflow/example_dags/example_datasets.py took 0.263 seconds
[2023-08-09T10:06:53.394+0000] {processor.py:157} INFO - Started process (PID=252) to work on /home/airflow/.local/lib/python3.7/site-packages/airflow/example_dags/example_datasets.py
[2023-08-09T10:06:53.489+0000] {processor.py:826} INFO - Processing file /home/airflow/.local/lib/python3.7/site-packages/airflow/example_dags/example_datasets.py for tasks to queue
[2023-08-09T10:06:53.676+0000] {logging_mixin.py:150} INFO - [2023-08-09T10:06:53.675+0000] {dagbag.py:541} INFO - Filling up the DagBag from /home/airflow/.local/lib/python3.7/site-packages/airflow/example_dags/example_datasets.py
[2023-08-09T10:06:53.706+0000] {processor.py:836} INFO - DAG(s) dict_keys(['dataset_consumes_1', 'dataset_consumes_1_never_scheduled', 'dataset_produces_2', 'dataset_consumes_1_and_2', 'dataset_produces_1', 'dataset_consumes_unknown_never_scheduled']) retrieved from /home/airflow/.local/lib/python3.7/site-packages/airflow/example_dags/example_datasets.py
[2023-08-09T10:06:53.757+0000] {logging_mixin.py:150} INFO - [2023-08-09T10:06:53.757+0000] {dag.py:2742} INFO - Sync 6 DAGs
[2023-08-09T10:06:53.877+0000] {logging_mixin.py:150} INFO - [2023-08-09T10:06:53.876+0000] {dag.py:3508} INFO - Setting next_dagrun for dataset_consumes_1 to None, run_after=None
[2023-08-09T10:06:53.889+0000] {logging_mixin.py:150} INFO - [2023-08-09T10:06:53.889+0000] {dag.py:3508} INFO - Setting next_dagrun for dataset_consumes_1_and_2 to None, run_after=None
[2023-08-09T10:06:53.892+0000] {logging_mixin.py:150} INFO - [2023-08-09T10:06:53.892+0000] {dag.py:3508} INFO - Setting next_dagrun for dataset_consumes_1_never_scheduled to None, run_after=None
[2023-08-09T10:06:53.894+0000] {logging_mixin.py:150} INFO - [2023-08-09T10:06:53.894+0000] {dag.py:3508} INFO - Setting next_dagrun for dataset_consumes_unknown_never_scheduled to None, run_after=None
[2023-08-09T10:06:53.899+0000] {logging_mixin.py:150} INFO - [2023-08-09T10:06:53.899+0000] {dag.py:3508} INFO - Setting next_dagrun for dataset_produces_1 to 2023-08-08T00:00:00+00:00, run_after=2023-08-09T00:00:00+00:00
[2023-08-09T10:06:53.901+0000] {logging_mixin.py:150} INFO - [2023-08-09T10:06:53.901+0000] {dag.py:3508} INFO - Setting next_dagrun for dataset_produces_2 to None, run_after=None
[2023-08-09T10:06:54.610+0000] {processor.py:179} INFO - Processing /home/airflow/.local/lib/python3.7/site-packages/airflow/example_dags/example_datasets.py took 1.235 seconds
[2023-08-09T10:07:24.793+0000] {processor.py:157} INFO - Started process (PID=313) to work on /home/airflow/.local/lib/python3.7/site-packages/airflow/example_dags/example_datasets.py
[2023-08-09T10:07:24.830+0000] {processor.py:826} INFO - Processing file /home/airflow/.local/lib/python3.7/site-packages/airflow/example_dags/example_datasets.py for tasks to queue
[2023-08-09T10:07:24.831+0000] {logging_mixin.py:150} INFO - [2023-08-09T10:07:24.831+0000] {dagbag.py:541} INFO - Filling up the DagBag from /home/airflow/.local/lib/python3.7/site-packages/airflow/example_dags/example_datasets.py
[2023-08-09T10:07:24.839+0000] {processor.py:836} INFO - DAG(s) dict_keys(['dataset_consumes_1_never_scheduled', 'dataset_consumes_1', 'dataset_produces_1', 'dataset_produces_2', 'dataset_consumes_unknown_never_scheduled', 'dataset_consumes_1_and_2']) retrieved from /home/airflow/.local/lib/python3.7/site-packages/airflow/example_dags/example_datasets.py
[2023-08-09T10:07:24.879+0000] {logging_mixin.py:150} INFO - [2023-08-09T10:07:24.879+0000] {dag.py:2742} INFO - Sync 6 DAGs
[2023-08-09T10:07:24.907+0000] {logging_mixin.py:150} INFO - [2023-08-09T10:07:24.906+0000] {dag.py:3508} INFO - Setting next_dagrun for dataset_consumes_1 to None, run_after=None
[2023-08-09T10:07:24.910+0000] {logging_mixin.py:150} INFO - [2023-08-09T10:07:24.910+0000] {dag.py:3508} INFO - Setting next_dagrun for dataset_consumes_1_and_2 to None, run_after=None
[2023-08-09T10:07:24.912+0000] {logging_mixin.py:150} INFO - [2023-08-09T10:07:24.912+0000] {dag.py:3508} INFO - Setting next_dagrun for dataset_consumes_1_never_scheduled to None, run_after=None
[2023-08-09T10:07:24.913+0000] {logging_mixin.py:150} INFO - [2023-08-09T10:07:24.913+0000] {dag.py:3508} INFO - Setting next_dagrun for dataset_consumes_unknown_never_scheduled to None, run_after=None
[2023-08-09T10:07:24.916+0000] {logging_mixin.py:150} INFO - [2023-08-09T10:07:24.915+0000] {dag.py:3508} INFO - Setting next_dagrun for dataset_produces_1 to 2023-08-08T00:00:00+00:00, run_after=2023-08-09T00:00:00+00:00
[2023-08-09T10:07:24.917+0000] {logging_mixin.py:150} INFO - [2023-08-09T10:07:24.917+0000] {dag.py:3508} INFO - Setting next_dagrun for dataset_produces_2 to None, run_after=None
[2023-08-09T10:07:24.969+0000] {processor.py:179} INFO - Processing /home/airflow/.local/lib/python3.7/site-packages/airflow/example_dags/example_datasets.py took 0.179 seconds
