[2023-08-09T10:05:10.840+0000] {processor.py:157} INFO - Started process (PID=65) to work on /home/airflow/.local/lib/python3.7/site-packages/airflow/example_dags/example_dynamic_task_mapping_with_no_taskflow_operators.py
[2023-08-09T10:05:10.841+0000] {processor.py:826} INFO - Processing file /home/airflow/.local/lib/python3.7/site-packages/airflow/example_dags/example_dynamic_task_mapping_with_no_taskflow_operators.py for tasks to queue
[2023-08-09T10:05:10.842+0000] {logging_mixin.py:150} INFO - [2023-08-09T10:05:10.841+0000] {dagbag.py:541} INFO - Filling up the DagBag from /home/airflow/.local/lib/python3.7/site-packages/airflow/example_dags/example_dynamic_task_mapping_with_no_taskflow_operators.py
[2023-08-09T10:05:10.850+0000] {processor.py:836} INFO - DAG(s) dict_keys(['example_dynamic_task_mapping_with_no_taskflow_operators']) retrieved from /home/airflow/.local/lib/python3.7/site-packages/airflow/example_dags/example_dynamic_task_mapping_with_no_taskflow_operators.py
[2023-08-09T10:05:11.063+0000] {logging_mixin.py:150} INFO - [2023-08-09T10:05:11.062+0000] {manager.py:504} INFO - Created Permission View: can read on DAG:example_dynamic_task_mapping_with_no_taskflow_operators
[2023-08-09T10:05:11.218+0000] {logging_mixin.py:150} INFO - [2023-08-09T10:05:11.217+0000] {manager.py:504} INFO - Created Permission View: can edit on DAG:example_dynamic_task_mapping_with_no_taskflow_operators
[2023-08-09T10:05:11.271+0000] {logging_mixin.py:150} INFO - [2023-08-09T10:05:11.270+0000] {manager.py:504} INFO - Created Permission View: can delete on DAG:example_dynamic_task_mapping_with_no_taskflow_operators
[2023-08-09T10:05:11.353+0000] {logging_mixin.py:150} INFO - [2023-08-09T10:05:11.352+0000] {dag.py:2742} INFO - Sync 1 DAGs
[2023-08-09T10:05:11.383+0000] {logging_mixin.py:150} INFO - [2023-08-09T10:05:11.383+0000] {dag.py:2763} INFO - Creating ORM DAG for example_dynamic_task_mapping_with_no_taskflow_operators
[2023-08-09T10:05:11.400+0000] {logging_mixin.py:150} INFO - [2023-08-09T10:05:11.400+0000] {dag.py:3508} INFO - Setting next_dagrun for example_dynamic_task_mapping_with_no_taskflow_operators to 2023-08-08T10:05:11.399888+00:00, run_after=2023-08-09T10:05:11.399888+00:00
[2023-08-09T10:05:11.459+0000] {processor.py:179} INFO - Processing /home/airflow/.local/lib/python3.7/site-packages/airflow/example_dags/example_dynamic_task_mapping_with_no_taskflow_operators.py took 0.621 seconds
[2023-08-09T10:05:43.305+0000] {processor.py:157} INFO - Started process (PID=126) to work on /home/airflow/.local/lib/python3.7/site-packages/airflow/example_dags/example_dynamic_task_mapping_with_no_taskflow_operators.py
[2023-08-09T10:05:43.332+0000] {processor.py:826} INFO - Processing file /home/airflow/.local/lib/python3.7/site-packages/airflow/example_dags/example_dynamic_task_mapping_with_no_taskflow_operators.py for tasks to queue
[2023-08-09T10:05:43.334+0000] {logging_mixin.py:150} INFO - [2023-08-09T10:05:43.333+0000] {dagbag.py:541} INFO - Filling up the DagBag from /home/airflow/.local/lib/python3.7/site-packages/airflow/example_dags/example_dynamic_task_mapping_with_no_taskflow_operators.py
[2023-08-09T10:05:43.353+0000] {processor.py:836} INFO - DAG(s) dict_keys(['example_dynamic_task_mapping_with_no_taskflow_operators']) retrieved from /home/airflow/.local/lib/python3.7/site-packages/airflow/example_dags/example_dynamic_task_mapping_with_no_taskflow_operators.py
[2023-08-09T10:05:43.387+0000] {logging_mixin.py:150} INFO - [2023-08-09T10:05:43.387+0000] {dag.py:2742} INFO - Sync 1 DAGs
[2023-08-09T10:05:43.414+0000] {logging_mixin.py:150} INFO - [2023-08-09T10:05:43.414+0000] {dag.py:3508} INFO - Setting next_dagrun for example_dynamic_task_mapping_with_no_taskflow_operators to 2023-08-08T10:05:43.413919+00:00, run_after=2023-08-09T10:05:43.413919+00:00
[2023-08-09T10:05:43.481+0000] {processor.py:179} INFO - Processing /home/airflow/.local/lib/python3.7/site-packages/airflow/example_dags/example_dynamic_task_mapping_with_no_taskflow_operators.py took 0.179 seconds
[2023-08-09T10:06:19.090+0000] {processor.py:157} INFO - Started process (PID=178) to work on /home/airflow/.local/lib/python3.7/site-packages/airflow/example_dags/example_dynamic_task_mapping_with_no_taskflow_operators.py
[2023-08-09T10:06:19.257+0000] {processor.py:826} INFO - Processing file /home/airflow/.local/lib/python3.7/site-packages/airflow/example_dags/example_dynamic_task_mapping_with_no_taskflow_operators.py for tasks to queue
[2023-08-09T10:06:19.260+0000] {logging_mixin.py:150} INFO - [2023-08-09T10:06:19.259+0000] {dagbag.py:541} INFO - Filling up the DagBag from /home/airflow/.local/lib/python3.7/site-packages/airflow/example_dags/example_dynamic_task_mapping_with_no_taskflow_operators.py
[2023-08-09T10:06:19.270+0000] {processor.py:836} INFO - DAG(s) dict_keys(['example_dynamic_task_mapping_with_no_taskflow_operators']) retrieved from /home/airflow/.local/lib/python3.7/site-packages/airflow/example_dags/example_dynamic_task_mapping_with_no_taskflow_operators.py
[2023-08-09T10:06:19.294+0000] {logging_mixin.py:150} INFO - [2023-08-09T10:06:19.293+0000] {dag.py:2742} INFO - Sync 1 DAGs
[2023-08-09T10:06:19.320+0000] {logging_mixin.py:150} INFO - [2023-08-09T10:06:19.320+0000] {dag.py:3508} INFO - Setting next_dagrun for example_dynamic_task_mapping_with_no_taskflow_operators to 2023-08-08T10:06:19.320521+00:00, run_after=2023-08-09T10:06:19.320521+00:00
[2023-08-09T10:06:19.391+0000] {processor.py:179} INFO - Processing /home/airflow/.local/lib/python3.7/site-packages/airflow/example_dags/example_dynamic_task_mapping_with_no_taskflow_operators.py took 0.305 seconds
[2023-08-09T10:06:50.834+0000] {processor.py:157} INFO - Started process (PID=239) to work on /home/airflow/.local/lib/python3.7/site-packages/airflow/example_dags/example_dynamic_task_mapping_with_no_taskflow_operators.py
[2023-08-09T10:06:50.869+0000] {processor.py:826} INFO - Processing file /home/airflow/.local/lib/python3.7/site-packages/airflow/example_dags/example_dynamic_task_mapping_with_no_taskflow_operators.py for tasks to queue
[2023-08-09T10:06:50.870+0000] {logging_mixin.py:150} INFO - [2023-08-09T10:06:50.870+0000] {dagbag.py:541} INFO - Filling up the DagBag from /home/airflow/.local/lib/python3.7/site-packages/airflow/example_dags/example_dynamic_task_mapping_with_no_taskflow_operators.py
[2023-08-09T10:06:50.879+0000] {processor.py:836} INFO - DAG(s) dict_keys(['example_dynamic_task_mapping_with_no_taskflow_operators']) retrieved from /home/airflow/.local/lib/python3.7/site-packages/airflow/example_dags/example_dynamic_task_mapping_with_no_taskflow_operators.py
[2023-08-09T10:06:50.906+0000] {logging_mixin.py:150} INFO - [2023-08-09T10:06:50.906+0000] {dag.py:2742} INFO - Sync 1 DAGs
[2023-08-09T10:06:50.937+0000] {logging_mixin.py:150} INFO - [2023-08-09T10:06:50.937+0000] {dag.py:3508} INFO - Setting next_dagrun for example_dynamic_task_mapping_with_no_taskflow_operators to 2023-08-08T10:06:50.936788+00:00, run_after=2023-08-09T10:06:50.936788+00:00
[2023-08-09T10:06:50.984+0000] {processor.py:179} INFO - Processing /home/airflow/.local/lib/python3.7/site-packages/airflow/example_dags/example_dynamic_task_mapping_with_no_taskflow_operators.py took 0.152 seconds
[2023-08-09T10:07:22.443+0000] {processor.py:157} INFO - Started process (PID=300) to work on /home/airflow/.local/lib/python3.7/site-packages/airflow/example_dags/example_dynamic_task_mapping_with_no_taskflow_operators.py
[2023-08-09T10:07:22.456+0000] {processor.py:826} INFO - Processing file /home/airflow/.local/lib/python3.7/site-packages/airflow/example_dags/example_dynamic_task_mapping_with_no_taskflow_operators.py for tasks to queue
[2023-08-09T10:07:22.457+0000] {logging_mixin.py:150} INFO - [2023-08-09T10:07:22.456+0000] {dagbag.py:541} INFO - Filling up the DagBag from /home/airflow/.local/lib/python3.7/site-packages/airflow/example_dags/example_dynamic_task_mapping_with_no_taskflow_operators.py
[2023-08-09T10:07:22.464+0000] {processor.py:836} INFO - DAG(s) dict_keys(['example_dynamic_task_mapping_with_no_taskflow_operators']) retrieved from /home/airflow/.local/lib/python3.7/site-packages/airflow/example_dags/example_dynamic_task_mapping_with_no_taskflow_operators.py
[2023-08-09T10:07:22.488+0000] {logging_mixin.py:150} INFO - [2023-08-09T10:07:22.488+0000] {dag.py:2742} INFO - Sync 1 DAGs
[2023-08-09T10:07:22.520+0000] {logging_mixin.py:150} INFO - [2023-08-09T10:07:22.520+0000] {dag.py:3508} INFO - Setting next_dagrun for example_dynamic_task_mapping_with_no_taskflow_operators to 2023-08-08T10:07:22.520059+00:00, run_after=2023-08-09T10:07:22.520059+00:00
[2023-08-09T10:07:22.551+0000] {processor.py:179} INFO - Processing /home/airflow/.local/lib/python3.7/site-packages/airflow/example_dags/example_dynamic_task_mapping_with_no_taskflow_operators.py took 0.112 seconds
