[2023-08-09T10:05:12.314+0000] {processor.py:157} INFO - Started process (PID=68) to work on /home/airflow/.local/lib/python3.7/site-packages/airflow/example_dags/example_dag_decorator.py
[2023-08-09T10:05:12.315+0000] {processor.py:826} INFO - Processing file /home/airflow/.local/lib/python3.7/site-packages/airflow/example_dags/example_dag_decorator.py for tasks to queue
[2023-08-09T10:05:12.316+0000] {logging_mixin.py:150} INFO - [2023-08-09T10:05:12.315+0000] {dagbag.py:541} INFO - Filling up the DagBag from /home/airflow/.local/lib/python3.7/site-packages/airflow/example_dags/example_dag_decorator.py
[2023-08-09T10:05:12.331+0000] {processor.py:836} INFO - DAG(s) dict_keys(['example_dag_decorator']) retrieved from /home/airflow/.local/lib/python3.7/site-packages/airflow/example_dags/example_dag_decorator.py
[2023-08-09T10:05:12.702+0000] {logging_mixin.py:150} INFO - [2023-08-09T10:05:12.701+0000] {manager.py:504} INFO - Created Permission View: can read on DAG:example_dag_decorator
[2023-08-09T10:05:12.882+0000] {logging_mixin.py:150} INFO - [2023-08-09T10:05:12.881+0000] {manager.py:504} INFO - Created Permission View: can edit on DAG:example_dag_decorator
[2023-08-09T10:05:13.002+0000] {logging_mixin.py:150} INFO - [2023-08-09T10:05:13.001+0000] {manager.py:504} INFO - Created Permission View: can delete on DAG:example_dag_decorator
[2023-08-09T10:05:13.042+0000] {logging_mixin.py:150} INFO - [2023-08-09T10:05:13.042+0000] {dag.py:2742} INFO - Sync 1 DAGs
[2023-08-09T10:05:13.057+0000] {logging_mixin.py:150} INFO - [2023-08-09T10:05:13.057+0000] {dag.py:2763} INFO - Creating ORM DAG for example_dag_decorator
[2023-08-09T10:05:13.069+0000] {logging_mixin.py:150} INFO - [2023-08-09T10:05:13.069+0000] {dag.py:3508} INFO - Setting next_dagrun for example_dag_decorator to None, run_after=None
[2023-08-09T10:05:13.320+0000] {processor.py:179} INFO - Processing /home/airflow/.local/lib/python3.7/site-packages/airflow/example_dags/example_dag_decorator.py took 1.008 seconds
[2023-08-09T10:05:44.326+0000] {processor.py:157} INFO - Started process (PID=129) to work on /home/airflow/.local/lib/python3.7/site-packages/airflow/example_dags/example_dag_decorator.py
[2023-08-09T10:05:44.359+0000] {processor.py:826} INFO - Processing file /home/airflow/.local/lib/python3.7/site-packages/airflow/example_dags/example_dag_decorator.py for tasks to queue
[2023-08-09T10:05:44.361+0000] {logging_mixin.py:150} INFO - [2023-08-09T10:05:44.361+0000] {dagbag.py:541} INFO - Filling up the DagBag from /home/airflow/.local/lib/python3.7/site-packages/airflow/example_dags/example_dag_decorator.py
[2023-08-09T10:05:44.426+0000] {processor.py:836} INFO - DAG(s) dict_keys(['example_dag_decorator']) retrieved from /home/airflow/.local/lib/python3.7/site-packages/airflow/example_dags/example_dag_decorator.py
[2023-08-09T10:05:44.557+0000] {logging_mixin.py:150} INFO - [2023-08-09T10:05:44.557+0000] {dag.py:2742} INFO - Sync 1 DAGs
[2023-08-09T10:05:44.583+0000] {logging_mixin.py:150} INFO - [2023-08-09T10:05:44.582+0000] {dag.py:3508} INFO - Setting next_dagrun for example_dag_decorator to None, run_after=None
[2023-08-09T10:05:44.677+0000] {processor.py:179} INFO - Processing /home/airflow/.local/lib/python3.7/site-packages/airflow/example_dags/example_dag_decorator.py took 0.354 seconds
[2023-08-09T10:06:19.451+0000] {processor.py:157} INFO - Started process (PID=181) to work on /home/airflow/.local/lib/python3.7/site-packages/airflow/example_dags/example_dag_decorator.py
[2023-08-09T10:06:19.534+0000] {processor.py:826} INFO - Processing file /home/airflow/.local/lib/python3.7/site-packages/airflow/example_dags/example_dag_decorator.py for tasks to queue
[2023-08-09T10:06:19.535+0000] {logging_mixin.py:150} INFO - [2023-08-09T10:06:19.534+0000] {dagbag.py:541} INFO - Filling up the DagBag from /home/airflow/.local/lib/python3.7/site-packages/airflow/example_dags/example_dag_decorator.py
[2023-08-09T10:06:19.550+0000] {processor.py:836} INFO - DAG(s) dict_keys(['example_dag_decorator']) retrieved from /home/airflow/.local/lib/python3.7/site-packages/airflow/example_dags/example_dag_decorator.py
[2023-08-09T10:06:19.745+0000] {logging_mixin.py:150} INFO - [2023-08-09T10:06:19.745+0000] {dag.py:2742} INFO - Sync 1 DAGs
[2023-08-09T10:06:19.770+0000] {logging_mixin.py:150} INFO - [2023-08-09T10:06:19.770+0000] {dag.py:3508} INFO - Setting next_dagrun for example_dag_decorator to None, run_after=None
[2023-08-09T10:06:19.902+0000] {processor.py:179} INFO - Processing /home/airflow/.local/lib/python3.7/site-packages/airflow/example_dags/example_dag_decorator.py took 0.454 seconds
[2023-08-09T10:06:51.203+0000] {processor.py:157} INFO - Started process (PID=242) to work on /home/airflow/.local/lib/python3.7/site-packages/airflow/example_dags/example_dag_decorator.py
[2023-08-09T10:06:51.221+0000] {processor.py:826} INFO - Processing file /home/airflow/.local/lib/python3.7/site-packages/airflow/example_dags/example_dag_decorator.py for tasks to queue
[2023-08-09T10:06:51.221+0000] {logging_mixin.py:150} INFO - [2023-08-09T10:06:51.221+0000] {dagbag.py:541} INFO - Filling up the DagBag from /home/airflow/.local/lib/python3.7/site-packages/airflow/example_dags/example_dag_decorator.py
[2023-08-09T10:06:51.233+0000] {processor.py:836} INFO - DAG(s) dict_keys(['example_dag_decorator']) retrieved from /home/airflow/.local/lib/python3.7/site-packages/airflow/example_dags/example_dag_decorator.py
[2023-08-09T10:06:51.373+0000] {logging_mixin.py:150} INFO - [2023-08-09T10:06:51.373+0000] {dag.py:2742} INFO - Sync 1 DAGs
[2023-08-09T10:06:51.399+0000] {logging_mixin.py:150} INFO - [2023-08-09T10:06:51.399+0000] {dag.py:3508} INFO - Setting next_dagrun for example_dag_decorator to None, run_after=None
[2023-08-09T10:06:51.444+0000] {processor.py:179} INFO - Processing /home/airflow/.local/lib/python3.7/site-packages/airflow/example_dags/example_dag_decorator.py took 0.243 seconds
[2023-08-09T10:07:22.732+0000] {processor.py:157} INFO - Started process (PID=303) to work on /home/airflow/.local/lib/python3.7/site-packages/airflow/example_dags/example_dag_decorator.py
[2023-08-09T10:07:22.745+0000] {processor.py:826} INFO - Processing file /home/airflow/.local/lib/python3.7/site-packages/airflow/example_dags/example_dag_decorator.py for tasks to queue
[2023-08-09T10:07:22.746+0000] {logging_mixin.py:150} INFO - [2023-08-09T10:07:22.745+0000] {dagbag.py:541} INFO - Filling up the DagBag from /home/airflow/.local/lib/python3.7/site-packages/airflow/example_dags/example_dag_decorator.py
[2023-08-09T10:07:22.762+0000] {processor.py:836} INFO - DAG(s) dict_keys(['example_dag_decorator']) retrieved from /home/airflow/.local/lib/python3.7/site-packages/airflow/example_dags/example_dag_decorator.py
[2023-08-09T10:07:22.978+0000] {logging_mixin.py:150} INFO - [2023-08-09T10:07:22.978+0000] {dag.py:2742} INFO - Sync 1 DAGs
[2023-08-09T10:07:23.010+0000] {logging_mixin.py:150} INFO - [2023-08-09T10:07:23.010+0000] {dag.py:3508} INFO - Setting next_dagrun for example_dag_decorator to None, run_after=None
[2023-08-09T10:07:23.046+0000] {processor.py:179} INFO - Processing /home/airflow/.local/lib/python3.7/site-packages/airflow/example_dags/example_dag_decorator.py took 0.317 seconds
