[2023-08-09T10:05:17.515+0000] {processor.py:157} INFO - Started process (PID=78) to work on /home/airflow/.local/lib/python3.7/site-packages/airflow/example_dags/example_external_task_marker_dag.py
[2023-08-09T10:05:17.515+0000] {processor.py:826} INFO - Processing file /home/airflow/.local/lib/python3.7/site-packages/airflow/example_dags/example_external_task_marker_dag.py for tasks to queue
[2023-08-09T10:05:17.516+0000] {logging_mixin.py:150} INFO - [2023-08-09T10:05:17.516+0000] {dagbag.py:541} INFO - Filling up the DagBag from /home/airflow/.local/lib/python3.7/site-packages/airflow/example_dags/example_external_task_marker_dag.py
[2023-08-09T10:05:17.522+0000] {processor.py:836} INFO - DAG(s) dict_keys(['example_external_task_marker_parent', 'example_external_task_marker_child']) retrieved from /home/airflow/.local/lib/python3.7/site-packages/airflow/example_dags/example_external_task_marker_dag.py
[2023-08-09T10:05:17.849+0000] {logging_mixin.py:150} INFO - [2023-08-09T10:05:17.849+0000] {manager.py:504} INFO - Created Permission View: can read on DAG:example_external_task_marker_parent
[2023-08-09T10:05:17.993+0000] {logging_mixin.py:150} INFO - [2023-08-09T10:05:17.993+0000] {manager.py:504} INFO - Created Permission View: can edit on DAG:example_external_task_marker_parent
[2023-08-09T10:05:18.061+0000] {logging_mixin.py:150} INFO - [2023-08-09T10:05:18.060+0000] {manager.py:504} INFO - Created Permission View: can delete on DAG:example_external_task_marker_parent
[2023-08-09T10:05:18.206+0000] {logging_mixin.py:150} INFO - [2023-08-09T10:05:18.205+0000] {manager.py:504} INFO - Created Permission View: can read on DAG:example_external_task_marker_child
[2023-08-09T10:05:18.283+0000] {logging_mixin.py:150} INFO - [2023-08-09T10:05:18.283+0000] {manager.py:504} INFO - Created Permission View: can edit on DAG:example_external_task_marker_child
[2023-08-09T10:05:18.312+0000] {logging_mixin.py:150} INFO - [2023-08-09T10:05:18.312+0000] {manager.py:504} INFO - Created Permission View: can delete on DAG:example_external_task_marker_child
[2023-08-09T10:05:18.328+0000] {logging_mixin.py:150} INFO - [2023-08-09T10:05:18.328+0000] {dag.py:2742} INFO - Sync 2 DAGs
[2023-08-09T10:05:18.344+0000] {logging_mixin.py:150} INFO - [2023-08-09T10:05:18.344+0000] {dag.py:2763} INFO - Creating ORM DAG for example_external_task_marker_child
[2023-08-09T10:05:18.345+0000] {logging_mixin.py:150} INFO - [2023-08-09T10:05:18.345+0000] {dag.py:2763} INFO - Creating ORM DAG for example_external_task_marker_parent
[2023-08-09T10:05:18.356+0000] {logging_mixin.py:150} INFO - [2023-08-09T10:05:18.356+0000] {dag.py:3508} INFO - Setting next_dagrun for example_external_task_marker_child to None, run_after=None
[2023-08-09T10:05:18.357+0000] {logging_mixin.py:150} INFO - [2023-08-09T10:05:18.357+0000] {dag.py:3508} INFO - Setting next_dagrun for example_external_task_marker_parent to None, run_after=None
[2023-08-09T10:05:18.404+0000] {processor.py:179} INFO - Processing /home/airflow/.local/lib/python3.7/site-packages/airflow/example_dags/example_external_task_marker_dag.py took 0.892 seconds
[2023-08-09T10:05:50.568+0000] {processor.py:157} INFO - Started process (PID=139) to work on /home/airflow/.local/lib/python3.7/site-packages/airflow/example_dags/example_external_task_marker_dag.py
[2023-08-09T10:05:50.626+0000] {processor.py:826} INFO - Processing file /home/airflow/.local/lib/python3.7/site-packages/airflow/example_dags/example_external_task_marker_dag.py for tasks to queue
[2023-08-09T10:05:50.626+0000] {logging_mixin.py:150} INFO - [2023-08-09T10:05:50.626+0000] {dagbag.py:541} INFO - Filling up the DagBag from /home/airflow/.local/lib/python3.7/site-packages/airflow/example_dags/example_external_task_marker_dag.py
[2023-08-09T10:05:50.646+0000] {processor.py:836} INFO - DAG(s) dict_keys(['example_external_task_marker_child', 'example_external_task_marker_parent']) retrieved from /home/airflow/.local/lib/python3.7/site-packages/airflow/example_dags/example_external_task_marker_dag.py
[2023-08-09T10:05:50.676+0000] {logging_mixin.py:150} INFO - [2023-08-09T10:05:50.676+0000] {dag.py:2742} INFO - Sync 2 DAGs
[2023-08-09T10:05:50.702+0000] {logging_mixin.py:150} INFO - [2023-08-09T10:05:50.702+0000] {dag.py:3508} INFO - Setting next_dagrun for example_external_task_marker_child to None, run_after=None
[2023-08-09T10:05:50.706+0000] {logging_mixin.py:150} INFO - [2023-08-09T10:05:50.706+0000] {dag.py:3508} INFO - Setting next_dagrun for example_external_task_marker_parent to None, run_after=None
[2023-08-09T10:05:50.876+0000] {processor.py:179} INFO - Processing /home/airflow/.local/lib/python3.7/site-packages/airflow/example_dags/example_external_task_marker_dag.py took 0.312 seconds
[2023-08-09T10:06:22.415+0000] {processor.py:157} INFO - Started process (PID=200) to work on /home/airflow/.local/lib/python3.7/site-packages/airflow/example_dags/example_external_task_marker_dag.py
[2023-08-09T10:06:22.543+0000] {processor.py:826} INFO - Processing file /home/airflow/.local/lib/python3.7/site-packages/airflow/example_dags/example_external_task_marker_dag.py for tasks to queue
[2023-08-09T10:06:22.543+0000] {logging_mixin.py:150} INFO - [2023-08-09T10:06:22.543+0000] {dagbag.py:541} INFO - Filling up the DagBag from /home/airflow/.local/lib/python3.7/site-packages/airflow/example_dags/example_external_task_marker_dag.py
[2023-08-09T10:06:22.548+0000] {processor.py:836} INFO - DAG(s) dict_keys(['example_external_task_marker_parent', 'example_external_task_marker_child']) retrieved from /home/airflow/.local/lib/python3.7/site-packages/airflow/example_dags/example_external_task_marker_dag.py
[2023-08-09T10:06:22.575+0000] {logging_mixin.py:150} INFO - [2023-08-09T10:06:22.574+0000] {dag.py:2742} INFO - Sync 2 DAGs
[2023-08-09T10:06:22.604+0000] {logging_mixin.py:150} INFO - [2023-08-09T10:06:22.604+0000] {dag.py:3508} INFO - Setting next_dagrun for example_external_task_marker_child to None, run_after=None
[2023-08-09T10:06:22.608+0000] {logging_mixin.py:150} INFO - [2023-08-09T10:06:22.608+0000] {dag.py:3508} INFO - Setting next_dagrun for example_external_task_marker_parent to None, run_after=None
[2023-08-09T10:06:22.666+0000] {processor.py:179} INFO - Processing /home/airflow/.local/lib/python3.7/site-packages/airflow/example_dags/example_external_task_marker_dag.py took 0.253 seconds
[2023-08-09T10:06:53.405+0000] {processor.py:157} INFO - Started process (PID=253) to work on /home/airflow/.local/lib/python3.7/site-packages/airflow/example_dags/example_external_task_marker_dag.py
[2023-08-09T10:06:53.490+0000] {processor.py:826} INFO - Processing file /home/airflow/.local/lib/python3.7/site-packages/airflow/example_dags/example_external_task_marker_dag.py for tasks to queue
[2023-08-09T10:06:53.721+0000] {logging_mixin.py:150} INFO - [2023-08-09T10:06:53.720+0000] {dagbag.py:541} INFO - Filling up the DagBag from /home/airflow/.local/lib/python3.7/site-packages/airflow/example_dags/example_external_task_marker_dag.py
[2023-08-09T10:06:53.728+0000] {processor.py:836} INFO - DAG(s) dict_keys(['example_external_task_marker_child', 'example_external_task_marker_parent']) retrieved from /home/airflow/.local/lib/python3.7/site-packages/airflow/example_dags/example_external_task_marker_dag.py
[2023-08-09T10:06:53.755+0000] {logging_mixin.py:150} INFO - [2023-08-09T10:06:53.754+0000] {dag.py:2742} INFO - Sync 2 DAGs
[2023-08-09T10:06:53.877+0000] {logging_mixin.py:150} INFO - [2023-08-09T10:06:53.876+0000] {dag.py:3508} INFO - Setting next_dagrun for example_external_task_marker_child to None, run_after=None
[2023-08-09T10:06:53.888+0000] {logging_mixin.py:150} INFO - [2023-08-09T10:06:53.887+0000] {dag.py:3508} INFO - Setting next_dagrun for example_external_task_marker_parent to None, run_after=None
[2023-08-09T10:06:54.564+0000] {processor.py:179} INFO - Processing /home/airflow/.local/lib/python3.7/site-packages/airflow/example_dags/example_external_task_marker_dag.py took 1.168 seconds
[2023-08-09T10:07:24.798+0000] {processor.py:157} INFO - Started process (PID=314) to work on /home/airflow/.local/lib/python3.7/site-packages/airflow/example_dags/example_external_task_marker_dag.py
[2023-08-09T10:07:24.841+0000] {processor.py:826} INFO - Processing file /home/airflow/.local/lib/python3.7/site-packages/airflow/example_dags/example_external_task_marker_dag.py for tasks to queue
[2023-08-09T10:07:24.842+0000] {logging_mixin.py:150} INFO - [2023-08-09T10:07:24.842+0000] {dagbag.py:541} INFO - Filling up the DagBag from /home/airflow/.local/lib/python3.7/site-packages/airflow/example_dags/example_external_task_marker_dag.py
[2023-08-09T10:07:24.847+0000] {processor.py:836} INFO - DAG(s) dict_keys(['example_external_task_marker_parent', 'example_external_task_marker_child']) retrieved from /home/airflow/.local/lib/python3.7/site-packages/airflow/example_dags/example_external_task_marker_dag.py
[2023-08-09T10:07:24.872+0000] {logging_mixin.py:150} INFO - [2023-08-09T10:07:24.872+0000] {dag.py:2742} INFO - Sync 2 DAGs
[2023-08-09T10:07:24.899+0000] {logging_mixin.py:150} INFO - [2023-08-09T10:07:24.899+0000] {dag.py:3508} INFO - Setting next_dagrun for example_external_task_marker_child to None, run_after=None
[2023-08-09T10:07:24.903+0000] {logging_mixin.py:150} INFO - [2023-08-09T10:07:24.903+0000] {dag.py:3508} INFO - Setting next_dagrun for example_external_task_marker_parent to None, run_after=None
[2023-08-09T10:07:24.925+0000] {processor.py:179} INFO - Processing /home/airflow/.local/lib/python3.7/site-packages/airflow/example_dags/example_external_task_marker_dag.py took 0.129 seconds
