[2023-08-09T10:05:14.448+0000] {processor.py:157} INFO - Started process (PID=73) to work on /home/airflow/.local/lib/python3.7/site-packages/airflow/example_dags/example_sensors.py
[2023-08-09T10:05:14.448+0000] {processor.py:826} INFO - Processing file /home/airflow/.local/lib/python3.7/site-packages/airflow/example_dags/example_sensors.py for tasks to queue
[2023-08-09T10:05:14.449+0000] {logging_mixin.py:150} INFO - [2023-08-09T10:05:14.449+0000] {dagbag.py:541} INFO - Filling up the DagBag from /home/airflow/.local/lib/python3.7/site-packages/airflow/example_dags/example_sensors.py
[2023-08-09T10:05:14.460+0000] {processor.py:836} INFO - DAG(s) dict_keys(['example_sensors']) retrieved from /home/airflow/.local/lib/python3.7/site-packages/airflow/example_dags/example_sensors.py
[2023-08-09T10:05:14.676+0000] {logging_mixin.py:150} INFO - [2023-08-09T10:05:14.676+0000] {manager.py:504} INFO - Created Permission View: can read on DAG:example_sensors
[2023-08-09T10:05:14.807+0000] {logging_mixin.py:150} INFO - [2023-08-09T10:05:14.806+0000] {manager.py:504} INFO - Created Permission View: can edit on DAG:example_sensors
[2023-08-09T10:05:14.907+0000] {logging_mixin.py:150} INFO - [2023-08-09T10:05:14.906+0000] {manager.py:504} INFO - Created Permission View: can delete on DAG:example_sensors
[2023-08-09T10:05:14.951+0000] {logging_mixin.py:150} INFO - [2023-08-09T10:05:14.951+0000] {dag.py:2742} INFO - Sync 1 DAGs
[2023-08-09T10:05:14.966+0000] {logging_mixin.py:150} INFO - [2023-08-09T10:05:14.965+0000] {dag.py:2763} INFO - Creating ORM DAG for example_sensors
[2023-08-09T10:05:14.979+0000] {logging_mixin.py:150} INFO - [2023-08-09T10:05:14.978+0000] {dag.py:3508} INFO - Setting next_dagrun for example_sensors to None, run_after=None
[2023-08-09T10:05:15.027+0000] {processor.py:179} INFO - Processing /home/airflow/.local/lib/python3.7/site-packages/airflow/example_dags/example_sensors.py took 0.582 seconds
[2023-08-09T10:05:45.493+0000] {processor.py:157} INFO - Started process (PID=133) to work on /home/airflow/.local/lib/python3.7/site-packages/airflow/example_dags/example_sensors.py
[2023-08-09T10:05:45.585+0000] {processor.py:826} INFO - Processing file /home/airflow/.local/lib/python3.7/site-packages/airflow/example_dags/example_sensors.py for tasks to queue
[2023-08-09T10:05:45.588+0000] {logging_mixin.py:150} INFO - [2023-08-09T10:05:45.587+0000] {dagbag.py:541} INFO - Filling up the DagBag from /home/airflow/.local/lib/python3.7/site-packages/airflow/example_dags/example_sensors.py
[2023-08-09T10:05:45.717+0000] {processor.py:836} INFO - DAG(s) dict_keys(['example_sensors']) retrieved from /home/airflow/.local/lib/python3.7/site-packages/airflow/example_dags/example_sensors.py
[2023-08-09T10:05:45.750+0000] {logging_mixin.py:150} INFO - [2023-08-09T10:05:45.750+0000] {dag.py:2742} INFO - Sync 1 DAGs
[2023-08-09T10:05:45.777+0000] {logging_mixin.py:150} INFO - [2023-08-09T10:05:45.777+0000] {dag.py:3508} INFO - Setting next_dagrun for example_sensors to None, run_after=None
[2023-08-09T10:05:45.872+0000] {processor.py:179} INFO - Processing /home/airflow/.local/lib/python3.7/site-packages/airflow/example_dags/example_sensors.py took 0.388 seconds
[2023-08-09T10:06:20.112+0000] {processor.py:157} INFO - Started process (PID=186) to work on /home/airflow/.local/lib/python3.7/site-packages/airflow/example_dags/example_sensors.py
[2023-08-09T10:06:20.223+0000] {processor.py:826} INFO - Processing file /home/airflow/.local/lib/python3.7/site-packages/airflow/example_dags/example_sensors.py for tasks to queue
[2023-08-09T10:06:20.226+0000] {logging_mixin.py:150} INFO - [2023-08-09T10:06:20.225+0000] {dagbag.py:541} INFO - Filling up the DagBag from /home/airflow/.local/lib/python3.7/site-packages/airflow/example_dags/example_sensors.py
[2023-08-09T10:06:20.244+0000] {processor.py:836} INFO - DAG(s) dict_keys(['example_sensors']) retrieved from /home/airflow/.local/lib/python3.7/site-packages/airflow/example_dags/example_sensors.py
[2023-08-09T10:06:20.276+0000] {logging_mixin.py:150} INFO - [2023-08-09T10:06:20.276+0000] {dag.py:2742} INFO - Sync 1 DAGs
[2023-08-09T10:06:20.302+0000] {logging_mixin.py:150} INFO - [2023-08-09T10:06:20.302+0000] {dag.py:3508} INFO - Setting next_dagrun for example_sensors to None, run_after=None
[2023-08-09T10:06:20.418+0000] {processor.py:179} INFO - Processing /home/airflow/.local/lib/python3.7/site-packages/airflow/example_dags/example_sensors.py took 0.309 seconds
[2023-08-09T10:06:51.593+0000] {processor.py:157} INFO - Started process (PID=247) to work on /home/airflow/.local/lib/python3.7/site-packages/airflow/example_dags/example_sensors.py
[2023-08-09T10:06:51.599+0000] {processor.py:826} INFO - Processing file /home/airflow/.local/lib/python3.7/site-packages/airflow/example_dags/example_sensors.py for tasks to queue
[2023-08-09T10:06:51.599+0000] {logging_mixin.py:150} INFO - [2023-08-09T10:06:51.599+0000] {dagbag.py:541} INFO - Filling up the DagBag from /home/airflow/.local/lib/python3.7/site-packages/airflow/example_dags/example_sensors.py
[2023-08-09T10:06:51.608+0000] {processor.py:836} INFO - DAG(s) dict_keys(['example_sensors']) retrieved from /home/airflow/.local/lib/python3.7/site-packages/airflow/example_dags/example_sensors.py
[2023-08-09T10:06:51.636+0000] {logging_mixin.py:150} INFO - [2023-08-09T10:06:51.636+0000] {dag.py:2742} INFO - Sync 1 DAGs
[2023-08-09T10:06:51.662+0000] {logging_mixin.py:150} INFO - [2023-08-09T10:06:51.662+0000] {dag.py:3508} INFO - Setting next_dagrun for example_sensors to None, run_after=None
[2023-08-09T10:06:51.780+0000] {processor.py:179} INFO - Processing /home/airflow/.local/lib/python3.7/site-packages/airflow/example_dags/example_sensors.py took 0.189 seconds
[2023-08-09T10:07:23.375+0000] {processor.py:157} INFO - Started process (PID=309) to work on /home/airflow/.local/lib/python3.7/site-packages/airflow/example_dags/example_sensors.py
[2023-08-09T10:07:23.434+0000] {processor.py:826} INFO - Processing file /home/airflow/.local/lib/python3.7/site-packages/airflow/example_dags/example_sensors.py for tasks to queue
[2023-08-09T10:07:23.435+0000] {logging_mixin.py:150} INFO - [2023-08-09T10:07:23.434+0000] {dagbag.py:541} INFO - Filling up the DagBag from /home/airflow/.local/lib/python3.7/site-packages/airflow/example_dags/example_sensors.py
[2023-08-09T10:07:23.445+0000] {processor.py:836} INFO - DAG(s) dict_keys(['example_sensors']) retrieved from /home/airflow/.local/lib/python3.7/site-packages/airflow/example_dags/example_sensors.py
[2023-08-09T10:07:23.479+0000] {logging_mixin.py:150} INFO - [2023-08-09T10:07:23.478+0000] {dag.py:2742} INFO - Sync 1 DAGs
[2023-08-09T10:07:23.517+0000] {logging_mixin.py:150} INFO - [2023-08-09T10:07:23.517+0000] {dag.py:3508} INFO - Setting next_dagrun for example_sensors to None, run_after=None
[2023-08-09T10:07:23.581+0000] {processor.py:179} INFO - Processing /home/airflow/.local/lib/python3.7/site-packages/airflow/example_dags/example_sensors.py took 0.209 seconds
