[2023-08-09T10:04:50.523+0000] {processor.py:157} INFO - Started process (PID=49) to work on /home/airflow/.local/lib/python3.7/site-packages/airflow/example_dags/example_branch_day_of_week_operator.py
[2023-08-09T10:04:50.524+0000] {processor.py:826} INFO - Processing file /home/airflow/.local/lib/python3.7/site-packages/airflow/example_dags/example_branch_day_of_week_operator.py for tasks to queue
[2023-08-09T10:04:50.525+0000] {logging_mixin.py:150} INFO - [2023-08-09T10:04:50.525+0000] {dagbag.py:541} INFO - Filling up the DagBag from /home/airflow/.local/lib/python3.7/site-packages/airflow/example_dags/example_branch_day_of_week_operator.py
[2023-08-09T10:04:50.543+0000] {processor.py:836} INFO - DAG(s) dict_keys(['example_weekday_branch_operator']) retrieved from /home/airflow/.local/lib/python3.7/site-packages/airflow/example_dags/example_branch_day_of_week_operator.py
[2023-08-09T10:04:51.442+0000] {logging_mixin.py:150} INFO - [2023-08-09T10:04:51.441+0000] {manager.py:504} INFO - Created Permission View: can read on DAG:example_weekday_branch_operator
[2023-08-09T10:04:51.636+0000] {logging_mixin.py:150} INFO - [2023-08-09T10:04:51.636+0000] {manager.py:504} INFO - Created Permission View: can edit on DAG:example_weekday_branch_operator
[2023-08-09T10:04:51.769+0000] {logging_mixin.py:150} INFO - [2023-08-09T10:04:51.769+0000] {manager.py:504} INFO - Created Permission View: can delete on DAG:example_weekday_branch_operator
[2023-08-09T10:04:51.806+0000] {logging_mixin.py:150} INFO - [2023-08-09T10:04:51.806+0000] {dag.py:2742} INFO - Sync 1 DAGs
[2023-08-09T10:04:51.839+0000] {logging_mixin.py:150} INFO - [2023-08-09T10:04:51.839+0000] {dag.py:2763} INFO - Creating ORM DAG for example_weekday_branch_operator
[2023-08-09T10:04:51.882+0000] {logging_mixin.py:150} INFO - [2023-08-09T10:04:51.882+0000] {dag.py:3508} INFO - Setting next_dagrun for example_weekday_branch_operator to 2023-08-08T00:00:00+00:00, run_after=2023-08-09T00:00:00+00:00
[2023-08-09T10:04:51.960+0000] {processor.py:179} INFO - Processing /home/airflow/.local/lib/python3.7/site-packages/airflow/example_dags/example_branch_day_of_week_operator.py took 1.443 seconds
[2023-08-09T10:05:25.340+0000] {processor.py:157} INFO - Started process (PID=109) to work on /home/airflow/.local/lib/python3.7/site-packages/airflow/example_dags/example_branch_day_of_week_operator.py
[2023-08-09T10:05:25.523+0000] {processor.py:826} INFO - Processing file /home/airflow/.local/lib/python3.7/site-packages/airflow/example_dags/example_branch_day_of_week_operator.py for tasks to queue
[2023-08-09T10:05:25.524+0000] {logging_mixin.py:150} INFO - [2023-08-09T10:05:25.524+0000] {dagbag.py:541} INFO - Filling up the DagBag from /home/airflow/.local/lib/python3.7/site-packages/airflow/example_dags/example_branch_day_of_week_operator.py
[2023-08-09T10:05:25.531+0000] {processor.py:836} INFO - DAG(s) dict_keys(['example_weekday_branch_operator']) retrieved from /home/airflow/.local/lib/python3.7/site-packages/airflow/example_dags/example_branch_day_of_week_operator.py
[2023-08-09T10:05:25.554+0000] {logging_mixin.py:150} INFO - [2023-08-09T10:05:25.554+0000] {dag.py:2742} INFO - Sync 1 DAGs
[2023-08-09T10:05:25.597+0000] {logging_mixin.py:150} INFO - [2023-08-09T10:05:25.597+0000] {dag.py:3508} INFO - Setting next_dagrun for example_weekday_branch_operator to 2023-08-08T00:00:00+00:00, run_after=2023-08-09T00:00:00+00:00
[2023-08-09T10:05:25.671+0000] {processor.py:179} INFO - Processing /home/airflow/.local/lib/python3.7/site-packages/airflow/example_dags/example_branch_day_of_week_operator.py took 0.334 seconds
[2023-08-09T10:05:55.769+0000] {processor.py:157} INFO - Started process (PID=162) to work on /home/airflow/.local/lib/python3.7/site-packages/airflow/example_dags/example_branch_day_of_week_operator.py
[2023-08-09T10:05:55.807+0000] {processor.py:826} INFO - Processing file /home/airflow/.local/lib/python3.7/site-packages/airflow/example_dags/example_branch_day_of_week_operator.py for tasks to queue
[2023-08-09T10:05:55.808+0000] {logging_mixin.py:150} INFO - [2023-08-09T10:05:55.807+0000] {dagbag.py:541} INFO - Filling up the DagBag from /home/airflow/.local/lib/python3.7/site-packages/airflow/example_dags/example_branch_day_of_week_operator.py
[2023-08-09T10:05:55.829+0000] {processor.py:836} INFO - DAG(s) dict_keys(['example_weekday_branch_operator']) retrieved from /home/airflow/.local/lib/python3.7/site-packages/airflow/example_dags/example_branch_day_of_week_operator.py
[2023-08-09T10:05:55.853+0000] {logging_mixin.py:150} INFO - [2023-08-09T10:05:55.853+0000] {dag.py:2742} INFO - Sync 1 DAGs
[2023-08-09T10:05:55.882+0000] {logging_mixin.py:150} INFO - [2023-08-09T10:05:55.882+0000] {dag.py:3508} INFO - Setting next_dagrun for example_weekday_branch_operator to 2023-08-08T00:00:00+00:00, run_after=2023-08-09T00:00:00+00:00
[2023-08-09T10:05:55.942+0000] {processor.py:179} INFO - Processing /home/airflow/.local/lib/python3.7/site-packages/airflow/example_dags/example_branch_day_of_week_operator.py took 0.175 seconds
[2023-08-09T10:06:26.264+0000] {processor.py:157} INFO - Started process (PID=223) to work on /home/airflow/.local/lib/python3.7/site-packages/airflow/example_dags/example_branch_day_of_week_operator.py
[2023-08-09T10:06:26.292+0000] {processor.py:826} INFO - Processing file /home/airflow/.local/lib/python3.7/site-packages/airflow/example_dags/example_branch_day_of_week_operator.py for tasks to queue
[2023-08-09T10:06:26.292+0000] {logging_mixin.py:150} INFO - [2023-08-09T10:06:26.292+0000] {dagbag.py:541} INFO - Filling up the DagBag from /home/airflow/.local/lib/python3.7/site-packages/airflow/example_dags/example_branch_day_of_week_operator.py
[2023-08-09T10:06:26.299+0000] {processor.py:836} INFO - DAG(s) dict_keys(['example_weekday_branch_operator']) retrieved from /home/airflow/.local/lib/python3.7/site-packages/airflow/example_dags/example_branch_day_of_week_operator.py
[2023-08-09T10:06:26.322+0000] {logging_mixin.py:150} INFO - [2023-08-09T10:06:26.322+0000] {dag.py:2742} INFO - Sync 1 DAGs
[2023-08-09T10:06:26.350+0000] {logging_mixin.py:150} INFO - [2023-08-09T10:06:26.350+0000] {dag.py:3508} INFO - Setting next_dagrun for example_weekday_branch_operator to 2023-08-08T00:00:00+00:00, run_after=2023-08-09T00:00:00+00:00
[2023-08-09T10:06:26.402+0000] {processor.py:179} INFO - Processing /home/airflow/.local/lib/python3.7/site-packages/airflow/example_dags/example_branch_day_of_week_operator.py took 0.141 seconds
[2023-08-09T10:06:58.070+0000] {processor.py:157} INFO - Started process (PID=284) to work on /home/airflow/.local/lib/python3.7/site-packages/airflow/example_dags/example_branch_day_of_week_operator.py
[2023-08-09T10:06:58.083+0000] {processor.py:826} INFO - Processing file /home/airflow/.local/lib/python3.7/site-packages/airflow/example_dags/example_branch_day_of_week_operator.py for tasks to queue
[2023-08-09T10:06:58.083+0000] {logging_mixin.py:150} INFO - [2023-08-09T10:06:58.083+0000] {dagbag.py:541} INFO - Filling up the DagBag from /home/airflow/.local/lib/python3.7/site-packages/airflow/example_dags/example_branch_day_of_week_operator.py
[2023-08-09T10:06:58.090+0000] {processor.py:836} INFO - DAG(s) dict_keys(['example_weekday_branch_operator']) retrieved from /home/airflow/.local/lib/python3.7/site-packages/airflow/example_dags/example_branch_day_of_week_operator.py
[2023-08-09T10:06:58.113+0000] {logging_mixin.py:150} INFO - [2023-08-09T10:06:58.113+0000] {dag.py:2742} INFO - Sync 1 DAGs
[2023-08-09T10:06:58.142+0000] {logging_mixin.py:150} INFO - [2023-08-09T10:06:58.142+0000] {dag.py:3508} INFO - Setting next_dagrun for example_weekday_branch_operator to 2023-08-08T00:00:00+00:00, run_after=2023-08-09T00:00:00+00:00
[2023-08-09T10:06:58.169+0000] {processor.py:179} INFO - Processing /home/airflow/.local/lib/python3.7/site-packages/airflow/example_dags/example_branch_day_of_week_operator.py took 0.101 seconds
[2023-08-09T10:07:28.768+0000] {processor.py:157} INFO - Started process (PID=336) to work on /home/airflow/.local/lib/python3.7/site-packages/airflow/example_dags/example_branch_day_of_week_operator.py
[2023-08-09T10:07:28.773+0000] {processor.py:826} INFO - Processing file /home/airflow/.local/lib/python3.7/site-packages/airflow/example_dags/example_branch_day_of_week_operator.py for tasks to queue
[2023-08-09T10:07:28.774+0000] {logging_mixin.py:150} INFO - [2023-08-09T10:07:28.774+0000] {dagbag.py:541} INFO - Filling up the DagBag from /home/airflow/.local/lib/python3.7/site-packages/airflow/example_dags/example_branch_day_of_week_operator.py
[2023-08-09T10:07:28.781+0000] {processor.py:836} INFO - DAG(s) dict_keys(['example_weekday_branch_operator']) retrieved from /home/airflow/.local/lib/python3.7/site-packages/airflow/example_dags/example_branch_day_of_week_operator.py
[2023-08-09T10:07:28.806+0000] {logging_mixin.py:150} INFO - [2023-08-09T10:07:28.806+0000] {dag.py:2742} INFO - Sync 1 DAGs
[2023-08-09T10:07:28.839+0000] {logging_mixin.py:150} INFO - [2023-08-09T10:07:28.839+0000] {dag.py:3508} INFO - Setting next_dagrun for example_weekday_branch_operator to 2023-08-08T00:00:00+00:00, run_after=2023-08-09T00:00:00+00:00
[2023-08-09T10:07:28.875+0000] {processor.py:179} INFO - Processing /home/airflow/.local/lib/python3.7/site-packages/airflow/example_dags/example_branch_day_of_week_operator.py took 0.109 seconds
