[2023-08-09T10:05:12.700+0000] {processor.py:157} INFO - Started process (PID=70) to work on /home/airflow/.local/lib/python3.7/site-packages/airflow/example_dags/example_time_delta_sensor_async.py
[2023-08-09T10:05:12.702+0000] {processor.py:826} INFO - Processing file /home/airflow/.local/lib/python3.7/site-packages/airflow/example_dags/example_time_delta_sensor_async.py for tasks to queue
[2023-08-09T10:05:12.704+0000] {logging_mixin.py:150} INFO - [2023-08-09T10:05:12.704+0000] {dagbag.py:541} INFO - Filling up the DagBag from /home/airflow/.local/lib/python3.7/site-packages/airflow/example_dags/example_time_delta_sensor_async.py
[2023-08-09T10:05:12.713+0000] {processor.py:836} INFO - DAG(s) dict_keys(['example_time_delta_sensor_async']) retrieved from /home/airflow/.local/lib/python3.7/site-packages/airflow/example_dags/example_time_delta_sensor_async.py
[2023-08-09T10:05:13.071+0000] {logging_mixin.py:150} INFO - [2023-08-09T10:05:13.071+0000] {manager.py:504} INFO - Created Permission View: can read on DAG:example_time_delta_sensor_async
[2023-08-09T10:05:13.143+0000] {logging_mixin.py:150} INFO - [2023-08-09T10:05:13.142+0000] {manager.py:504} INFO - Created Permission View: can edit on DAG:example_time_delta_sensor_async
[2023-08-09T10:05:13.421+0000] {logging_mixin.py:150} INFO - [2023-08-09T10:05:13.421+0000] {manager.py:504} INFO - Created Permission View: can delete on DAG:example_time_delta_sensor_async
[2023-08-09T10:05:13.446+0000] {logging_mixin.py:150} INFO - [2023-08-09T10:05:13.446+0000] {dag.py:2742} INFO - Sync 1 DAGs
[2023-08-09T10:05:13.465+0000] {logging_mixin.py:150} INFO - [2023-08-09T10:05:13.465+0000] {dag.py:2763} INFO - Creating ORM DAG for example_time_delta_sensor_async
[2023-08-09T10:05:13.482+0000] {logging_mixin.py:150} INFO - [2023-08-09T10:05:13.481+0000] {dag.py:3508} INFO - Setting next_dagrun for example_time_delta_sensor_async to None, run_after=None
[2023-08-09T10:05:13.689+0000] {processor.py:179} INFO - Processing /home/airflow/.local/lib/python3.7/site-packages/airflow/example_dags/example_time_delta_sensor_async.py took 1.001 seconds
[2023-08-09T10:05:44.905+0000] {processor.py:157} INFO - Started process (PID=131) to work on /home/airflow/.local/lib/python3.7/site-packages/airflow/example_dags/example_time_delta_sensor_async.py
[2023-08-09T10:05:44.981+0000] {processor.py:826} INFO - Processing file /home/airflow/.local/lib/python3.7/site-packages/airflow/example_dags/example_time_delta_sensor_async.py for tasks to queue
[2023-08-09T10:05:44.984+0000] {logging_mixin.py:150} INFO - [2023-08-09T10:05:44.983+0000] {dagbag.py:541} INFO - Filling up the DagBag from /home/airflow/.local/lib/python3.7/site-packages/airflow/example_dags/example_time_delta_sensor_async.py
[2023-08-09T10:05:45.019+0000] {processor.py:836} INFO - DAG(s) dict_keys(['example_time_delta_sensor_async']) retrieved from /home/airflow/.local/lib/python3.7/site-packages/airflow/example_dags/example_time_delta_sensor_async.py
[2023-08-09T10:05:45.052+0000] {logging_mixin.py:150} INFO - [2023-08-09T10:05:45.052+0000] {dag.py:2742} INFO - Sync 1 DAGs
[2023-08-09T10:05:45.080+0000] {logging_mixin.py:150} INFO - [2023-08-09T10:05:45.079+0000] {dag.py:3508} INFO - Setting next_dagrun for example_time_delta_sensor_async to None, run_after=None
[2023-08-09T10:05:45.181+0000] {processor.py:179} INFO - Processing /home/airflow/.local/lib/python3.7/site-packages/airflow/example_dags/example_time_delta_sensor_async.py took 0.279 seconds
[2023-08-09T10:06:19.674+0000] {processor.py:157} INFO - Started process (PID=183) to work on /home/airflow/.local/lib/python3.7/site-packages/airflow/example_dags/example_time_delta_sensor_async.py
[2023-08-09T10:06:19.674+0000] {processor.py:826} INFO - Processing file /home/airflow/.local/lib/python3.7/site-packages/airflow/example_dags/example_time_delta_sensor_async.py for tasks to queue
[2023-08-09T10:06:19.675+0000] {logging_mixin.py:150} INFO - [2023-08-09T10:06:19.675+0000] {dagbag.py:541} INFO - Filling up the DagBag from /home/airflow/.local/lib/python3.7/site-packages/airflow/example_dags/example_time_delta_sensor_async.py
[2023-08-09T10:06:19.679+0000] {processor.py:836} INFO - DAG(s) dict_keys(['example_time_delta_sensor_async']) retrieved from /home/airflow/.local/lib/python3.7/site-packages/airflow/example_dags/example_time_delta_sensor_async.py
[2023-08-09T10:06:19.700+0000] {logging_mixin.py:150} INFO - [2023-08-09T10:06:19.700+0000] {dag.py:2742} INFO - Sync 1 DAGs
[2023-08-09T10:06:19.734+0000] {logging_mixin.py:150} INFO - [2023-08-09T10:06:19.734+0000] {dag.py:3508} INFO - Setting next_dagrun for example_time_delta_sensor_async to None, run_after=None
[2023-08-09T10:06:19.814+0000] {processor.py:179} INFO - Processing /home/airflow/.local/lib/python3.7/site-packages/airflow/example_dags/example_time_delta_sensor_async.py took 0.144 seconds
[2023-08-09T10:06:51.356+0000] {processor.py:157} INFO - Started process (PID=244) to work on /home/airflow/.local/lib/python3.7/site-packages/airflow/example_dags/example_time_delta_sensor_async.py
[2023-08-09T10:06:51.365+0000] {processor.py:826} INFO - Processing file /home/airflow/.local/lib/python3.7/site-packages/airflow/example_dags/example_time_delta_sensor_async.py for tasks to queue
[2023-08-09T10:06:51.366+0000] {logging_mixin.py:150} INFO - [2023-08-09T10:06:51.366+0000] {dagbag.py:541} INFO - Filling up the DagBag from /home/airflow/.local/lib/python3.7/site-packages/airflow/example_dags/example_time_delta_sensor_async.py
[2023-08-09T10:06:51.369+0000] {processor.py:836} INFO - DAG(s) dict_keys(['example_time_delta_sensor_async']) retrieved from /home/airflow/.local/lib/python3.7/site-packages/airflow/example_dags/example_time_delta_sensor_async.py
[2023-08-09T10:06:51.390+0000] {logging_mixin.py:150} INFO - [2023-08-09T10:06:51.390+0000] {dag.py:2742} INFO - Sync 1 DAGs
[2023-08-09T10:06:51.416+0000] {logging_mixin.py:150} INFO - [2023-08-09T10:06:51.416+0000] {dag.py:3508} INFO - Setting next_dagrun for example_time_delta_sensor_async to None, run_after=None
[2023-08-09T10:06:51.464+0000] {processor.py:179} INFO - Processing /home/airflow/.local/lib/python3.7/site-packages/airflow/example_dags/example_time_delta_sensor_async.py took 0.110 seconds
[2023-08-09T10:07:22.909+0000] {processor.py:157} INFO - Started process (PID=305) to work on /home/airflow/.local/lib/python3.7/site-packages/airflow/example_dags/example_time_delta_sensor_async.py
[2023-08-09T10:07:22.956+0000] {processor.py:826} INFO - Processing file /home/airflow/.local/lib/python3.7/site-packages/airflow/example_dags/example_time_delta_sensor_async.py for tasks to queue
[2023-08-09T10:07:22.957+0000] {logging_mixin.py:150} INFO - [2023-08-09T10:07:22.957+0000] {dagbag.py:541} INFO - Filling up the DagBag from /home/airflow/.local/lib/python3.7/site-packages/airflow/example_dags/example_time_delta_sensor_async.py
[2023-08-09T10:07:22.960+0000] {processor.py:836} INFO - DAG(s) dict_keys(['example_time_delta_sensor_async']) retrieved from /home/airflow/.local/lib/python3.7/site-packages/airflow/example_dags/example_time_delta_sensor_async.py
[2023-08-09T10:07:22.985+0000] {logging_mixin.py:150} INFO - [2023-08-09T10:07:22.984+0000] {dag.py:2742} INFO - Sync 1 DAGs
[2023-08-09T10:07:23.021+0000] {logging_mixin.py:150} INFO - [2023-08-09T10:07:23.021+0000] {dag.py:3508} INFO - Setting next_dagrun for example_time_delta_sensor_async to None, run_after=None
[2023-08-09T10:07:23.056+0000] {processor.py:179} INFO - Processing /home/airflow/.local/lib/python3.7/site-packages/airflow/example_dags/example_time_delta_sensor_async.py took 0.150 seconds
