[2023-08-09T10:04:45.659+0000] {processor.py:157} INFO - Started process (PID=38) to work on /home/airflow/.local/lib/python3.7/site-packages/airflow/example_dags/example_subdag_operator.py
[2023-08-09T10:04:45.660+0000] {processor.py:826} INFO - Processing file /home/airflow/.local/lib/python3.7/site-packages/airflow/example_dags/example_subdag_operator.py for tasks to queue
[2023-08-09T10:04:45.661+0000] {logging_mixin.py:150} INFO - [2023-08-09T10:04:45.660+0000] {dagbag.py:541} INFO - Filling up the DagBag from /home/airflow/.local/lib/python3.7/site-packages/airflow/example_dags/example_subdag_operator.py
[2023-08-09T10:04:45.698+0000] {processor.py:836} INFO - DAG(s) dict_keys(['example_subdag_operator.section-1', 'example_subdag_operator.section-2', 'example_subdag_operator']) retrieved from /home/airflow/.local/lib/python3.7/site-packages/airflow/example_dags/example_subdag_operator.py
[2023-08-09T10:04:45.966+0000] {logging_mixin.py:150} INFO - [2023-08-09T10:04:45.966+0000] {manager.py:504} INFO - Created Permission View: can read on DAG:example_subdag_operator
[2023-08-09T10:04:46.089+0000] {logging_mixin.py:150} INFO - [2023-08-09T10:04:46.088+0000] {manager.py:504} INFO - Created Permission View: can edit on DAG:example_subdag_operator
[2023-08-09T10:04:46.166+0000] {logging_mixin.py:150} INFO - [2023-08-09T10:04:46.166+0000] {manager.py:504} INFO - Created Permission View: can delete on DAG:example_subdag_operator
[2023-08-09T10:04:46.186+0000] {logging_mixin.py:150} INFO - [2023-08-09T10:04:46.186+0000] {dag.py:2742} INFO - Sync 3 DAGs
[2023-08-09T10:04:46.203+0000] {logging_mixin.py:150} INFO - [2023-08-09T10:04:46.202+0000] {dag.py:2763} INFO - Creating ORM DAG for example_subdag_operator
[2023-08-09T10:04:46.203+0000] {logging_mixin.py:150} INFO - [2023-08-09T10:04:46.203+0000] {dag.py:2763} INFO - Creating ORM DAG for example_subdag_operator.section-1
[2023-08-09T10:04:46.204+0000] {logging_mixin.py:150} INFO - [2023-08-09T10:04:46.204+0000] {dag.py:2763} INFO - Creating ORM DAG for example_subdag_operator.section-2
[2023-08-09T10:04:46.218+0000] {logging_mixin.py:150} INFO - [2023-08-09T10:04:46.217+0000] {dag.py:3508} INFO - Setting next_dagrun for example_subdag_operator to 2022-01-01T00:00:00+00:00, run_after=2022-01-01T00:00:00+00:00
[2023-08-09T10:04:46.218+0000] {logging_mixin.py:150} INFO - [2023-08-09T10:04:46.218+0000] {dag.py:3508} INFO - Setting next_dagrun for example_subdag_operator.section-1 to None, run_after=None
[2023-08-09T10:04:46.219+0000] {logging_mixin.py:150} INFO - [2023-08-09T10:04:46.219+0000] {dag.py:3508} INFO - Setting next_dagrun for example_subdag_operator.section-2 to None, run_after=None
[2023-08-09T10:04:46.232+0000] {logging_mixin.py:150} INFO - [2023-08-09T10:04:46.232+0000] {dag.py:2742} INFO - Sync 2 DAGs
[2023-08-09T10:04:46.242+0000] {logging_mixin.py:150} INFO - [2023-08-09T10:04:46.241+0000] {dag.py:3508} INFO - Setting next_dagrun for example_subdag_operator.section-1 to None, run_after=None
[2023-08-09T10:04:46.245+0000] {logging_mixin.py:150} INFO - [2023-08-09T10:04:46.245+0000] {dag.py:3508} INFO - Setting next_dagrun for example_subdag_operator.section-2 to None, run_after=None
[2023-08-09T10:04:46.298+0000] {processor.py:179} INFO - Processing /home/airflow/.local/lib/python3.7/site-packages/airflow/example_dags/example_subdag_operator.py took 0.643 seconds
[2023-08-09T10:05:21.426+0000] {processor.py:157} INFO - Started process (PID=98) to work on /home/airflow/.local/lib/python3.7/site-packages/airflow/example_dags/example_subdag_operator.py
[2023-08-09T10:05:21.588+0000] {processor.py:826} INFO - Processing file /home/airflow/.local/lib/python3.7/site-packages/airflow/example_dags/example_subdag_operator.py for tasks to queue
[2023-08-09T10:05:21.591+0000] {logging_mixin.py:150} INFO - [2023-08-09T10:05:21.590+0000] {dagbag.py:541} INFO - Filling up the DagBag from /home/airflow/.local/lib/python3.7/site-packages/airflow/example_dags/example_subdag_operator.py
[2023-08-09T10:05:21.913+0000] {processor.py:836} INFO - DAG(s) dict_keys(['example_subdag_operator.section-1', 'example_subdag_operator.section-2', 'example_subdag_operator']) retrieved from /home/airflow/.local/lib/python3.7/site-packages/airflow/example_dags/example_subdag_operator.py
[2023-08-09T10:05:21.938+0000] {logging_mixin.py:150} INFO - [2023-08-09T10:05:21.938+0000] {dag.py:2742} INFO - Sync 3 DAGs
[2023-08-09T10:05:21.989+0000] {logging_mixin.py:150} INFO - [2023-08-09T10:05:21.988+0000] {dag.py:3508} INFO - Setting next_dagrun for example_subdag_operator to 2022-01-01T00:00:00+00:00, run_after=2022-01-01T00:00:00+00:00
[2023-08-09T10:05:21.992+0000] {logging_mixin.py:150} INFO - [2023-08-09T10:05:21.992+0000] {dag.py:3508} INFO - Setting next_dagrun for example_subdag_operator.section-1 to None, run_after=None
[2023-08-09T10:05:21.993+0000] {logging_mixin.py:150} INFO - [2023-08-09T10:05:21.993+0000] {dag.py:3508} INFO - Setting next_dagrun for example_subdag_operator.section-2 to None, run_after=None
[2023-08-09T10:05:22.001+0000] {logging_mixin.py:150} INFO - [2023-08-09T10:05:22.001+0000] {dag.py:2742} INFO - Sync 2 DAGs
[2023-08-09T10:05:22.008+0000] {logging_mixin.py:150} INFO - [2023-08-09T10:05:22.008+0000] {dag.py:3508} INFO - Setting next_dagrun for example_subdag_operator.section-1 to None, run_after=None
[2023-08-09T10:05:22.008+0000] {logging_mixin.py:150} INFO - [2023-08-09T10:05:22.008+0000] {dag.py:3508} INFO - Setting next_dagrun for example_subdag_operator.section-2 to None, run_after=None
[2023-08-09T10:05:22.112+0000] {processor.py:179} INFO - Processing /home/airflow/.local/lib/python3.7/site-packages/airflow/example_dags/example_subdag_operator.py took 0.690 seconds
[2023-08-09T10:05:52.592+0000] {processor.py:157} INFO - Started process (PID=151) to work on /home/airflow/.local/lib/python3.7/site-packages/airflow/example_dags/example_subdag_operator.py
[2023-08-09T10:05:52.639+0000] {processor.py:826} INFO - Processing file /home/airflow/.local/lib/python3.7/site-packages/airflow/example_dags/example_subdag_operator.py for tasks to queue
[2023-08-09T10:05:52.640+0000] {logging_mixin.py:150} INFO - [2023-08-09T10:05:52.640+0000] {dagbag.py:541} INFO - Filling up the DagBag from /home/airflow/.local/lib/python3.7/site-packages/airflow/example_dags/example_subdag_operator.py
[2023-08-09T10:05:52.686+0000] {processor.py:836} INFO - DAG(s) dict_keys(['example_subdag_operator.section-1', 'example_subdag_operator.section-2', 'example_subdag_operator']) retrieved from /home/airflow/.local/lib/python3.7/site-packages/airflow/example_dags/example_subdag_operator.py
[2023-08-09T10:05:52.707+0000] {logging_mixin.py:150} INFO - [2023-08-09T10:05:52.706+0000] {dag.py:2742} INFO - Sync 3 DAGs
[2023-08-09T10:05:52.738+0000] {logging_mixin.py:150} INFO - [2023-08-09T10:05:52.737+0000] {dag.py:3508} INFO - Setting next_dagrun for example_subdag_operator to 2022-01-01T00:00:00+00:00, run_after=2022-01-01T00:00:00+00:00
[2023-08-09T10:05:52.741+0000] {logging_mixin.py:150} INFO - [2023-08-09T10:05:52.741+0000] {dag.py:3508} INFO - Setting next_dagrun for example_subdag_operator.section-1 to None, run_after=None
[2023-08-09T10:05:52.742+0000] {logging_mixin.py:150} INFO - [2023-08-09T10:05:52.742+0000] {dag.py:3508} INFO - Setting next_dagrun for example_subdag_operator.section-2 to None, run_after=None
[2023-08-09T10:05:52.750+0000] {logging_mixin.py:150} INFO - [2023-08-09T10:05:52.750+0000] {dag.py:2742} INFO - Sync 2 DAGs
[2023-08-09T10:05:52.757+0000] {logging_mixin.py:150} INFO - [2023-08-09T10:05:52.757+0000] {dag.py:3508} INFO - Setting next_dagrun for example_subdag_operator.section-1 to None, run_after=None
[2023-08-09T10:05:52.757+0000] {logging_mixin.py:150} INFO - [2023-08-09T10:05:52.757+0000] {dag.py:3508} INFO - Setting next_dagrun for example_subdag_operator.section-2 to None, run_after=None
[2023-08-09T10:05:52.787+0000] {processor.py:179} INFO - Processing /home/airflow/.local/lib/python3.7/site-packages/airflow/example_dags/example_subdag_operator.py took 0.198 seconds
[2023-08-09T10:06:24.265+0000] {processor.py:157} INFO - Started process (PID=212) to work on /home/airflow/.local/lib/python3.7/site-packages/airflow/example_dags/example_subdag_operator.py
[2023-08-09T10:06:24.279+0000] {processor.py:826} INFO - Processing file /home/airflow/.local/lib/python3.7/site-packages/airflow/example_dags/example_subdag_operator.py for tasks to queue
[2023-08-09T10:06:24.280+0000] {logging_mixin.py:150} INFO - [2023-08-09T10:06:24.279+0000] {dagbag.py:541} INFO - Filling up the DagBag from /home/airflow/.local/lib/python3.7/site-packages/airflow/example_dags/example_subdag_operator.py
[2023-08-09T10:06:24.301+0000] {processor.py:836} INFO - DAG(s) dict_keys(['example_subdag_operator.section-1', 'example_subdag_operator.section-2', 'example_subdag_operator']) retrieved from /home/airflow/.local/lib/python3.7/site-packages/airflow/example_dags/example_subdag_operator.py
[2023-08-09T10:06:24.327+0000] {logging_mixin.py:150} INFO - [2023-08-09T10:06:24.327+0000] {dag.py:2742} INFO - Sync 3 DAGs
[2023-08-09T10:06:24.356+0000] {logging_mixin.py:150} INFO - [2023-08-09T10:06:24.356+0000] {dag.py:3508} INFO - Setting next_dagrun for example_subdag_operator to 2022-01-01T00:00:00+00:00, run_after=2022-01-01T00:00:00+00:00
[2023-08-09T10:06:24.359+0000] {logging_mixin.py:150} INFO - [2023-08-09T10:06:24.359+0000] {dag.py:3508} INFO - Setting next_dagrun for example_subdag_operator.section-1 to None, run_after=None
[2023-08-09T10:06:24.361+0000] {logging_mixin.py:150} INFO - [2023-08-09T10:06:24.361+0000] {dag.py:3508} INFO - Setting next_dagrun for example_subdag_operator.section-2 to None, run_after=None
[2023-08-09T10:06:24.369+0000] {logging_mixin.py:150} INFO - [2023-08-09T10:06:24.369+0000] {dag.py:2742} INFO - Sync 2 DAGs
[2023-08-09T10:06:24.376+0000] {logging_mixin.py:150} INFO - [2023-08-09T10:06:24.376+0000] {dag.py:3508} INFO - Setting next_dagrun for example_subdag_operator.section-1 to None, run_after=None
[2023-08-09T10:06:24.377+0000] {logging_mixin.py:150} INFO - [2023-08-09T10:06:24.377+0000] {dag.py:3508} INFO - Setting next_dagrun for example_subdag_operator.section-2 to None, run_after=None
[2023-08-09T10:06:24.454+0000] {processor.py:179} INFO - Processing /home/airflow/.local/lib/python3.7/site-packages/airflow/example_dags/example_subdag_operator.py took 0.192 seconds
[2023-08-09T10:06:55.432+0000] {processor.py:157} INFO - Started process (PID=261) to work on /home/airflow/.local/lib/python3.7/site-packages/airflow/example_dags/example_subdag_operator.py
[2023-08-09T10:06:55.468+0000] {processor.py:826} INFO - Processing file /home/airflow/.local/lib/python3.7/site-packages/airflow/example_dags/example_subdag_operator.py for tasks to queue
[2023-08-09T10:06:55.469+0000] {logging_mixin.py:150} INFO - [2023-08-09T10:06:55.469+0000] {dagbag.py:541} INFO - Filling up the DagBag from /home/airflow/.local/lib/python3.7/site-packages/airflow/example_dags/example_subdag_operator.py
[2023-08-09T10:06:55.498+0000] {processor.py:836} INFO - DAG(s) dict_keys(['example_subdag_operator.section-1', 'example_subdag_operator.section-2', 'example_subdag_operator']) retrieved from /home/airflow/.local/lib/python3.7/site-packages/airflow/example_dags/example_subdag_operator.py
[2023-08-09T10:06:55.523+0000] {logging_mixin.py:150} INFO - [2023-08-09T10:06:55.523+0000] {dag.py:2742} INFO - Sync 3 DAGs
[2023-08-09T10:06:55.550+0000] {logging_mixin.py:150} INFO - [2023-08-09T10:06:55.549+0000] {dag.py:3508} INFO - Setting next_dagrun for example_subdag_operator to 2022-01-01T00:00:00+00:00, run_after=2022-01-01T00:00:00+00:00
[2023-08-09T10:06:55.554+0000] {logging_mixin.py:150} INFO - [2023-08-09T10:06:55.554+0000] {dag.py:3508} INFO - Setting next_dagrun for example_subdag_operator.section-1 to None, run_after=None
[2023-08-09T10:06:55.555+0000] {logging_mixin.py:150} INFO - [2023-08-09T10:06:55.555+0000] {dag.py:3508} INFO - Setting next_dagrun for example_subdag_operator.section-2 to None, run_after=None
[2023-08-09T10:06:55.564+0000] {logging_mixin.py:150} INFO - [2023-08-09T10:06:55.564+0000] {dag.py:2742} INFO - Sync 2 DAGs
[2023-08-09T10:06:55.571+0000] {logging_mixin.py:150} INFO - [2023-08-09T10:06:55.571+0000] {dag.py:3508} INFO - Setting next_dagrun for example_subdag_operator.section-1 to None, run_after=None
[2023-08-09T10:06:55.572+0000] {logging_mixin.py:150} INFO - [2023-08-09T10:06:55.571+0000] {dag.py:3508} INFO - Setting next_dagrun for example_subdag_operator.section-2 to None, run_after=None
[2023-08-09T10:06:55.628+0000] {processor.py:179} INFO - Processing /home/airflow/.local/lib/python3.7/site-packages/airflow/example_dags/example_subdag_operator.py took 0.198 seconds
[2023-08-09T10:07:25.668+0000] {processor.py:157} INFO - Started process (PID=322) to work on /home/airflow/.local/lib/python3.7/site-packages/airflow/example_dags/example_subdag_operator.py
[2023-08-09T10:07:25.675+0000] {processor.py:826} INFO - Processing file /home/airflow/.local/lib/python3.7/site-packages/airflow/example_dags/example_subdag_operator.py for tasks to queue
[2023-08-09T10:07:25.676+0000] {logging_mixin.py:150} INFO - [2023-08-09T10:07:25.676+0000] {dagbag.py:541} INFO - Filling up the DagBag from /home/airflow/.local/lib/python3.7/site-packages/airflow/example_dags/example_subdag_operator.py
[2023-08-09T10:07:25.700+0000] {processor.py:836} INFO - DAG(s) dict_keys(['example_subdag_operator.section-1', 'example_subdag_operator.section-2', 'example_subdag_operator']) retrieved from /home/airflow/.local/lib/python3.7/site-packages/airflow/example_dags/example_subdag_operator.py
[2023-08-09T10:07:25.722+0000] {logging_mixin.py:150} INFO - [2023-08-09T10:07:25.721+0000] {dag.py:2742} INFO - Sync 3 DAGs
[2023-08-09T10:07:25.752+0000] {logging_mixin.py:150} INFO - [2023-08-09T10:07:25.751+0000] {dag.py:3508} INFO - Setting next_dagrun for example_subdag_operator to 2022-01-01T00:00:00+00:00, run_after=2022-01-01T00:00:00+00:00
[2023-08-09T10:07:25.756+0000] {logging_mixin.py:150} INFO - [2023-08-09T10:07:25.756+0000] {dag.py:3508} INFO - Setting next_dagrun for example_subdag_operator.section-1 to None, run_after=None
[2023-08-09T10:07:25.758+0000] {logging_mixin.py:150} INFO - [2023-08-09T10:07:25.757+0000] {dag.py:3508} INFO - Setting next_dagrun for example_subdag_operator.section-2 to None, run_after=None
[2023-08-09T10:07:25.766+0000] {logging_mixin.py:150} INFO - [2023-08-09T10:07:25.766+0000] {dag.py:2742} INFO - Sync 2 DAGs
[2023-08-09T10:07:25.773+0000] {logging_mixin.py:150} INFO - [2023-08-09T10:07:25.772+0000] {dag.py:3508} INFO - Setting next_dagrun for example_subdag_operator.section-1 to None, run_after=None
[2023-08-09T10:07:25.773+0000] {logging_mixin.py:150} INFO - [2023-08-09T10:07:25.773+0000] {dag.py:3508} INFO - Setting next_dagrun for example_subdag_operator.section-2 to None, run_after=None
[2023-08-09T10:07:25.789+0000] {processor.py:179} INFO - Processing /home/airflow/.local/lib/python3.7/site-packages/airflow/example_dags/example_subdag_operator.py took 0.124 seconds
