[2023-08-09T10:04:45.411+0000] {processor.py:157} INFO - Started process (PID=37) to work on /home/airflow/.local/lib/python3.7/site-packages/airflow/example_dags/example_sensor_decorator.py
[2023-08-09T10:04:45.412+0000] {processor.py:826} INFO - Processing file /home/airflow/.local/lib/python3.7/site-packages/airflow/example_dags/example_sensor_decorator.py for tasks to queue
[2023-08-09T10:04:45.413+0000] {logging_mixin.py:150} INFO - [2023-08-09T10:04:45.412+0000] {dagbag.py:541} INFO - Filling up the DagBag from /home/airflow/.local/lib/python3.7/site-packages/airflow/example_dags/example_sensor_decorator.py
[2023-08-09T10:04:45.422+0000] {processor.py:836} INFO - DAG(s) dict_keys(['example_sensor_decorator']) retrieved from /home/airflow/.local/lib/python3.7/site-packages/airflow/example_dags/example_sensor_decorator.py
[2023-08-09T10:04:45.710+0000] {logging_mixin.py:150} INFO - [2023-08-09T10:04:45.709+0000] {manager.py:504} INFO - Created Permission View: can read on DAG:example_sensor_decorator
[2023-08-09T10:04:45.821+0000] {logging_mixin.py:150} INFO - [2023-08-09T10:04:45.821+0000] {manager.py:504} INFO - Created Permission View: can edit on DAG:example_sensor_decorator
[2023-08-09T10:04:45.866+0000] {logging_mixin.py:150} INFO - [2023-08-09T10:04:45.866+0000] {manager.py:504} INFO - Created Permission View: can delete on DAG:example_sensor_decorator
[2023-08-09T10:04:45.892+0000] {logging_mixin.py:150} INFO - [2023-08-09T10:04:45.891+0000] {dag.py:2742} INFO - Sync 1 DAGs
[2023-08-09T10:04:45.912+0000] {logging_mixin.py:150} INFO - [2023-08-09T10:04:45.911+0000] {dag.py:2763} INFO - Creating ORM DAG for example_sensor_decorator
[2023-08-09T10:04:45.928+0000] {logging_mixin.py:150} INFO - [2023-08-09T10:04:45.928+0000] {dag.py:3508} INFO - Setting next_dagrun for example_sensor_decorator to None, run_after=None
[2023-08-09T10:04:46.065+0000] {processor.py:179} INFO - Processing /home/airflow/.local/lib/python3.7/site-packages/airflow/example_dags/example_sensor_decorator.py took 0.657 seconds
[2023-08-09T10:05:21.008+0000] {processor.py:157} INFO - Started process (PID=97) to work on /home/airflow/.local/lib/python3.7/site-packages/airflow/example_dags/example_sensor_decorator.py
[2023-08-09T10:05:21.021+0000] {processor.py:826} INFO - Processing file /home/airflow/.local/lib/python3.7/site-packages/airflow/example_dags/example_sensor_decorator.py for tasks to queue
[2023-08-09T10:05:21.022+0000] {logging_mixin.py:150} INFO - [2023-08-09T10:05:21.022+0000] {dagbag.py:541} INFO - Filling up the DagBag from /home/airflow/.local/lib/python3.7/site-packages/airflow/example_dags/example_sensor_decorator.py
[2023-08-09T10:05:21.029+0000] {processor.py:836} INFO - DAG(s) dict_keys(['example_sensor_decorator']) retrieved from /home/airflow/.local/lib/python3.7/site-packages/airflow/example_dags/example_sensor_decorator.py
[2023-08-09T10:05:21.056+0000] {logging_mixin.py:150} INFO - [2023-08-09T10:05:21.056+0000] {dag.py:2742} INFO - Sync 1 DAGs
[2023-08-09T10:05:21.094+0000] {logging_mixin.py:150} INFO - [2023-08-09T10:05:21.093+0000] {dag.py:3508} INFO - Setting next_dagrun for example_sensor_decorator to None, run_after=None
[2023-08-09T10:05:21.212+0000] {processor.py:179} INFO - Processing /home/airflow/.local/lib/python3.7/site-packages/airflow/example_dags/example_sensor_decorator.py took 0.207 seconds
[2023-08-09T10:05:52.548+0000] {processor.py:157} INFO - Started process (PID=150) to work on /home/airflow/.local/lib/python3.7/site-packages/airflow/example_dags/example_sensor_decorator.py
[2023-08-09T10:05:52.572+0000] {processor.py:826} INFO - Processing file /home/airflow/.local/lib/python3.7/site-packages/airflow/example_dags/example_sensor_decorator.py for tasks to queue
[2023-08-09T10:05:52.573+0000] {logging_mixin.py:150} INFO - [2023-08-09T10:05:52.573+0000] {dagbag.py:541} INFO - Filling up the DagBag from /home/airflow/.local/lib/python3.7/site-packages/airflow/example_dags/example_sensor_decorator.py
[2023-08-09T10:05:52.637+0000] {processor.py:836} INFO - DAG(s) dict_keys(['example_sensor_decorator']) retrieved from /home/airflow/.local/lib/python3.7/site-packages/airflow/example_dags/example_sensor_decorator.py
[2023-08-09T10:05:52.660+0000] {logging_mixin.py:150} INFO - [2023-08-09T10:05:52.660+0000] {dag.py:2742} INFO - Sync 1 DAGs
[2023-08-09T10:05:52.686+0000] {logging_mixin.py:150} INFO - [2023-08-09T10:05:52.686+0000] {dag.py:3508} INFO - Setting next_dagrun for example_sensor_decorator to None, run_after=None
[2023-08-09T10:05:52.721+0000] {processor.py:179} INFO - Processing /home/airflow/.local/lib/python3.7/site-packages/airflow/example_dags/example_sensor_decorator.py took 0.176 seconds
[2023-08-09T10:06:24.260+0000] {processor.py:157} INFO - Started process (PID=211) to work on /home/airflow/.local/lib/python3.7/site-packages/airflow/example_dags/example_sensor_decorator.py
[2023-08-09T10:06:24.268+0000] {processor.py:826} INFO - Processing file /home/airflow/.local/lib/python3.7/site-packages/airflow/example_dags/example_sensor_decorator.py for tasks to queue
[2023-08-09T10:06:24.268+0000] {logging_mixin.py:150} INFO - [2023-08-09T10:06:24.268+0000] {dagbag.py:541} INFO - Filling up the DagBag from /home/airflow/.local/lib/python3.7/site-packages/airflow/example_dags/example_sensor_decorator.py
[2023-08-09T10:06:24.273+0000] {processor.py:836} INFO - DAG(s) dict_keys(['example_sensor_decorator']) retrieved from /home/airflow/.local/lib/python3.7/site-packages/airflow/example_dags/example_sensor_decorator.py
[2023-08-09T10:06:24.295+0000] {logging_mixin.py:150} INFO - [2023-08-09T10:06:24.294+0000] {dag.py:2742} INFO - Sync 1 DAGs
[2023-08-09T10:06:24.322+0000] {logging_mixin.py:150} INFO - [2023-08-09T10:06:24.322+0000] {dag.py:3508} INFO - Setting next_dagrun for example_sensor_decorator to None, run_after=None
[2023-08-09T10:06:24.365+0000] {processor.py:179} INFO - Processing /home/airflow/.local/lib/python3.7/site-packages/airflow/example_dags/example_sensor_decorator.py took 0.108 seconds
[2023-08-09T10:06:55.304+0000] {processor.py:157} INFO - Started process (PID=260) to work on /home/airflow/.local/lib/python3.7/site-packages/airflow/example_dags/example_sensor_decorator.py
[2023-08-09T10:06:55.357+0000] {processor.py:826} INFO - Processing file /home/airflow/.local/lib/python3.7/site-packages/airflow/example_dags/example_sensor_decorator.py for tasks to queue
[2023-08-09T10:06:55.357+0000] {logging_mixin.py:150} INFO - [2023-08-09T10:06:55.357+0000] {dagbag.py:541} INFO - Filling up the DagBag from /home/airflow/.local/lib/python3.7/site-packages/airflow/example_dags/example_sensor_decorator.py
[2023-08-09T10:06:55.362+0000] {processor.py:836} INFO - DAG(s) dict_keys(['example_sensor_decorator']) retrieved from /home/airflow/.local/lib/python3.7/site-packages/airflow/example_dags/example_sensor_decorator.py
[2023-08-09T10:06:55.384+0000] {logging_mixin.py:150} INFO - [2023-08-09T10:06:55.384+0000] {dag.py:2742} INFO - Sync 1 DAGs
[2023-08-09T10:06:55.418+0000] {logging_mixin.py:150} INFO - [2023-08-09T10:06:55.418+0000] {dag.py:3508} INFO - Setting next_dagrun for example_sensor_decorator to None, run_after=None
[2023-08-09T10:06:55.488+0000] {processor.py:179} INFO - Processing /home/airflow/.local/lib/python3.7/site-packages/airflow/example_dags/example_sensor_decorator.py took 0.186 seconds
[2023-08-09T10:07:25.551+0000] {processor.py:157} INFO - Started process (PID=321) to work on /home/airflow/.local/lib/python3.7/site-packages/airflow/example_dags/example_sensor_decorator.py
[2023-08-09T10:07:25.553+0000] {processor.py:826} INFO - Processing file /home/airflow/.local/lib/python3.7/site-packages/airflow/example_dags/example_sensor_decorator.py for tasks to queue
[2023-08-09T10:07:25.554+0000] {logging_mixin.py:150} INFO - [2023-08-09T10:07:25.554+0000] {dagbag.py:541} INFO - Filling up the DagBag from /home/airflow/.local/lib/python3.7/site-packages/airflow/example_dags/example_sensor_decorator.py
[2023-08-09T10:07:25.562+0000] {processor.py:836} INFO - DAG(s) dict_keys(['example_sensor_decorator']) retrieved from /home/airflow/.local/lib/python3.7/site-packages/airflow/example_dags/example_sensor_decorator.py
[2023-08-09T10:07:25.584+0000] {logging_mixin.py:150} INFO - [2023-08-09T10:07:25.584+0000] {dag.py:2742} INFO - Sync 1 DAGs
[2023-08-09T10:07:25.613+0000] {logging_mixin.py:150} INFO - [2023-08-09T10:07:25.613+0000] {dag.py:3508} INFO - Setting next_dagrun for example_sensor_decorator to None, run_after=None
[2023-08-09T10:07:25.647+0000] {processor.py:179} INFO - Processing /home/airflow/.local/lib/python3.7/site-packages/airflow/example_dags/example_sensor_decorator.py took 0.099 seconds
