[2023-08-09T10:04:43.657+0000] {processor.py:157} INFO - Started process (PID=34) to work on /home/airflow/.local/lib/python3.7/site-packages/airflow/example_dags/example_xcom.py
[2023-08-09T10:04:43.658+0000] {processor.py:826} INFO - Processing file /home/airflow/.local/lib/python3.7/site-packages/airflow/example_dags/example_xcom.py for tasks to queue
[2023-08-09T10:04:43.659+0000] {logging_mixin.py:150} INFO - [2023-08-09T10:04:43.658+0000] {dagbag.py:541} INFO - Filling up the DagBag from /home/airflow/.local/lib/python3.7/site-packages/airflow/example_dags/example_xcom.py
[2023-08-09T10:04:43.671+0000] {processor.py:836} INFO - DAG(s) dict_keys(['example_xcom']) retrieved from /home/airflow/.local/lib/python3.7/site-packages/airflow/example_dags/example_xcom.py
[2023-08-09T10:04:44.019+0000] {logging_mixin.py:150} INFO - [2023-08-09T10:04:44.019+0000] {manager.py:504} INFO - Created Permission View: can read on DAG:example_xcom
[2023-08-09T10:04:44.165+0000] {logging_mixin.py:150} INFO - [2023-08-09T10:04:44.165+0000] {manager.py:504} INFO - Created Permission View: can edit on DAG:example_xcom
[2023-08-09T10:04:44.275+0000] {logging_mixin.py:150} INFO - [2023-08-09T10:04:44.275+0000] {manager.py:504} INFO - Created Permission View: can delete on DAG:example_xcom
[2023-08-09T10:04:44.306+0000] {logging_mixin.py:150} INFO - [2023-08-09T10:04:44.305+0000] {dag.py:2742} INFO - Sync 1 DAGs
[2023-08-09T10:04:44.333+0000] {logging_mixin.py:150} INFO - [2023-08-09T10:04:44.332+0000] {dag.py:2763} INFO - Creating ORM DAG for example_xcom
[2023-08-09T10:04:44.357+0000] {logging_mixin.py:150} INFO - [2023-08-09T10:04:44.356+0000] {dag.py:3508} INFO - Setting next_dagrun for example_xcom to 2021-01-01T00:00:00+00:00, run_after=2021-01-01T00:00:00+00:00
[2023-08-09T10:04:44.443+0000] {processor.py:179} INFO - Processing /home/airflow/.local/lib/python3.7/site-packages/airflow/example_dags/example_xcom.py took 0.791 seconds
[2023-08-09T10:05:20.387+0000] {processor.py:157} INFO - Started process (PID=87) to work on /home/airflow/.local/lib/python3.7/site-packages/airflow/example_dags/example_xcom.py
[2023-08-09T10:05:20.410+0000] {processor.py:826} INFO - Processing file /home/airflow/.local/lib/python3.7/site-packages/airflow/example_dags/example_xcom.py for tasks to queue
[2023-08-09T10:05:20.410+0000] {logging_mixin.py:150} INFO - [2023-08-09T10:05:20.410+0000] {dagbag.py:541} INFO - Filling up the DagBag from /home/airflow/.local/lib/python3.7/site-packages/airflow/example_dags/example_xcom.py
[2023-08-09T10:05:20.417+0000] {processor.py:836} INFO - DAG(s) dict_keys(['example_xcom']) retrieved from /home/airflow/.local/lib/python3.7/site-packages/airflow/example_dags/example_xcom.py
[2023-08-09T10:05:20.440+0000] {logging_mixin.py:150} INFO - [2023-08-09T10:05:20.439+0000] {dag.py:2742} INFO - Sync 1 DAGs
[2023-08-09T10:05:20.466+0000] {logging_mixin.py:150} INFO - [2023-08-09T10:05:20.466+0000] {dag.py:3508} INFO - Setting next_dagrun for example_xcom to 2021-01-01T00:00:00+00:00, run_after=2021-01-01T00:00:00+00:00
[2023-08-09T10:05:20.529+0000] {processor.py:179} INFO - Processing /home/airflow/.local/lib/python3.7/site-packages/airflow/example_dags/example_xcom.py took 0.145 seconds
[2023-08-09T10:05:51.801+0000] {processor.py:157} INFO - Started process (PID=147) to work on /home/airflow/.local/lib/python3.7/site-packages/airflow/example_dags/example_xcom.py
[2023-08-09T10:05:51.838+0000] {processor.py:826} INFO - Processing file /home/airflow/.local/lib/python3.7/site-packages/airflow/example_dags/example_xcom.py for tasks to queue
[2023-08-09T10:05:51.839+0000] {logging_mixin.py:150} INFO - [2023-08-09T10:05:51.839+0000] {dagbag.py:541} INFO - Filling up the DagBag from /home/airflow/.local/lib/python3.7/site-packages/airflow/example_dags/example_xcom.py
[2023-08-09T10:05:51.908+0000] {processor.py:836} INFO - DAG(s) dict_keys(['example_xcom']) retrieved from /home/airflow/.local/lib/python3.7/site-packages/airflow/example_dags/example_xcom.py
[2023-08-09T10:05:51.938+0000] {logging_mixin.py:150} INFO - [2023-08-09T10:05:51.938+0000] {dag.py:2742} INFO - Sync 1 DAGs
[2023-08-09T10:05:51.972+0000] {logging_mixin.py:150} INFO - [2023-08-09T10:05:51.971+0000] {dag.py:3508} INFO - Setting next_dagrun for example_xcom to 2021-01-01T00:00:00+00:00, run_after=2021-01-01T00:00:00+00:00
[2023-08-09T10:05:52.065+0000] {processor.py:179} INFO - Processing /home/airflow/.local/lib/python3.7/site-packages/airflow/example_dags/example_xcom.py took 0.268 seconds
[2023-08-09T10:06:23.604+0000] {processor.py:157} INFO - Started process (PID=208) to work on /home/airflow/.local/lib/python3.7/site-packages/airflow/example_dags/example_xcom.py
[2023-08-09T10:06:23.632+0000] {processor.py:826} INFO - Processing file /home/airflow/.local/lib/python3.7/site-packages/airflow/example_dags/example_xcom.py for tasks to queue
[2023-08-09T10:06:23.633+0000] {logging_mixin.py:150} INFO - [2023-08-09T10:06:23.633+0000] {dagbag.py:541} INFO - Filling up the DagBag from /home/airflow/.local/lib/python3.7/site-packages/airflow/example_dags/example_xcom.py
[2023-08-09T10:06:23.640+0000] {processor.py:836} INFO - DAG(s) dict_keys(['example_xcom']) retrieved from /home/airflow/.local/lib/python3.7/site-packages/airflow/example_dags/example_xcom.py
[2023-08-09T10:06:23.662+0000] {logging_mixin.py:150} INFO - [2023-08-09T10:06:23.662+0000] {dag.py:2742} INFO - Sync 1 DAGs
[2023-08-09T10:06:23.689+0000] {logging_mixin.py:150} INFO - [2023-08-09T10:06:23.689+0000] {dag.py:3508} INFO - Setting next_dagrun for example_xcom to 2021-01-01T00:00:00+00:00, run_after=2021-01-01T00:00:00+00:00
[2023-08-09T10:06:23.810+0000] {processor.py:179} INFO - Processing /home/airflow/.local/lib/python3.7/site-packages/airflow/example_dags/example_xcom.py took 0.208 seconds
[2023-08-09T10:06:54.930+0000] {processor.py:157} INFO - Started process (PID=257) to work on /home/airflow/.local/lib/python3.7/site-packages/airflow/example_dags/example_xcom.py
[2023-08-09T10:06:55.001+0000] {processor.py:826} INFO - Processing file /home/airflow/.local/lib/python3.7/site-packages/airflow/example_dags/example_xcom.py for tasks to queue
[2023-08-09T10:06:55.004+0000] {logging_mixin.py:150} INFO - [2023-08-09T10:06:55.003+0000] {dagbag.py:541} INFO - Filling up the DagBag from /home/airflow/.local/lib/python3.7/site-packages/airflow/example_dags/example_xcom.py
[2023-08-09T10:06:55.025+0000] {processor.py:836} INFO - DAG(s) dict_keys(['example_xcom']) retrieved from /home/airflow/.local/lib/python3.7/site-packages/airflow/example_dags/example_xcom.py
[2023-08-09T10:06:55.068+0000] {logging_mixin.py:150} INFO - [2023-08-09T10:06:55.068+0000] {dag.py:2742} INFO - Sync 1 DAGs
[2023-08-09T10:06:55.099+0000] {logging_mixin.py:150} INFO - [2023-08-09T10:06:55.098+0000] {dag.py:3508} INFO - Setting next_dagrun for example_xcom to 2021-01-01T00:00:00+00:00, run_after=2021-01-01T00:00:00+00:00
[2023-08-09T10:06:55.171+0000] {processor.py:179} INFO - Processing /home/airflow/.local/lib/python3.7/site-packages/airflow/example_dags/example_xcom.py took 0.244 seconds
[2023-08-09T10:07:25.284+0000] {processor.py:157} INFO - Started process (PID=318) to work on /home/airflow/.local/lib/python3.7/site-packages/airflow/example_dags/example_xcom.py
[2023-08-09T10:07:25.307+0000] {processor.py:826} INFO - Processing file /home/airflow/.local/lib/python3.7/site-packages/airflow/example_dags/example_xcom.py for tasks to queue
[2023-08-09T10:07:25.308+0000] {logging_mixin.py:150} INFO - [2023-08-09T10:07:25.308+0000] {dagbag.py:541} INFO - Filling up the DagBag from /home/airflow/.local/lib/python3.7/site-packages/airflow/example_dags/example_xcom.py
[2023-08-09T10:07:25.315+0000] {processor.py:836} INFO - DAG(s) dict_keys(['example_xcom']) retrieved from /home/airflow/.local/lib/python3.7/site-packages/airflow/example_dags/example_xcom.py
[2023-08-09T10:07:25.340+0000] {logging_mixin.py:150} INFO - [2023-08-09T10:07:25.340+0000] {dag.py:2742} INFO - Sync 1 DAGs
[2023-08-09T10:07:25.370+0000] {logging_mixin.py:150} INFO - [2023-08-09T10:07:25.370+0000] {dag.py:3508} INFO - Setting next_dagrun for example_xcom to 2021-01-01T00:00:00+00:00, run_after=2021-01-01T00:00:00+00:00
[2023-08-09T10:07:25.400+0000] {processor.py:179} INFO - Processing /home/airflow/.local/lib/python3.7/site-packages/airflow/example_dags/example_xcom.py took 0.119 seconds
