[2023-08-09T10:04:49.169+0000] {processor.py:157} INFO - Started process (PID=46) to work on /home/airflow/.local/lib/python3.7/site-packages/airflow/example_dags/example_nested_branch_dag.py
[2023-08-09T10:04:49.170+0000] {processor.py:826} INFO - Processing file /home/airflow/.local/lib/python3.7/site-packages/airflow/example_dags/example_nested_branch_dag.py for tasks to queue
[2023-08-09T10:04:49.171+0000] {logging_mixin.py:150} INFO - [2023-08-09T10:04:49.171+0000] {dagbag.py:541} INFO - Filling up the DagBag from /home/airflow/.local/lib/python3.7/site-packages/airflow/example_dags/example_nested_branch_dag.py
[2023-08-09T10:04:49.189+0000] {processor.py:836} INFO - DAG(s) dict_keys(['example_nested_branch_dag']) retrieved from /home/airflow/.local/lib/python3.7/site-packages/airflow/example_dags/example_nested_branch_dag.py
[2023-08-09T10:04:49.487+0000] {logging_mixin.py:150} INFO - [2023-08-09T10:04:49.486+0000] {manager.py:504} INFO - Created Permission View: can read on DAG:example_nested_branch_dag
[2023-08-09T10:04:49.535+0000] {logging_mixin.py:150} INFO - [2023-08-09T10:04:49.535+0000] {manager.py:504} INFO - Created Permission View: can edit on DAG:example_nested_branch_dag
[2023-08-09T10:04:49.566+0000] {logging_mixin.py:150} INFO - [2023-08-09T10:04:49.566+0000] {manager.py:504} INFO - Created Permission View: can delete on DAG:example_nested_branch_dag
[2023-08-09T10:04:49.609+0000] {logging_mixin.py:150} INFO - [2023-08-09T10:04:49.608+0000] {dag.py:2742} INFO - Sync 1 DAGs
[2023-08-09T10:04:49.650+0000] {logging_mixin.py:150} INFO - [2023-08-09T10:04:49.649+0000] {dag.py:2763} INFO - Creating ORM DAG for example_nested_branch_dag
[2023-08-09T10:04:49.686+0000] {logging_mixin.py:150} INFO - [2023-08-09T10:04:49.685+0000] {dag.py:3508} INFO - Setting next_dagrun for example_nested_branch_dag to 2023-08-08T00:00:00+00:00, run_after=2023-08-09T00:00:00+00:00
[2023-08-09T10:04:49.747+0000] {processor.py:179} INFO - Processing /home/airflow/.local/lib/python3.7/site-packages/airflow/example_dags/example_nested_branch_dag.py took 0.583 seconds
[2023-08-09T10:05:24.070+0000] {processor.py:157} INFO - Started process (PID=105) to work on /home/airflow/.local/lib/python3.7/site-packages/airflow/example_dags/example_nested_branch_dag.py
[2023-08-09T10:05:24.115+0000] {processor.py:826} INFO - Processing file /home/airflow/.local/lib/python3.7/site-packages/airflow/example_dags/example_nested_branch_dag.py for tasks to queue
[2023-08-09T10:05:24.116+0000] {logging_mixin.py:150} INFO - [2023-08-09T10:05:24.115+0000] {dagbag.py:541} INFO - Filling up the DagBag from /home/airflow/.local/lib/python3.7/site-packages/airflow/example_dags/example_nested_branch_dag.py
[2023-08-09T10:05:24.125+0000] {processor.py:836} INFO - DAG(s) dict_keys(['example_nested_branch_dag']) retrieved from /home/airflow/.local/lib/python3.7/site-packages/airflow/example_dags/example_nested_branch_dag.py
[2023-08-09T10:05:24.152+0000] {logging_mixin.py:150} INFO - [2023-08-09T10:05:24.152+0000] {dag.py:2742} INFO - Sync 1 DAGs
[2023-08-09T10:05:24.180+0000] {logging_mixin.py:150} INFO - [2023-08-09T10:05:24.180+0000] {dag.py:3508} INFO - Setting next_dagrun for example_nested_branch_dag to 2023-08-08T00:00:00+00:00, run_after=2023-08-09T00:00:00+00:00
[2023-08-09T10:05:24.277+0000] {processor.py:179} INFO - Processing /home/airflow/.local/lib/python3.7/site-packages/airflow/example_dags/example_nested_branch_dag.py took 0.211 seconds
[2023-08-09T10:05:54.365+0000] {processor.py:157} INFO - Started process (PID=158) to work on /home/airflow/.local/lib/python3.7/site-packages/airflow/example_dags/example_nested_branch_dag.py
[2023-08-09T10:05:54.379+0000] {processor.py:826} INFO - Processing file /home/airflow/.local/lib/python3.7/site-packages/airflow/example_dags/example_nested_branch_dag.py for tasks to queue
[2023-08-09T10:05:54.379+0000] {logging_mixin.py:150} INFO - [2023-08-09T10:05:54.379+0000] {dagbag.py:541} INFO - Filling up the DagBag from /home/airflow/.local/lib/python3.7/site-packages/airflow/example_dags/example_nested_branch_dag.py
[2023-08-09T10:05:54.413+0000] {processor.py:836} INFO - DAG(s) dict_keys(['example_nested_branch_dag']) retrieved from /home/airflow/.local/lib/python3.7/site-packages/airflow/example_dags/example_nested_branch_dag.py
[2023-08-09T10:05:54.437+0000] {logging_mixin.py:150} INFO - [2023-08-09T10:05:54.436+0000] {dag.py:2742} INFO - Sync 1 DAGs
[2023-08-09T10:05:54.464+0000] {logging_mixin.py:150} INFO - [2023-08-09T10:05:54.464+0000] {dag.py:3508} INFO - Setting next_dagrun for example_nested_branch_dag to 2023-08-08T00:00:00+00:00, run_after=2023-08-09T00:00:00+00:00
[2023-08-09T10:05:54.512+0000] {processor.py:179} INFO - Processing /home/airflow/.local/lib/python3.7/site-packages/airflow/example_dags/example_nested_branch_dag.py took 0.150 seconds
[2023-08-09T10:06:24.932+0000] {processor.py:157} INFO - Started process (PID=219) to work on /home/airflow/.local/lib/python3.7/site-packages/airflow/example_dags/example_nested_branch_dag.py
[2023-08-09T10:06:24.980+0000] {processor.py:826} INFO - Processing file /home/airflow/.local/lib/python3.7/site-packages/airflow/example_dags/example_nested_branch_dag.py for tasks to queue
[2023-08-09T10:06:24.981+0000] {logging_mixin.py:150} INFO - [2023-08-09T10:06:24.981+0000] {dagbag.py:541} INFO - Filling up the DagBag from /home/airflow/.local/lib/python3.7/site-packages/airflow/example_dags/example_nested_branch_dag.py
[2023-08-09T10:06:24.990+0000] {processor.py:836} INFO - DAG(s) dict_keys(['example_nested_branch_dag']) retrieved from /home/airflow/.local/lib/python3.7/site-packages/airflow/example_dags/example_nested_branch_dag.py
[2023-08-09T10:06:25.020+0000] {logging_mixin.py:150} INFO - [2023-08-09T10:06:25.019+0000] {dag.py:2742} INFO - Sync 1 DAGs
[2023-08-09T10:06:25.052+0000] {logging_mixin.py:150} INFO - [2023-08-09T10:06:25.052+0000] {dag.py:3508} INFO - Setting next_dagrun for example_nested_branch_dag to 2023-08-08T00:00:00+00:00, run_after=2023-08-09T00:00:00+00:00
[2023-08-09T10:06:25.132+0000] {processor.py:179} INFO - Processing /home/airflow/.local/lib/python3.7/site-packages/airflow/example_dags/example_nested_branch_dag.py took 0.203 seconds
[2023-08-09T10:06:57.024+0000] {processor.py:157} INFO - Started process (PID=279) to work on /home/airflow/.local/lib/python3.7/site-packages/airflow/example_dags/example_nested_branch_dag.py
[2023-08-09T10:06:57.069+0000] {processor.py:826} INFO - Processing file /home/airflow/.local/lib/python3.7/site-packages/airflow/example_dags/example_nested_branch_dag.py for tasks to queue
[2023-08-09T10:06:57.070+0000] {logging_mixin.py:150} INFO - [2023-08-09T10:06:57.070+0000] {dagbag.py:541} INFO - Filling up the DagBag from /home/airflow/.local/lib/python3.7/site-packages/airflow/example_dags/example_nested_branch_dag.py
[2023-08-09T10:06:57.082+0000] {processor.py:836} INFO - DAG(s) dict_keys(['example_nested_branch_dag']) retrieved from /home/airflow/.local/lib/python3.7/site-packages/airflow/example_dags/example_nested_branch_dag.py
[2023-08-09T10:06:57.108+0000] {logging_mixin.py:150} INFO - [2023-08-09T10:06:57.107+0000] {dag.py:2742} INFO - Sync 1 DAGs
[2023-08-09T10:06:57.136+0000] {logging_mixin.py:150} INFO - [2023-08-09T10:06:57.135+0000] {dag.py:3508} INFO - Setting next_dagrun for example_nested_branch_dag to 2023-08-08T00:00:00+00:00, run_after=2023-08-09T00:00:00+00:00
[2023-08-09T10:06:57.276+0000] {processor.py:179} INFO - Processing /home/airflow/.local/lib/python3.7/site-packages/airflow/example_dags/example_nested_branch_dag.py took 0.257 seconds
[2023-08-09T10:07:27.382+0000] {processor.py:157} INFO - Started process (PID=332) to work on /home/airflow/.local/lib/python3.7/site-packages/airflow/example_dags/example_nested_branch_dag.py
[2023-08-09T10:07:27.392+0000] {processor.py:826} INFO - Processing file /home/airflow/.local/lib/python3.7/site-packages/airflow/example_dags/example_nested_branch_dag.py for tasks to queue
[2023-08-09T10:07:27.392+0000] {logging_mixin.py:150} INFO - [2023-08-09T10:07:27.392+0000] {dagbag.py:541} INFO - Filling up the DagBag from /home/airflow/.local/lib/python3.7/site-packages/airflow/example_dags/example_nested_branch_dag.py
[2023-08-09T10:07:27.401+0000] {processor.py:836} INFO - DAG(s) dict_keys(['example_nested_branch_dag']) retrieved from /home/airflow/.local/lib/python3.7/site-packages/airflow/example_dags/example_nested_branch_dag.py
[2023-08-09T10:07:27.424+0000] {logging_mixin.py:150} INFO - [2023-08-09T10:07:27.424+0000] {dag.py:2742} INFO - Sync 1 DAGs
[2023-08-09T10:07:27.452+0000] {logging_mixin.py:150} INFO - [2023-08-09T10:07:27.451+0000] {dag.py:3508} INFO - Setting next_dagrun for example_nested_branch_dag to 2023-08-08T00:00:00+00:00, run_after=2023-08-09T00:00:00+00:00
[2023-08-09T10:07:27.494+0000] {processor.py:179} INFO - Processing /home/airflow/.local/lib/python3.7/site-packages/airflow/example_dags/example_nested_branch_dag.py took 0.115 seconds
