[2023-08-09T10:04:47.946+0000] {processor.py:157} INFO - Started process (PID=44) to work on /home/airflow/.local/lib/python3.7/site-packages/airflow/example_dags/example_branch_labels.py
[2023-08-09T10:04:47.947+0000] {processor.py:826} INFO - Processing file /home/airflow/.local/lib/python3.7/site-packages/airflow/example_dags/example_branch_labels.py for tasks to queue
[2023-08-09T10:04:47.949+0000] {logging_mixin.py:150} INFO - [2023-08-09T10:04:47.948+0000] {dagbag.py:541} INFO - Filling up the DagBag from /home/airflow/.local/lib/python3.7/site-packages/airflow/example_dags/example_branch_labels.py
[2023-08-09T10:04:47.974+0000] {processor.py:836} INFO - DAG(s) dict_keys(['example_branch_labels']) retrieved from /home/airflow/.local/lib/python3.7/site-packages/airflow/example_dags/example_branch_labels.py
[2023-08-09T10:04:48.235+0000] {logging_mixin.py:150} INFO - [2023-08-09T10:04:48.235+0000] {manager.py:504} INFO - Created Permission View: can read on DAG:example_branch_labels
[2023-08-09T10:04:48.269+0000] {logging_mixin.py:150} INFO - [2023-08-09T10:04:48.268+0000] {manager.py:504} INFO - Created Permission View: can edit on DAG:example_branch_labels
[2023-08-09T10:04:48.291+0000] {logging_mixin.py:150} INFO - [2023-08-09T10:04:48.291+0000] {manager.py:504} INFO - Created Permission View: can delete on DAG:example_branch_labels
[2023-08-09T10:04:48.328+0000] {logging_mixin.py:150} INFO - [2023-08-09T10:04:48.328+0000] {dag.py:2742} INFO - Sync 1 DAGs
[2023-08-09T10:04:48.360+0000] {logging_mixin.py:150} INFO - [2023-08-09T10:04:48.360+0000] {dag.py:2763} INFO - Creating ORM DAG for example_branch_labels
[2023-08-09T10:04:48.386+0000] {logging_mixin.py:150} INFO - [2023-08-09T10:04:48.386+0000] {dag.py:3508} INFO - Setting next_dagrun for example_branch_labels to 2023-08-08T00:00:00+00:00, run_after=2023-08-09T00:00:00+00:00
[2023-08-09T10:04:48.431+0000] {processor.py:179} INFO - Processing /home/airflow/.local/lib/python3.7/site-packages/airflow/example_dags/example_branch_labels.py took 0.494 seconds
[2023-08-09T10:05:23.538+0000] {processor.py:157} INFO - Started process (PID=103) to work on /home/airflow/.local/lib/python3.7/site-packages/airflow/example_dags/example_branch_labels.py
[2023-08-09T10:05:23.573+0000] {processor.py:826} INFO - Processing file /home/airflow/.local/lib/python3.7/site-packages/airflow/example_dags/example_branch_labels.py for tasks to queue
[2023-08-09T10:05:23.575+0000] {logging_mixin.py:150} INFO - [2023-08-09T10:05:23.574+0000] {dagbag.py:541} INFO - Filling up the DagBag from /home/airflow/.local/lib/python3.7/site-packages/airflow/example_dags/example_branch_labels.py
[2023-08-09T10:05:23.592+0000] {processor.py:836} INFO - DAG(s) dict_keys(['example_branch_labels']) retrieved from /home/airflow/.local/lib/python3.7/site-packages/airflow/example_dags/example_branch_labels.py
[2023-08-09T10:05:23.623+0000] {logging_mixin.py:150} INFO - [2023-08-09T10:05:23.623+0000] {dag.py:2742} INFO - Sync 1 DAGs
[2023-08-09T10:05:23.651+0000] {logging_mixin.py:150} INFO - [2023-08-09T10:05:23.651+0000] {dag.py:3508} INFO - Setting next_dagrun for example_branch_labels to 2023-08-08T00:00:00+00:00, run_after=2023-08-09T00:00:00+00:00
[2023-08-09T10:05:23.736+0000] {processor.py:179} INFO - Processing /home/airflow/.local/lib/python3.7/site-packages/airflow/example_dags/example_branch_labels.py took 0.201 seconds
[2023-08-09T10:05:54.096+0000] {processor.py:157} INFO - Started process (PID=156) to work on /home/airflow/.local/lib/python3.7/site-packages/airflow/example_dags/example_branch_labels.py
[2023-08-09T10:05:54.234+0000] {processor.py:826} INFO - Processing file /home/airflow/.local/lib/python3.7/site-packages/airflow/example_dags/example_branch_labels.py for tasks to queue
[2023-08-09T10:05:54.235+0000] {logging_mixin.py:150} INFO - [2023-08-09T10:05:54.235+0000] {dagbag.py:541} INFO - Filling up the DagBag from /home/airflow/.local/lib/python3.7/site-packages/airflow/example_dags/example_branch_labels.py
[2023-08-09T10:05:54.265+0000] {processor.py:836} INFO - DAG(s) dict_keys(['example_branch_labels']) retrieved from /home/airflow/.local/lib/python3.7/site-packages/airflow/example_dags/example_branch_labels.py
[2023-08-09T10:05:54.288+0000] {logging_mixin.py:150} INFO - [2023-08-09T10:05:54.288+0000] {dag.py:2742} INFO - Sync 1 DAGs
[2023-08-09T10:05:54.316+0000] {logging_mixin.py:150} INFO - [2023-08-09T10:05:54.316+0000] {dag.py:3508} INFO - Setting next_dagrun for example_branch_labels to 2023-08-08T00:00:00+00:00, run_after=2023-08-09T00:00:00+00:00
[2023-08-09T10:05:54.346+0000] {processor.py:179} INFO - Processing /home/airflow/.local/lib/python3.7/site-packages/airflow/example_dags/example_branch_labels.py took 0.253 seconds
[2023-08-09T10:06:24.782+0000] {processor.py:157} INFO - Started process (PID=217) to work on /home/airflow/.local/lib/python3.7/site-packages/airflow/example_dags/example_branch_labels.py
[2023-08-09T10:06:24.783+0000] {processor.py:826} INFO - Processing file /home/airflow/.local/lib/python3.7/site-packages/airflow/example_dags/example_branch_labels.py for tasks to queue
[2023-08-09T10:06:24.784+0000] {logging_mixin.py:150} INFO - [2023-08-09T10:06:24.783+0000] {dagbag.py:541} INFO - Filling up the DagBag from /home/airflow/.local/lib/python3.7/site-packages/airflow/example_dags/example_branch_labels.py
[2023-08-09T10:06:24.791+0000] {processor.py:836} INFO - DAG(s) dict_keys(['example_branch_labels']) retrieved from /home/airflow/.local/lib/python3.7/site-packages/airflow/example_dags/example_branch_labels.py
[2023-08-09T10:06:24.813+0000] {logging_mixin.py:150} INFO - [2023-08-09T10:06:24.813+0000] {dag.py:2742} INFO - Sync 1 DAGs
[2023-08-09T10:06:24.845+0000] {logging_mixin.py:150} INFO - [2023-08-09T10:06:24.845+0000] {dag.py:3508} INFO - Setting next_dagrun for example_branch_labels to 2023-08-08T00:00:00+00:00, run_after=2023-08-09T00:00:00+00:00
[2023-08-09T10:06:24.914+0000] {processor.py:179} INFO - Processing /home/airflow/.local/lib/python3.7/site-packages/airflow/example_dags/example_branch_labels.py took 0.135 seconds
[2023-08-09T10:06:56.456+0000] {processor.py:157} INFO - Started process (PID=277) to work on /home/airflow/.local/lib/python3.7/site-packages/airflow/example_dags/example_branch_labels.py
[2023-08-09T10:06:56.503+0000] {processor.py:826} INFO - Processing file /home/airflow/.local/lib/python3.7/site-packages/airflow/example_dags/example_branch_labels.py for tasks to queue
[2023-08-09T10:06:56.504+0000] {logging_mixin.py:150} INFO - [2023-08-09T10:06:56.504+0000] {dagbag.py:541} INFO - Filling up the DagBag from /home/airflow/.local/lib/python3.7/site-packages/airflow/example_dags/example_branch_labels.py
[2023-08-09T10:06:56.524+0000] {processor.py:836} INFO - DAG(s) dict_keys(['example_branch_labels']) retrieved from /home/airflow/.local/lib/python3.7/site-packages/airflow/example_dags/example_branch_labels.py
[2023-08-09T10:06:56.557+0000] {logging_mixin.py:150} INFO - [2023-08-09T10:06:56.556+0000] {dag.py:2742} INFO - Sync 1 DAGs
[2023-08-09T10:06:56.586+0000] {logging_mixin.py:150} INFO - [2023-08-09T10:06:56.586+0000] {dag.py:3508} INFO - Setting next_dagrun for example_branch_labels to 2023-08-08T00:00:00+00:00, run_after=2023-08-09T00:00:00+00:00
[2023-08-09T10:06:56.693+0000] {processor.py:179} INFO - Processing /home/airflow/.local/lib/python3.7/site-packages/airflow/example_dags/example_branch_labels.py took 0.245 seconds
[2023-08-09T10:07:27.239+0000] {processor.py:157} INFO - Started process (PID=330) to work on /home/airflow/.local/lib/python3.7/site-packages/airflow/example_dags/example_branch_labels.py
[2023-08-09T10:07:27.263+0000] {processor.py:826} INFO - Processing file /home/airflow/.local/lib/python3.7/site-packages/airflow/example_dags/example_branch_labels.py for tasks to queue
[2023-08-09T10:07:27.264+0000] {logging_mixin.py:150} INFO - [2023-08-09T10:07:27.264+0000] {dagbag.py:541} INFO - Filling up the DagBag from /home/airflow/.local/lib/python3.7/site-packages/airflow/example_dags/example_branch_labels.py
[2023-08-09T10:07:27.274+0000] {processor.py:836} INFO - DAG(s) dict_keys(['example_branch_labels']) retrieved from /home/airflow/.local/lib/python3.7/site-packages/airflow/example_dags/example_branch_labels.py
[2023-08-09T10:07:27.299+0000] {logging_mixin.py:150} INFO - [2023-08-09T10:07:27.299+0000] {dag.py:2742} INFO - Sync 1 DAGs
[2023-08-09T10:07:27.328+0000] {logging_mixin.py:150} INFO - [2023-08-09T10:07:27.327+0000] {dag.py:3508} INFO - Setting next_dagrun for example_branch_labels to 2023-08-08T00:00:00+00:00, run_after=2023-08-09T00:00:00+00:00
[2023-08-09T10:07:27.361+0000] {processor.py:179} INFO - Processing /home/airflow/.local/lib/python3.7/site-packages/airflow/example_dags/example_branch_labels.py took 0.125 seconds
