[2023-08-09T10:04:47.426+0000] {processor.py:157} INFO - Started process (PID=43) to work on /home/airflow/.local/lib/python3.7/site-packages/airflow/example_dags/example_short_circuit_decorator.py
[2023-08-09T10:04:47.427+0000] {processor.py:826} INFO - Processing file /home/airflow/.local/lib/python3.7/site-packages/airflow/example_dags/example_short_circuit_decorator.py for tasks to queue
[2023-08-09T10:04:47.428+0000] {logging_mixin.py:150} INFO - [2023-08-09T10:04:47.428+0000] {dagbag.py:541} INFO - Filling up the DagBag from /home/airflow/.local/lib/python3.7/site-packages/airflow/example_dags/example_short_circuit_decorator.py
[2023-08-09T10:04:47.442+0000] {processor.py:836} INFO - DAG(s) dict_keys(['example_short_circuit_decorator']) retrieved from /home/airflow/.local/lib/python3.7/site-packages/airflow/example_dags/example_short_circuit_decorator.py
[2023-08-09T10:04:47.676+0000] {logging_mixin.py:150} INFO - [2023-08-09T10:04:47.676+0000] {manager.py:504} INFO - Created Permission View: can read on DAG:example_short_circuit_decorator
[2023-08-09T10:04:47.699+0000] {logging_mixin.py:150} INFO - [2023-08-09T10:04:47.698+0000] {manager.py:504} INFO - Created Permission View: can edit on DAG:example_short_circuit_decorator
[2023-08-09T10:04:47.721+0000] {logging_mixin.py:150} INFO - [2023-08-09T10:04:47.721+0000] {manager.py:504} INFO - Created Permission View: can delete on DAG:example_short_circuit_decorator
[2023-08-09T10:04:47.753+0000] {logging_mixin.py:150} INFO - [2023-08-09T10:04:47.753+0000] {dag.py:2742} INFO - Sync 1 DAGs
[2023-08-09T10:04:47.777+0000] {logging_mixin.py:150} INFO - [2023-08-09T10:04:47.777+0000] {dag.py:2763} INFO - Creating ORM DAG for example_short_circuit_decorator
[2023-08-09T10:04:47.801+0000] {logging_mixin.py:150} INFO - [2023-08-09T10:04:47.801+0000] {dag.py:3508} INFO - Setting next_dagrun for example_short_circuit_decorator to 2023-08-08T10:04:47.801155+00:00, run_after=2023-08-09T10:04:47.801155+00:00
[2023-08-09T10:04:47.878+0000] {processor.py:179} INFO - Processing /home/airflow/.local/lib/python3.7/site-packages/airflow/example_dags/example_short_circuit_decorator.py took 0.456 seconds
[2023-08-09T10:05:23.215+0000] {processor.py:157} INFO - Started process (PID=102) to work on /home/airflow/.local/lib/python3.7/site-packages/airflow/example_dags/example_short_circuit_decorator.py
[2023-08-09T10:05:23.288+0000] {processor.py:826} INFO - Processing file /home/airflow/.local/lib/python3.7/site-packages/airflow/example_dags/example_short_circuit_decorator.py for tasks to queue
[2023-08-09T10:05:23.291+0000] {logging_mixin.py:150} INFO - [2023-08-09T10:05:23.290+0000] {dagbag.py:541} INFO - Filling up the DagBag from /home/airflow/.local/lib/python3.7/site-packages/airflow/example_dags/example_short_circuit_decorator.py
[2023-08-09T10:05:23.316+0000] {processor.py:836} INFO - DAG(s) dict_keys(['example_short_circuit_decorator']) retrieved from /home/airflow/.local/lib/python3.7/site-packages/airflow/example_dags/example_short_circuit_decorator.py
[2023-08-09T10:05:23.344+0000] {logging_mixin.py:150} INFO - [2023-08-09T10:05:23.344+0000] {dag.py:2742} INFO - Sync 1 DAGs
[2023-08-09T10:05:23.371+0000] {logging_mixin.py:150} INFO - [2023-08-09T10:05:23.371+0000] {dag.py:3508} INFO - Setting next_dagrun for example_short_circuit_decorator to 2023-08-08T10:05:23.371432+00:00, run_after=2023-08-09T10:05:23.371432+00:00
[2023-08-09T10:05:23.520+0000] {processor.py:179} INFO - Processing /home/airflow/.local/lib/python3.7/site-packages/airflow/example_dags/example_short_circuit_decorator.py took 0.309 seconds
[2023-08-09T10:05:53.941+0000] {processor.py:157} INFO - Started process (PID=155) to work on /home/airflow/.local/lib/python3.7/site-packages/airflow/example_dags/example_short_circuit_decorator.py
[2023-08-09T10:05:53.956+0000] {processor.py:826} INFO - Processing file /home/airflow/.local/lib/python3.7/site-packages/airflow/example_dags/example_short_circuit_decorator.py for tasks to queue
[2023-08-09T10:05:53.957+0000] {logging_mixin.py:150} INFO - [2023-08-09T10:05:53.957+0000] {dagbag.py:541} INFO - Filling up the DagBag from /home/airflow/.local/lib/python3.7/site-packages/airflow/example_dags/example_short_circuit_decorator.py
[2023-08-09T10:05:53.981+0000] {processor.py:836} INFO - DAG(s) dict_keys(['example_short_circuit_decorator']) retrieved from /home/airflow/.local/lib/python3.7/site-packages/airflow/example_dags/example_short_circuit_decorator.py
[2023-08-09T10:05:54.006+0000] {logging_mixin.py:150} INFO - [2023-08-09T10:05:54.006+0000] {dag.py:2742} INFO - Sync 1 DAGs
[2023-08-09T10:05:54.034+0000] {logging_mixin.py:150} INFO - [2023-08-09T10:05:54.034+0000] {dag.py:3508} INFO - Setting next_dagrun for example_short_circuit_decorator to 2023-08-08T10:05:54.034274+00:00, run_after=2023-08-09T10:05:54.034274+00:00
[2023-08-09T10:05:54.078+0000] {processor.py:179} INFO - Processing /home/airflow/.local/lib/python3.7/site-packages/airflow/example_dags/example_short_circuit_decorator.py took 0.139 seconds
[2023-08-09T10:06:24.673+0000] {processor.py:157} INFO - Started process (PID=216) to work on /home/airflow/.local/lib/python3.7/site-packages/airflow/example_dags/example_short_circuit_decorator.py
[2023-08-09T10:06:24.714+0000] {processor.py:826} INFO - Processing file /home/airflow/.local/lib/python3.7/site-packages/airflow/example_dags/example_short_circuit_decorator.py for tasks to queue
[2023-08-09T10:06:24.714+0000] {logging_mixin.py:150} INFO - [2023-08-09T10:06:24.714+0000] {dagbag.py:541} INFO - Filling up the DagBag from /home/airflow/.local/lib/python3.7/site-packages/airflow/example_dags/example_short_circuit_decorator.py
[2023-08-09T10:06:24.723+0000] {processor.py:836} INFO - DAG(s) dict_keys(['example_short_circuit_decorator']) retrieved from /home/airflow/.local/lib/python3.7/site-packages/airflow/example_dags/example_short_circuit_decorator.py
[2023-08-09T10:06:24.749+0000] {logging_mixin.py:150} INFO - [2023-08-09T10:06:24.749+0000] {dag.py:2742} INFO - Sync 1 DAGs
[2023-08-09T10:06:24.776+0000] {logging_mixin.py:150} INFO - [2023-08-09T10:06:24.776+0000] {dag.py:3508} INFO - Setting next_dagrun for example_short_circuit_decorator to 2023-08-08T10:06:24.776403+00:00, run_after=2023-08-09T10:06:24.776403+00:00
[2023-08-09T10:06:24.833+0000] {processor.py:179} INFO - Processing /home/airflow/.local/lib/python3.7/site-packages/airflow/example_dags/example_short_circuit_decorator.py took 0.162 seconds
[2023-08-09T10:06:56.193+0000] {processor.py:157} INFO - Started process (PID=276) to work on /home/airflow/.local/lib/python3.7/site-packages/airflow/example_dags/example_short_circuit_decorator.py
[2023-08-09T10:06:56.269+0000] {processor.py:826} INFO - Processing file /home/airflow/.local/lib/python3.7/site-packages/airflow/example_dags/example_short_circuit_decorator.py for tasks to queue
[2023-08-09T10:06:56.270+0000] {logging_mixin.py:150} INFO - [2023-08-09T10:06:56.269+0000] {dagbag.py:541} INFO - Filling up the DagBag from /home/airflow/.local/lib/python3.7/site-packages/airflow/example_dags/example_short_circuit_decorator.py
[2023-08-09T10:06:56.280+0000] {processor.py:836} INFO - DAG(s) dict_keys(['example_short_circuit_decorator']) retrieved from /home/airflow/.local/lib/python3.7/site-packages/airflow/example_dags/example_short_circuit_decorator.py
[2023-08-09T10:06:56.303+0000] {logging_mixin.py:150} INFO - [2023-08-09T10:06:56.303+0000] {dag.py:2742} INFO - Sync 1 DAGs
[2023-08-09T10:06:56.329+0000] {logging_mixin.py:150} INFO - [2023-08-09T10:06:56.328+0000] {dag.py:3508} INFO - Setting next_dagrun for example_short_circuit_decorator to 2023-08-08T10:06:56.328619+00:00, run_after=2023-08-09T10:06:56.328619+00:00
[2023-08-09T10:06:56.415+0000] {processor.py:179} INFO - Processing /home/airflow/.local/lib/python3.7/site-packages/airflow/example_dags/example_short_circuit_decorator.py took 0.226 seconds
[2023-08-09T10:07:27.232+0000] {processor.py:157} INFO - Started process (PID=329) to work on /home/airflow/.local/lib/python3.7/site-packages/airflow/example_dags/example_short_circuit_decorator.py
[2023-08-09T10:07:27.254+0000] {processor.py:826} INFO - Processing file /home/airflow/.local/lib/python3.7/site-packages/airflow/example_dags/example_short_circuit_decorator.py for tasks to queue
[2023-08-09T10:07:27.255+0000] {logging_mixin.py:150} INFO - [2023-08-09T10:07:27.255+0000] {dagbag.py:541} INFO - Filling up the DagBag from /home/airflow/.local/lib/python3.7/site-packages/airflow/example_dags/example_short_circuit_decorator.py
[2023-08-09T10:07:27.267+0000] {processor.py:836} INFO - DAG(s) dict_keys(['example_short_circuit_decorator']) retrieved from /home/airflow/.local/lib/python3.7/site-packages/airflow/example_dags/example_short_circuit_decorator.py
[2023-08-09T10:07:27.297+0000] {logging_mixin.py:150} INFO - [2023-08-09T10:07:27.297+0000] {dag.py:2742} INFO - Sync 1 DAGs
[2023-08-09T10:07:27.324+0000] {logging_mixin.py:150} INFO - [2023-08-09T10:07:27.324+0000] {dag.py:3508} INFO - Setting next_dagrun for example_short_circuit_decorator to 2023-08-08T10:07:27.324523+00:00, run_after=2023-08-09T10:07:27.324523+00:00
[2023-08-09T10:07:27.348+0000] {processor.py:179} INFO - Processing /home/airflow/.local/lib/python3.7/site-packages/airflow/example_dags/example_short_circuit_decorator.py took 0.121 seconds
