[2023-08-09T10:04:44.499+0000] {processor.py:157} INFO - Started process (PID=35) to work on /home/airflow/.local/lib/python3.7/site-packages/airflow/example_dags/example_latest_only_with_trigger.py
[2023-08-09T10:04:44.500+0000] {processor.py:826} INFO - Processing file /home/airflow/.local/lib/python3.7/site-packages/airflow/example_dags/example_latest_only_with_trigger.py for tasks to queue
[2023-08-09T10:04:44.501+0000] {logging_mixin.py:150} INFO - [2023-08-09T10:04:44.501+0000] {dagbag.py:541} INFO - Filling up the DagBag from /home/airflow/.local/lib/python3.7/site-packages/airflow/example_dags/example_latest_only_with_trigger.py
[2023-08-09T10:04:44.577+0000] {processor.py:836} INFO - DAG(s) dict_keys(['latest_only_with_trigger']) retrieved from /home/airflow/.local/lib/python3.7/site-packages/airflow/example_dags/example_latest_only_with_trigger.py
[2023-08-09T10:04:44.875+0000] {logging_mixin.py:150} INFO - [2023-08-09T10:04:44.874+0000] {manager.py:504} INFO - Created Permission View: can read on DAG:latest_only_with_trigger
[2023-08-09T10:04:45.031+0000] {logging_mixin.py:150} INFO - [2023-08-09T10:04:45.031+0000] {manager.py:504} INFO - Created Permission View: can edit on DAG:latest_only_with_trigger
[2023-08-09T10:04:45.177+0000] {logging_mixin.py:150} INFO - [2023-08-09T10:04:45.176+0000] {manager.py:504} INFO - Created Permission View: can delete on DAG:latest_only_with_trigger
[2023-08-09T10:04:45.209+0000] {logging_mixin.py:150} INFO - [2023-08-09T10:04:45.209+0000] {dag.py:2742} INFO - Sync 1 DAGs
[2023-08-09T10:04:45.226+0000] {logging_mixin.py:150} INFO - [2023-08-09T10:04:45.226+0000] {dag.py:2763} INFO - Creating ORM DAG for latest_only_with_trigger
[2023-08-09T10:04:45.243+0000] {logging_mixin.py:150} INFO - [2023-08-09T10:04:45.242+0000] {dag.py:3508} INFO - Setting next_dagrun for latest_only_with_trigger to 2023-08-09T06:04:45.242474+00:00, run_after=2023-08-09T10:04:45.242474+00:00
[2023-08-09T10:04:45.386+0000] {processor.py:179} INFO - Processing /home/airflow/.local/lib/python3.7/site-packages/airflow/example_dags/example_latest_only_with_trigger.py took 0.890 seconds
[2023-08-09T10:05:20.559+0000] {processor.py:157} INFO - Started process (PID=88) to work on /home/airflow/.local/lib/python3.7/site-packages/airflow/example_dags/example_latest_only_with_trigger.py
[2023-08-09T10:05:20.576+0000] {processor.py:826} INFO - Processing file /home/airflow/.local/lib/python3.7/site-packages/airflow/example_dags/example_latest_only_with_trigger.py for tasks to queue
[2023-08-09T10:05:20.577+0000] {logging_mixin.py:150} INFO - [2023-08-09T10:05:20.577+0000] {dagbag.py:541} INFO - Filling up the DagBag from /home/airflow/.local/lib/python3.7/site-packages/airflow/example_dags/example_latest_only_with_trigger.py
[2023-08-09T10:05:20.584+0000] {processor.py:836} INFO - DAG(s) dict_keys(['latest_only_with_trigger']) retrieved from /home/airflow/.local/lib/python3.7/site-packages/airflow/example_dags/example_latest_only_with_trigger.py
[2023-08-09T10:05:20.608+0000] {logging_mixin.py:150} INFO - [2023-08-09T10:05:20.608+0000] {dag.py:2742} INFO - Sync 1 DAGs
[2023-08-09T10:05:20.636+0000] {logging_mixin.py:150} INFO - [2023-08-09T10:05:20.636+0000] {dag.py:3508} INFO - Setting next_dagrun for latest_only_with_trigger to 2023-08-09T06:05:20.636544+00:00, run_after=2023-08-09T10:05:20.636544+00:00
[2023-08-09T10:05:20.760+0000] {processor.py:179} INFO - Processing /home/airflow/.local/lib/python3.7/site-packages/airflow/example_dags/example_latest_only_with_trigger.py took 0.203 seconds
[2023-08-09T10:05:51.984+0000] {processor.py:157} INFO - Started process (PID=148) to work on /home/airflow/.local/lib/python3.7/site-packages/airflow/example_dags/example_latest_only_with_trigger.py
[2023-08-09T10:05:52.050+0000] {processor.py:826} INFO - Processing file /home/airflow/.local/lib/python3.7/site-packages/airflow/example_dags/example_latest_only_with_trigger.py for tasks to queue
[2023-08-09T10:05:52.052+0000] {logging_mixin.py:150} INFO - [2023-08-09T10:05:52.051+0000] {dagbag.py:541} INFO - Filling up the DagBag from /home/airflow/.local/lib/python3.7/site-packages/airflow/example_dags/example_latest_only_with_trigger.py
[2023-08-09T10:05:52.162+0000] {processor.py:836} INFO - DAG(s) dict_keys(['latest_only_with_trigger']) retrieved from /home/airflow/.local/lib/python3.7/site-packages/airflow/example_dags/example_latest_only_with_trigger.py
[2023-08-09T10:05:52.199+0000] {logging_mixin.py:150} INFO - [2023-08-09T10:05:52.199+0000] {dag.py:2742} INFO - Sync 1 DAGs
[2023-08-09T10:05:52.231+0000] {logging_mixin.py:150} INFO - [2023-08-09T10:05:52.230+0000] {dag.py:3508} INFO - Setting next_dagrun for latest_only_with_trigger to 2023-08-09T06:05:52.230760+00:00, run_after=2023-08-09T10:05:52.230760+00:00
[2023-08-09T10:05:52.522+0000] {processor.py:179} INFO - Processing /home/airflow/.local/lib/python3.7/site-packages/airflow/example_dags/example_latest_only_with_trigger.py took 0.541 seconds
[2023-08-09T10:06:23.838+0000] {processor.py:157} INFO - Started process (PID=209) to work on /home/airflow/.local/lib/python3.7/site-packages/airflow/example_dags/example_latest_only_with_trigger.py
[2023-08-09T10:06:23.866+0000] {processor.py:826} INFO - Processing file /home/airflow/.local/lib/python3.7/site-packages/airflow/example_dags/example_latest_only_with_trigger.py for tasks to queue
[2023-08-09T10:06:23.867+0000] {logging_mixin.py:150} INFO - [2023-08-09T10:06:23.867+0000] {dagbag.py:541} INFO - Filling up the DagBag from /home/airflow/.local/lib/python3.7/site-packages/airflow/example_dags/example_latest_only_with_trigger.py
[2023-08-09T10:06:23.873+0000] {processor.py:836} INFO - DAG(s) dict_keys(['latest_only_with_trigger']) retrieved from /home/airflow/.local/lib/python3.7/site-packages/airflow/example_dags/example_latest_only_with_trigger.py
[2023-08-09T10:06:23.900+0000] {logging_mixin.py:150} INFO - [2023-08-09T10:06:23.900+0000] {dag.py:2742} INFO - Sync 1 DAGs
[2023-08-09T10:06:23.929+0000] {logging_mixin.py:150} INFO - [2023-08-09T10:06:23.928+0000] {dag.py:3508} INFO - Setting next_dagrun for latest_only_with_trigger to 2023-08-09T06:06:23.928674+00:00, run_after=2023-08-09T10:06:23.928674+00:00
[2023-08-09T10:06:24.045+0000] {processor.py:179} INFO - Processing /home/airflow/.local/lib/python3.7/site-packages/airflow/example_dags/example_latest_only_with_trigger.py took 0.210 seconds
[2023-08-09T10:06:55.094+0000] {processor.py:157} INFO - Started process (PID=258) to work on /home/airflow/.local/lib/python3.7/site-packages/airflow/example_dags/example_latest_only_with_trigger.py
[2023-08-09T10:06:55.095+0000] {processor.py:826} INFO - Processing file /home/airflow/.local/lib/python3.7/site-packages/airflow/example_dags/example_latest_only_with_trigger.py for tasks to queue
[2023-08-09T10:06:55.096+0000] {logging_mixin.py:150} INFO - [2023-08-09T10:06:55.096+0000] {dagbag.py:541} INFO - Filling up the DagBag from /home/airflow/.local/lib/python3.7/site-packages/airflow/example_dags/example_latest_only_with_trigger.py
[2023-08-09T10:06:55.101+0000] {processor.py:836} INFO - DAG(s) dict_keys(['latest_only_with_trigger']) retrieved from /home/airflow/.local/lib/python3.7/site-packages/airflow/example_dags/example_latest_only_with_trigger.py
[2023-08-09T10:06:55.123+0000] {logging_mixin.py:150} INFO - [2023-08-09T10:06:55.123+0000] {dag.py:2742} INFO - Sync 1 DAGs
[2023-08-09T10:06:55.149+0000] {logging_mixin.py:150} INFO - [2023-08-09T10:06:55.149+0000] {dag.py:3508} INFO - Setting next_dagrun for latest_only_with_trigger to 2023-08-09T06:06:55.149132+00:00, run_after=2023-08-09T10:06:55.149132+00:00
[2023-08-09T10:06:55.281+0000] {processor.py:179} INFO - Processing /home/airflow/.local/lib/python3.7/site-packages/airflow/example_dags/example_latest_only_with_trigger.py took 0.189 seconds
[2023-08-09T10:07:25.417+0000] {processor.py:157} INFO - Started process (PID=319) to work on /home/airflow/.local/lib/python3.7/site-packages/airflow/example_dags/example_latest_only_with_trigger.py
[2023-08-09T10:07:25.430+0000] {processor.py:826} INFO - Processing file /home/airflow/.local/lib/python3.7/site-packages/airflow/example_dags/example_latest_only_with_trigger.py for tasks to queue
[2023-08-09T10:07:25.431+0000] {logging_mixin.py:150} INFO - [2023-08-09T10:07:25.430+0000] {dagbag.py:541} INFO - Filling up the DagBag from /home/airflow/.local/lib/python3.7/site-packages/airflow/example_dags/example_latest_only_with_trigger.py
[2023-08-09T10:07:25.436+0000] {processor.py:836} INFO - DAG(s) dict_keys(['latest_only_with_trigger']) retrieved from /home/airflow/.local/lib/python3.7/site-packages/airflow/example_dags/example_latest_only_with_trigger.py
[2023-08-09T10:07:25.459+0000] {logging_mixin.py:150} INFO - [2023-08-09T10:07:25.459+0000] {dag.py:2742} INFO - Sync 1 DAGs
[2023-08-09T10:07:25.495+0000] {logging_mixin.py:150} INFO - [2023-08-09T10:07:25.495+0000] {dag.py:3508} INFO - Setting next_dagrun for latest_only_with_trigger to 2023-08-09T06:07:25.494728+00:00, run_after=2023-08-09T10:07:25.494728+00:00
[2023-08-09T10:07:25.525+0000] {processor.py:179} INFO - Processing /home/airflow/.local/lib/python3.7/site-packages/airflow/example_dags/example_latest_only_with_trigger.py took 0.110 seconds
