[2023-08-09T10:05:09.929+0000] {processor.py:157} INFO - Started process (PID=63) to work on /home/airflow/.local/lib/python3.7/site-packages/airflow/example_dags/example_branch_python_dop_operator_3.py
[2023-08-09T10:05:09.930+0000] {processor.py:826} INFO - Processing file /home/airflow/.local/lib/python3.7/site-packages/airflow/example_dags/example_branch_python_dop_operator_3.py for tasks to queue
[2023-08-09T10:05:09.931+0000] {logging_mixin.py:150} INFO - [2023-08-09T10:05:09.931+0000] {dagbag.py:541} INFO - Filling up the DagBag from /home/airflow/.local/lib/python3.7/site-packages/airflow/example_dags/example_branch_python_dop_operator_3.py
[2023-08-09T10:05:09.949+0000] {processor.py:836} INFO - DAG(s) dict_keys(['example_branch_dop_operator_v3']) retrieved from /home/airflow/.local/lib/python3.7/site-packages/airflow/example_dags/example_branch_python_dop_operator_3.py
[2023-08-09T10:05:10.340+0000] {logging_mixin.py:150} INFO - [2023-08-09T10:05:10.339+0000] {manager.py:504} INFO - Created Permission View: can read on DAG:example_branch_dop_operator_v3
[2023-08-09T10:05:10.493+0000] {logging_mixin.py:150} INFO - [2023-08-09T10:05:10.492+0000] {manager.py:504} INFO - Created Permission View: can edit on DAG:example_branch_dop_operator_v3
[2023-08-09T10:05:10.649+0000] {logging_mixin.py:150} INFO - [2023-08-09T10:05:10.649+0000] {manager.py:504} INFO - Created Permission View: can delete on DAG:example_branch_dop_operator_v3
[2023-08-09T10:05:10.694+0000] {logging_mixin.py:150} INFO - [2023-08-09T10:05:10.693+0000] {dag.py:2742} INFO - Sync 1 DAGs
[2023-08-09T10:05:10.710+0000] {logging_mixin.py:150} INFO - [2023-08-09T10:05:10.710+0000] {dag.py:2763} INFO - Creating ORM DAG for example_branch_dop_operator_v3
[2023-08-09T10:05:10.750+0000] {logging_mixin.py:150} INFO - [2023-08-09T10:05:10.749+0000] {dag.py:3508} INFO - Setting next_dagrun for example_branch_dop_operator_v3 to 2023-08-09T10:04:00+00:00, run_after=2023-08-09T10:05:00+00:00
[2023-08-09T10:05:10.819+0000] {processor.py:179} INFO - Processing /home/airflow/.local/lib/python3.7/site-packages/airflow/example_dags/example_branch_python_dop_operator_3.py took 0.896 seconds
[2023-08-09T10:05:42.695+0000] {processor.py:157} INFO - Started process (PID=124) to work on /home/airflow/.local/lib/python3.7/site-packages/airflow/example_dags/example_branch_python_dop_operator_3.py
[2023-08-09T10:05:42.726+0000] {processor.py:826} INFO - Processing file /home/airflow/.local/lib/python3.7/site-packages/airflow/example_dags/example_branch_python_dop_operator_3.py for tasks to queue
[2023-08-09T10:05:42.727+0000] {logging_mixin.py:150} INFO - [2023-08-09T10:05:42.727+0000] {dagbag.py:541} INFO - Filling up the DagBag from /home/airflow/.local/lib/python3.7/site-packages/airflow/example_dags/example_branch_python_dop_operator_3.py
[2023-08-09T10:05:42.735+0000] {processor.py:836} INFO - DAG(s) dict_keys(['example_branch_dop_operator_v3']) retrieved from /home/airflow/.local/lib/python3.7/site-packages/airflow/example_dags/example_branch_python_dop_operator_3.py
[2023-08-09T10:05:42.756+0000] {logging_mixin.py:150} INFO - [2023-08-09T10:05:42.756+0000] {dag.py:2742} INFO - Sync 1 DAGs
[2023-08-09T10:05:42.788+0000] {logging_mixin.py:150} INFO - [2023-08-09T10:05:42.788+0000] {dag.py:3508} INFO - Setting next_dagrun for example_branch_dop_operator_v3 to 2023-08-09T10:04:00+00:00, run_after=2023-08-09T10:05:00+00:00
[2023-08-09T10:05:42.896+0000] {processor.py:179} INFO - Processing /home/airflow/.local/lib/python3.7/site-packages/airflow/example_dags/example_branch_python_dop_operator_3.py took 0.203 seconds
[2023-08-09T10:06:18.797+0000] {processor.py:157} INFO - Started process (PID=176) to work on /home/airflow/.local/lib/python3.7/site-packages/airflow/example_dags/example_branch_python_dop_operator_3.py
[2023-08-09T10:06:18.867+0000] {processor.py:826} INFO - Processing file /home/airflow/.local/lib/python3.7/site-packages/airflow/example_dags/example_branch_python_dop_operator_3.py for tasks to queue
[2023-08-09T10:06:18.869+0000] {logging_mixin.py:150} INFO - [2023-08-09T10:06:18.869+0000] {dagbag.py:541} INFO - Filling up the DagBag from /home/airflow/.local/lib/python3.7/site-packages/airflow/example_dags/example_branch_python_dop_operator_3.py
[2023-08-09T10:06:18.886+0000] {processor.py:836} INFO - DAG(s) dict_keys(['example_branch_dop_operator_v3']) retrieved from /home/airflow/.local/lib/python3.7/site-packages/airflow/example_dags/example_branch_python_dop_operator_3.py
[2023-08-09T10:06:18.911+0000] {logging_mixin.py:150} INFO - [2023-08-09T10:06:18.911+0000] {dag.py:2742} INFO - Sync 1 DAGs
[2023-08-09T10:06:18.943+0000] {logging_mixin.py:150} INFO - [2023-08-09T10:06:18.942+0000] {dag.py:3508} INFO - Setting next_dagrun for example_branch_dop_operator_v3 to 2023-08-09T10:05:00+00:00, run_after=2023-08-09T10:06:00+00:00
[2023-08-09T10:06:19.061+0000] {processor.py:179} INFO - Processing /home/airflow/.local/lib/python3.7/site-packages/airflow/example_dags/example_branch_python_dop_operator_3.py took 0.267 seconds
[2023-08-09T10:06:50.642+0000] {processor.py:157} INFO - Started process (PID=237) to work on /home/airflow/.local/lib/python3.7/site-packages/airflow/example_dags/example_branch_python_dop_operator_3.py
[2023-08-09T10:06:50.658+0000] {processor.py:826} INFO - Processing file /home/airflow/.local/lib/python3.7/site-packages/airflow/example_dags/example_branch_python_dop_operator_3.py for tasks to queue
[2023-08-09T10:06:50.659+0000] {logging_mixin.py:150} INFO - [2023-08-09T10:06:50.658+0000] {dagbag.py:541} INFO - Filling up the DagBag from /home/airflow/.local/lib/python3.7/site-packages/airflow/example_dags/example_branch_python_dop_operator_3.py
[2023-08-09T10:06:50.666+0000] {processor.py:836} INFO - DAG(s) dict_keys(['example_branch_dop_operator_v3']) retrieved from /home/airflow/.local/lib/python3.7/site-packages/airflow/example_dags/example_branch_python_dop_operator_3.py
[2023-08-09T10:06:50.688+0000] {logging_mixin.py:150} INFO - [2023-08-09T10:06:50.688+0000] {dag.py:2742} INFO - Sync 1 DAGs
[2023-08-09T10:06:50.720+0000] {logging_mixin.py:150} INFO - [2023-08-09T10:06:50.720+0000] {dag.py:3508} INFO - Setting next_dagrun for example_branch_dop_operator_v3 to 2023-08-09T10:05:00+00:00, run_after=2023-08-09T10:06:00+00:00
[2023-08-09T10:06:50.817+0000] {processor.py:179} INFO - Processing /home/airflow/.local/lib/python3.7/site-packages/airflow/example_dags/example_branch_python_dop_operator_3.py took 0.178 seconds
[2023-08-09T10:07:22.308+0000] {processor.py:157} INFO - Started process (PID=298) to work on /home/airflow/.local/lib/python3.7/site-packages/airflow/example_dags/example_branch_python_dop_operator_3.py
[2023-08-09T10:07:22.311+0000] {processor.py:826} INFO - Processing file /home/airflow/.local/lib/python3.7/site-packages/airflow/example_dags/example_branch_python_dop_operator_3.py for tasks to queue
[2023-08-09T10:07:22.312+0000] {logging_mixin.py:150} INFO - [2023-08-09T10:07:22.311+0000] {dagbag.py:541} INFO - Filling up the DagBag from /home/airflow/.local/lib/python3.7/site-packages/airflow/example_dags/example_branch_python_dop_operator_3.py
[2023-08-09T10:07:22.320+0000] {processor.py:836} INFO - DAG(s) dict_keys(['example_branch_dop_operator_v3']) retrieved from /home/airflow/.local/lib/python3.7/site-packages/airflow/example_dags/example_branch_python_dop_operator_3.py
[2023-08-09T10:07:22.345+0000] {logging_mixin.py:150} INFO - [2023-08-09T10:07:22.344+0000] {dag.py:2742} INFO - Sync 1 DAGs
[2023-08-09T10:07:22.379+0000] {logging_mixin.py:150} INFO - [2023-08-09T10:07:22.379+0000] {dag.py:3508} INFO - Setting next_dagrun for example_branch_dop_operator_v3 to 2023-08-09T10:06:00+00:00, run_after=2023-08-09T10:07:00+00:00
[2023-08-09T10:07:22.419+0000] {processor.py:179} INFO - Processing /home/airflow/.local/lib/python3.7/site-packages/airflow/example_dags/example_branch_python_dop_operator_3.py took 0.114 seconds
