[2023-08-09T10:04:46.100+0000] {processor.py:157} INFO - Started process (PID=39) to work on /home/airflow/.local/lib/python3.7/site-packages/airflow/example_dags/tutorial.py
[2023-08-09T10:04:46.101+0000] {processor.py:826} INFO - Processing file /home/airflow/.local/lib/python3.7/site-packages/airflow/example_dags/tutorial.py for tasks to queue
[2023-08-09T10:04:46.102+0000] {logging_mixin.py:150} INFO - [2023-08-09T10:04:46.102+0000] {dagbag.py:541} INFO - Filling up the DagBag from /home/airflow/.local/lib/python3.7/site-packages/airflow/example_dags/tutorial.py
[2023-08-09T10:04:46.111+0000] {processor.py:836} INFO - DAG(s) dict_keys(['tutorial']) retrieved from /home/airflow/.local/lib/python3.7/site-packages/airflow/example_dags/tutorial.py
[2023-08-09T10:04:46.411+0000] {logging_mixin.py:150} INFO - [2023-08-09T10:04:46.411+0000] {manager.py:504} INFO - Created Permission View: can read on DAG:tutorial
[2023-08-09T10:04:46.501+0000] {logging_mixin.py:150} INFO - [2023-08-09T10:04:46.500+0000] {manager.py:504} INFO - Created Permission View: can edit on DAG:tutorial
[2023-08-09T10:04:46.612+0000] {logging_mixin.py:150} INFO - [2023-08-09T10:04:46.611+0000] {manager.py:504} INFO - Created Permission View: can delete on DAG:tutorial
[2023-08-09T10:04:46.637+0000] {logging_mixin.py:150} INFO - [2023-08-09T10:04:46.637+0000] {dag.py:2742} INFO - Sync 1 DAGs
[2023-08-09T10:04:46.655+0000] {logging_mixin.py:150} INFO - [2023-08-09T10:04:46.655+0000] {dag.py:2763} INFO - Creating ORM DAG for tutorial
[2023-08-09T10:04:46.670+0000] {logging_mixin.py:150} INFO - [2023-08-09T10:04:46.670+0000] {dag.py:3508} INFO - Setting next_dagrun for tutorial to 2023-08-08T10:04:46.670211+00:00, run_after=2023-08-09T10:04:46.670211+00:00
[2023-08-09T10:04:46.751+0000] {processor.py:179} INFO - Processing /home/airflow/.local/lib/python3.7/site-packages/airflow/example_dags/tutorial.py took 0.655 seconds
[2023-08-09T10:05:22.136+0000] {processor.py:157} INFO - Started process (PID=99) to work on /home/airflow/.local/lib/python3.7/site-packages/airflow/example_dags/tutorial.py
[2023-08-09T10:05:22.179+0000] {processor.py:826} INFO - Processing file /home/airflow/.local/lib/python3.7/site-packages/airflow/example_dags/tutorial.py for tasks to queue
[2023-08-09T10:05:22.181+0000] {logging_mixin.py:150} INFO - [2023-08-09T10:05:22.180+0000] {dagbag.py:541} INFO - Filling up the DagBag from /home/airflow/.local/lib/python3.7/site-packages/airflow/example_dags/tutorial.py
[2023-08-09T10:05:22.199+0000] {processor.py:836} INFO - DAG(s) dict_keys(['tutorial']) retrieved from /home/airflow/.local/lib/python3.7/site-packages/airflow/example_dags/tutorial.py
[2023-08-09T10:05:22.236+0000] {logging_mixin.py:150} INFO - [2023-08-09T10:05:22.236+0000] {dag.py:2742} INFO - Sync 1 DAGs
[2023-08-09T10:05:22.264+0000] {logging_mixin.py:150} INFO - [2023-08-09T10:05:22.264+0000] {dag.py:3508} INFO - Setting next_dagrun for tutorial to 2023-08-08T10:05:22.263822+00:00, run_after=2023-08-09T10:05:22.263822+00:00
[2023-08-09T10:05:22.389+0000] {processor.py:179} INFO - Processing /home/airflow/.local/lib/python3.7/site-packages/airflow/example_dags/tutorial.py took 0.256 seconds
[2023-08-09T10:05:52.740+0000] {processor.py:157} INFO - Started process (PID=152) to work on /home/airflow/.local/lib/python3.7/site-packages/airflow/example_dags/tutorial.py
[2023-08-09T10:05:52.750+0000] {processor.py:826} INFO - Processing file /home/airflow/.local/lib/python3.7/site-packages/airflow/example_dags/tutorial.py for tasks to queue
[2023-08-09T10:05:52.751+0000] {logging_mixin.py:150} INFO - [2023-08-09T10:05:52.751+0000] {dagbag.py:541} INFO - Filling up the DagBag from /home/airflow/.local/lib/python3.7/site-packages/airflow/example_dags/tutorial.py
[2023-08-09T10:05:52.757+0000] {processor.py:836} INFO - DAG(s) dict_keys(['tutorial']) retrieved from /home/airflow/.local/lib/python3.7/site-packages/airflow/example_dags/tutorial.py
[2023-08-09T10:05:52.778+0000] {logging_mixin.py:150} INFO - [2023-08-09T10:05:52.778+0000] {dag.py:2742} INFO - Sync 1 DAGs
[2023-08-09T10:05:52.807+0000] {logging_mixin.py:150} INFO - [2023-08-09T10:05:52.807+0000] {dag.py:3508} INFO - Setting next_dagrun for tutorial to 2023-08-08T10:05:52.807381+00:00, run_after=2023-08-09T10:05:52.807381+00:00
[2023-08-09T10:05:52.909+0000] {processor.py:179} INFO - Processing /home/airflow/.local/lib/python3.7/site-packages/airflow/example_dags/tutorial.py took 0.172 seconds
[2023-08-09T10:06:24.383+0000] {processor.py:157} INFO - Started process (PID=213) to work on /home/airflow/.local/lib/python3.7/site-packages/airflow/example_dags/tutorial.py
[2023-08-09T10:06:24.435+0000] {processor.py:826} INFO - Processing file /home/airflow/.local/lib/python3.7/site-packages/airflow/example_dags/tutorial.py for tasks to queue
[2023-08-09T10:06:24.437+0000] {logging_mixin.py:150} INFO - [2023-08-09T10:06:24.437+0000] {dagbag.py:541} INFO - Filling up the DagBag from /home/airflow/.local/lib/python3.7/site-packages/airflow/example_dags/tutorial.py
[2023-08-09T10:06:24.454+0000] {processor.py:836} INFO - DAG(s) dict_keys(['tutorial']) retrieved from /home/airflow/.local/lib/python3.7/site-packages/airflow/example_dags/tutorial.py
[2023-08-09T10:06:24.481+0000] {logging_mixin.py:150} INFO - [2023-08-09T10:06:24.480+0000] {dag.py:2742} INFO - Sync 1 DAGs
[2023-08-09T10:06:24.507+0000] {logging_mixin.py:150} INFO - [2023-08-09T10:06:24.507+0000] {dag.py:3508} INFO - Setting next_dagrun for tutorial to 2023-08-08T10:06:24.507465+00:00, run_after=2023-08-09T10:06:24.507465+00:00
[2023-08-09T10:06:24.544+0000] {processor.py:179} INFO - Processing /home/airflow/.local/lib/python3.7/site-packages/airflow/example_dags/tutorial.py took 0.164 seconds
[2023-08-09T10:06:55.510+0000] {processor.py:157} INFO - Started process (PID=262) to work on /home/airflow/.local/lib/python3.7/site-packages/airflow/example_dags/tutorial.py
[2023-08-09T10:06:55.557+0000] {processor.py:826} INFO - Processing file /home/airflow/.local/lib/python3.7/site-packages/airflow/example_dags/tutorial.py for tasks to queue
[2023-08-09T10:06:55.558+0000] {logging_mixin.py:150} INFO - [2023-08-09T10:06:55.558+0000] {dagbag.py:541} INFO - Filling up the DagBag from /home/airflow/.local/lib/python3.7/site-packages/airflow/example_dags/tutorial.py
[2023-08-09T10:06:55.564+0000] {processor.py:836} INFO - DAG(s) dict_keys(['tutorial']) retrieved from /home/airflow/.local/lib/python3.7/site-packages/airflow/example_dags/tutorial.py
[2023-08-09T10:06:55.587+0000] {logging_mixin.py:150} INFO - [2023-08-09T10:06:55.587+0000] {dag.py:2742} INFO - Sync 1 DAGs
[2023-08-09T10:06:55.613+0000] {logging_mixin.py:150} INFO - [2023-08-09T10:06:55.613+0000] {dag.py:3508} INFO - Setting next_dagrun for tutorial to 2023-08-08T10:06:55.613237+00:00, run_after=2023-08-09T10:06:55.613237+00:00
[2023-08-09T10:06:55.723+0000] {processor.py:179} INFO - Processing /home/airflow/.local/lib/python3.7/site-packages/airflow/example_dags/tutorial.py took 0.217 seconds
[2023-08-09T10:07:25.805+0000] {processor.py:157} INFO - Started process (PID=323) to work on /home/airflow/.local/lib/python3.7/site-packages/airflow/example_dags/tutorial.py
[2023-08-09T10:07:25.808+0000] {processor.py:826} INFO - Processing file /home/airflow/.local/lib/python3.7/site-packages/airflow/example_dags/tutorial.py for tasks to queue
[2023-08-09T10:07:25.809+0000] {logging_mixin.py:150} INFO - [2023-08-09T10:07:25.809+0000] {dagbag.py:541} INFO - Filling up the DagBag from /home/airflow/.local/lib/python3.7/site-packages/airflow/example_dags/tutorial.py
[2023-08-09T10:07:25.814+0000] {processor.py:836} INFO - DAG(s) dict_keys(['tutorial']) retrieved from /home/airflow/.local/lib/python3.7/site-packages/airflow/example_dags/tutorial.py
[2023-08-09T10:07:25.836+0000] {logging_mixin.py:150} INFO - [2023-08-09T10:07:25.836+0000] {dag.py:2742} INFO - Sync 1 DAGs
[2023-08-09T10:07:25.865+0000] {logging_mixin.py:150} INFO - [2023-08-09T10:07:25.865+0000] {dag.py:3508} INFO - Setting next_dagrun for tutorial to 2023-08-08T10:07:25.864855+00:00, run_after=2023-08-09T10:07:25.864855+00:00
[2023-08-09T10:07:25.900+0000] {processor.py:179} INFO - Processing /home/airflow/.local/lib/python3.7/site-packages/airflow/example_dags/tutorial.py took 0.098 seconds
