[2023-08-09T10:05:09.326+0000] {processor.py:157} INFO - Started process (PID=62) to work on /home/airflow/.local/lib/python3.7/site-packages/airflow/example_dags/tutorial_taskflow_api_virtualenv.py
[2023-08-09T10:05:09.329+0000] {processor.py:826} INFO - Processing file /home/airflow/.local/lib/python3.7/site-packages/airflow/example_dags/tutorial_taskflow_api_virtualenv.py for tasks to queue
[2023-08-09T10:05:09.332+0000] {logging_mixin.py:150} INFO - [2023-08-09T10:05:09.331+0000] {dagbag.py:541} INFO - Filling up the DagBag from /home/airflow/.local/lib/python3.7/site-packages/airflow/example_dags/tutorial_taskflow_api_virtualenv.py
[2023-08-09T10:05:09.424+0000] {processor.py:836} INFO - DAG(s) dict_keys(['tutorial_taskflow_api_virtualenv']) retrieved from /home/airflow/.local/lib/python3.7/site-packages/airflow/example_dags/tutorial_taskflow_api_virtualenv.py
[2023-08-09T10:05:09.868+0000] {logging_mixin.py:150} INFO - [2023-08-09T10:05:09.867+0000] {manager.py:504} INFO - Created Permission View: can read on DAG:tutorial_taskflow_api_virtualenv
[2023-08-09T10:05:10.024+0000] {logging_mixin.py:150} INFO - [2023-08-09T10:05:10.024+0000] {manager.py:504} INFO - Created Permission View: can edit on DAG:tutorial_taskflow_api_virtualenv
[2023-08-09T10:05:10.213+0000] {logging_mixin.py:150} INFO - [2023-08-09T10:05:10.212+0000] {manager.py:504} INFO - Created Permission View: can delete on DAG:tutorial_taskflow_api_virtualenv
[2023-08-09T10:05:10.284+0000] {logging_mixin.py:150} INFO - [2023-08-09T10:05:10.284+0000] {dag.py:2742} INFO - Sync 1 DAGs
[2023-08-09T10:05:10.299+0000] {logging_mixin.py:150} INFO - [2023-08-09T10:05:10.299+0000] {dag.py:2763} INFO - Creating ORM DAG for tutorial_taskflow_api_virtualenv
[2023-08-09T10:05:10.311+0000] {logging_mixin.py:150} INFO - [2023-08-09T10:05:10.311+0000] {dag.py:3508} INFO - Setting next_dagrun for tutorial_taskflow_api_virtualenv to None, run_after=None
[2023-08-09T10:05:10.450+0000] {processor.py:179} INFO - Processing /home/airflow/.local/lib/python3.7/site-packages/airflow/example_dags/tutorial_taskflow_api_virtualenv.py took 1.134 seconds
[2023-08-09T10:05:42.202+0000] {processor.py:157} INFO - Started process (PID=123) to work on /home/airflow/.local/lib/python3.7/site-packages/airflow/example_dags/tutorial_taskflow_api_virtualenv.py
[2023-08-09T10:05:42.338+0000] {processor.py:826} INFO - Processing file /home/airflow/.local/lib/python3.7/site-packages/airflow/example_dags/tutorial_taskflow_api_virtualenv.py for tasks to queue
[2023-08-09T10:05:42.341+0000] {logging_mixin.py:150} INFO - [2023-08-09T10:05:42.340+0000] {dagbag.py:541} INFO - Filling up the DagBag from /home/airflow/.local/lib/python3.7/site-packages/airflow/example_dags/tutorial_taskflow_api_virtualenv.py
[2023-08-09T10:05:42.506+0000] {processor.py:836} INFO - DAG(s) dict_keys(['tutorial_taskflow_api_virtualenv']) retrieved from /home/airflow/.local/lib/python3.7/site-packages/airflow/example_dags/tutorial_taskflow_api_virtualenv.py
[2023-08-09T10:05:42.558+0000] {logging_mixin.py:150} INFO - [2023-08-09T10:05:42.558+0000] {dag.py:2742} INFO - Sync 1 DAGs
[2023-08-09T10:05:42.590+0000] {logging_mixin.py:150} INFO - [2023-08-09T10:05:42.590+0000] {dag.py:3508} INFO - Setting next_dagrun for tutorial_taskflow_api_virtualenv to None, run_after=None
[2023-08-09T10:05:42.676+0000] {processor.py:179} INFO - Processing /home/airflow/.local/lib/python3.7/site-packages/airflow/example_dags/tutorial_taskflow_api_virtualenv.py took 0.477 seconds
[2023-08-09T10:06:18.474+0000] {processor.py:157} INFO - Started process (PID=175) to work on /home/airflow/.local/lib/python3.7/site-packages/airflow/example_dags/tutorial_taskflow_api_virtualenv.py
[2023-08-09T10:06:18.512+0000] {processor.py:826} INFO - Processing file /home/airflow/.local/lib/python3.7/site-packages/airflow/example_dags/tutorial_taskflow_api_virtualenv.py for tasks to queue
[2023-08-09T10:06:18.514+0000] {logging_mixin.py:150} INFO - [2023-08-09T10:06:18.513+0000] {dagbag.py:541} INFO - Filling up the DagBag from /home/airflow/.local/lib/python3.7/site-packages/airflow/example_dags/tutorial_taskflow_api_virtualenv.py
[2023-08-09T10:06:18.533+0000] {processor.py:836} INFO - DAG(s) dict_keys(['tutorial_taskflow_api_virtualenv']) retrieved from /home/airflow/.local/lib/python3.7/site-packages/airflow/example_dags/tutorial_taskflow_api_virtualenv.py
[2023-08-09T10:06:18.575+0000] {logging_mixin.py:150} INFO - [2023-08-09T10:06:18.575+0000] {dag.py:2742} INFO - Sync 1 DAGs
[2023-08-09T10:06:18.603+0000] {logging_mixin.py:150} INFO - [2023-08-09T10:06:18.603+0000] {dag.py:3508} INFO - Setting next_dagrun for tutorial_taskflow_api_virtualenv to None, run_after=None
[2023-08-09T10:06:18.769+0000] {processor.py:179} INFO - Processing /home/airflow/.local/lib/python3.7/site-packages/airflow/example_dags/tutorial_taskflow_api_virtualenv.py took 0.298 seconds
[2023-08-09T10:06:50.611+0000] {processor.py:157} INFO - Started process (PID=236) to work on /home/airflow/.local/lib/python3.7/site-packages/airflow/example_dags/tutorial_taskflow_api_virtualenv.py
[2023-08-09T10:06:50.623+0000] {processor.py:826} INFO - Processing file /home/airflow/.local/lib/python3.7/site-packages/airflow/example_dags/tutorial_taskflow_api_virtualenv.py for tasks to queue
[2023-08-09T10:06:50.623+0000] {logging_mixin.py:150} INFO - [2023-08-09T10:06:50.623+0000] {dagbag.py:541} INFO - Filling up the DagBag from /home/airflow/.local/lib/python3.7/site-packages/airflow/example_dags/tutorial_taskflow_api_virtualenv.py
[2023-08-09T10:06:50.632+0000] {processor.py:836} INFO - DAG(s) dict_keys(['tutorial_taskflow_api_virtualenv']) retrieved from /home/airflow/.local/lib/python3.7/site-packages/airflow/example_dags/tutorial_taskflow_api_virtualenv.py
[2023-08-09T10:06:50.657+0000] {logging_mixin.py:150} INFO - [2023-08-09T10:06:50.656+0000] {dag.py:2742} INFO - Sync 1 DAGs
[2023-08-09T10:06:50.684+0000] {logging_mixin.py:150} INFO - [2023-08-09T10:06:50.684+0000] {dag.py:3508} INFO - Setting next_dagrun for tutorial_taskflow_api_virtualenv to None, run_after=None
[2023-08-09T10:06:50.789+0000] {processor.py:179} INFO - Processing /home/airflow/.local/lib/python3.7/site-packages/airflow/example_dags/tutorial_taskflow_api_virtualenv.py took 0.181 seconds
[2023-08-09T10:07:22.294+0000] {processor.py:157} INFO - Started process (PID=297) to work on /home/airflow/.local/lib/python3.7/site-packages/airflow/example_dags/tutorial_taskflow_api_virtualenv.py
[2023-08-09T10:07:22.311+0000] {processor.py:826} INFO - Processing file /home/airflow/.local/lib/python3.7/site-packages/airflow/example_dags/tutorial_taskflow_api_virtualenv.py for tasks to queue
[2023-08-09T10:07:22.312+0000] {logging_mixin.py:150} INFO - [2023-08-09T10:07:22.311+0000] {dagbag.py:541} INFO - Filling up the DagBag from /home/airflow/.local/lib/python3.7/site-packages/airflow/example_dags/tutorial_taskflow_api_virtualenv.py
[2023-08-09T10:07:22.318+0000] {processor.py:836} INFO - DAG(s) dict_keys(['tutorial_taskflow_api_virtualenv']) retrieved from /home/airflow/.local/lib/python3.7/site-packages/airflow/example_dags/tutorial_taskflow_api_virtualenv.py
[2023-08-09T10:07:22.342+0000] {logging_mixin.py:150} INFO - [2023-08-09T10:07:22.342+0000] {dag.py:2742} INFO - Sync 1 DAGs
[2023-08-09T10:07:22.373+0000] {logging_mixin.py:150} INFO - [2023-08-09T10:07:22.373+0000] {dag.py:3508} INFO - Setting next_dagrun for tutorial_taskflow_api_virtualenv to None, run_after=None
[2023-08-09T10:07:22.407+0000] {processor.py:179} INFO - Processing /home/airflow/.local/lib/python3.7/site-packages/airflow/example_dags/tutorial_taskflow_api_virtualenv.py took 0.116 seconds
