[2023-08-09T10:04:54.149+0000] {processor.py:157} INFO - Started process (PID=58) to work on /home/airflow/.local/lib/python3.7/site-packages/airflow/example_dags/tutorial_dag.py
[2023-08-09T10:04:54.150+0000] {processor.py:826} INFO - Processing file /home/airflow/.local/lib/python3.7/site-packages/airflow/example_dags/tutorial_dag.py for tasks to queue
[2023-08-09T10:04:54.151+0000] {logging_mixin.py:150} INFO - [2023-08-09T10:04:54.150+0000] {dagbag.py:541} INFO - Filling up the DagBag from /home/airflow/.local/lib/python3.7/site-packages/airflow/example_dags/tutorial_dag.py
[2023-08-09T10:04:54.156+0000] {processor.py:836} INFO - DAG(s) dict_keys(['tutorial_dag']) retrieved from /home/airflow/.local/lib/python3.7/site-packages/airflow/example_dags/tutorial_dag.py
[2023-08-09T10:04:54.505+0000] {logging_mixin.py:150} INFO - [2023-08-09T10:04:54.504+0000] {manager.py:504} INFO - Created Permission View: can read on DAG:tutorial_dag
[2023-08-09T10:04:54.616+0000] {logging_mixin.py:150} INFO - [2023-08-09T10:04:54.615+0000] {manager.py:504} INFO - Created Permission View: can edit on DAG:tutorial_dag
[2023-08-09T10:04:54.715+0000] {logging_mixin.py:150} INFO - [2023-08-09T10:04:54.714+0000] {manager.py:504} INFO - Created Permission View: can delete on DAG:tutorial_dag
[2023-08-09T10:04:54.743+0000] {logging_mixin.py:150} INFO - [2023-08-09T10:04:54.743+0000] {dag.py:2742} INFO - Sync 1 DAGs
[2023-08-09T10:04:54.767+0000] {logging_mixin.py:150} INFO - [2023-08-09T10:04:54.766+0000] {dag.py:2763} INFO - Creating ORM DAG for tutorial_dag
[2023-08-09T10:04:54.786+0000] {logging_mixin.py:150} INFO - [2023-08-09T10:04:54.785+0000] {dag.py:3508} INFO - Setting next_dagrun for tutorial_dag to None, run_after=None
[2023-08-09T10:04:54.987+0000] {processor.py:179} INFO - Processing /home/airflow/.local/lib/python3.7/site-packages/airflow/example_dags/tutorial_dag.py took 0.841 seconds
[2023-08-09T10:05:27.815+0000] {processor.py:157} INFO - Started process (PID=112) to work on /home/airflow/.local/lib/python3.7/site-packages/airflow/example_dags/tutorial_dag.py
[2023-08-09T10:05:27.908+0000] {processor.py:826} INFO - Processing file /home/airflow/.local/lib/python3.7/site-packages/airflow/example_dags/tutorial_dag.py for tasks to queue
[2023-08-09T10:05:27.911+0000] {logging_mixin.py:150} INFO - [2023-08-09T10:05:27.910+0000] {dagbag.py:541} INFO - Filling up the DagBag from /home/airflow/.local/lib/python3.7/site-packages/airflow/example_dags/tutorial_dag.py
[2023-08-09T10:05:27.927+0000] {processor.py:836} INFO - DAG(s) dict_keys(['tutorial_dag']) retrieved from /home/airflow/.local/lib/python3.7/site-packages/airflow/example_dags/tutorial_dag.py
[2023-08-09T10:05:27.956+0000] {logging_mixin.py:150} INFO - [2023-08-09T10:05:27.956+0000] {dag.py:2742} INFO - Sync 1 DAGs
[2023-08-09T10:05:27.982+0000] {logging_mixin.py:150} INFO - [2023-08-09T10:05:27.982+0000] {dag.py:3508} INFO - Setting next_dagrun for tutorial_dag to None, run_after=None
[2023-08-09T10:05:28.508+0000] {processor.py:179} INFO - Processing /home/airflow/.local/lib/python3.7/site-packages/airflow/example_dags/tutorial_dag.py took 0.695 seconds
[2023-08-09T10:05:59.172+0000] {processor.py:157} INFO - Started process (PID=165) to work on /home/airflow/.local/lib/python3.7/site-packages/airflow/example_dags/tutorial_dag.py
[2023-08-09T10:05:59.182+0000] {processor.py:826} INFO - Processing file /home/airflow/.local/lib/python3.7/site-packages/airflow/example_dags/tutorial_dag.py for tasks to queue
[2023-08-09T10:05:59.184+0000] {logging_mixin.py:150} INFO - [2023-08-09T10:05:59.183+0000] {dagbag.py:541} INFO - Filling up the DagBag from /home/airflow/.local/lib/python3.7/site-packages/airflow/example_dags/tutorial_dag.py
[2023-08-09T10:05:59.207+0000] {processor.py:836} INFO - DAG(s) dict_keys(['tutorial_dag']) retrieved from /home/airflow/.local/lib/python3.7/site-packages/airflow/example_dags/tutorial_dag.py
[2023-08-09T10:05:59.241+0000] {logging_mixin.py:150} INFO - [2023-08-09T10:05:59.241+0000] {dag.py:2742} INFO - Sync 1 DAGs
[2023-08-09T10:05:59.267+0000] {logging_mixin.py:150} INFO - [2023-08-09T10:05:59.267+0000] {dag.py:3508} INFO - Setting next_dagrun for tutorial_dag to None, run_after=None
[2023-08-09T10:05:59.300+0000] {processor.py:179} INFO - Processing /home/airflow/.local/lib/python3.7/site-packages/airflow/example_dags/tutorial_dag.py took 0.130 seconds
[2023-08-09T10:06:29.592+0000] {processor.py:157} INFO - Started process (PID=226) to work on /home/airflow/.local/lib/python3.7/site-packages/airflow/example_dags/tutorial_dag.py
[2023-08-09T10:06:29.601+0000] {processor.py:826} INFO - Processing file /home/airflow/.local/lib/python3.7/site-packages/airflow/example_dags/tutorial_dag.py for tasks to queue
[2023-08-09T10:06:29.602+0000] {logging_mixin.py:150} INFO - [2023-08-09T10:06:29.601+0000] {dagbag.py:541} INFO - Filling up the DagBag from /home/airflow/.local/lib/python3.7/site-packages/airflow/example_dags/tutorial_dag.py
[2023-08-09T10:06:29.606+0000] {processor.py:836} INFO - DAG(s) dict_keys(['tutorial_dag']) retrieved from /home/airflow/.local/lib/python3.7/site-packages/airflow/example_dags/tutorial_dag.py
[2023-08-09T10:06:29.629+0000] {logging_mixin.py:150} INFO - [2023-08-09T10:06:29.629+0000] {dag.py:2742} INFO - Sync 1 DAGs
[2023-08-09T10:06:29.656+0000] {logging_mixin.py:150} INFO - [2023-08-09T10:06:29.655+0000] {dag.py:3508} INFO - Setting next_dagrun for tutorial_dag to None, run_after=None
[2023-08-09T10:06:29.685+0000] {processor.py:179} INFO - Processing /home/airflow/.local/lib/python3.7/site-packages/airflow/example_dags/tutorial_dag.py took 0.096 seconds
[2023-08-09T10:07:00.342+0000] {processor.py:157} INFO - Started process (PID=287) to work on /home/airflow/.local/lib/python3.7/site-packages/airflow/example_dags/tutorial_dag.py
[2023-08-09T10:07:00.498+0000] {processor.py:826} INFO - Processing file /home/airflow/.local/lib/python3.7/site-packages/airflow/example_dags/tutorial_dag.py for tasks to queue
[2023-08-09T10:07:00.500+0000] {logging_mixin.py:150} INFO - [2023-08-09T10:07:00.499+0000] {dagbag.py:541} INFO - Filling up the DagBag from /home/airflow/.local/lib/python3.7/site-packages/airflow/example_dags/tutorial_dag.py
[2023-08-09T10:07:00.513+0000] {processor.py:836} INFO - DAG(s) dict_keys(['tutorial_dag']) retrieved from /home/airflow/.local/lib/python3.7/site-packages/airflow/example_dags/tutorial_dag.py
[2023-08-09T10:07:00.560+0000] {logging_mixin.py:150} INFO - [2023-08-09T10:07:00.560+0000] {dag.py:2742} INFO - Sync 1 DAGs
[2023-08-09T10:07:00.588+0000] {logging_mixin.py:150} INFO - [2023-08-09T10:07:00.588+0000] {dag.py:3508} INFO - Setting next_dagrun for tutorial_dag to None, run_after=None
[2023-08-09T10:07:00.618+0000] {processor.py:179} INFO - Processing /home/airflow/.local/lib/python3.7/site-packages/airflow/example_dags/tutorial_dag.py took 0.286 seconds
[2023-08-09T10:07:31.124+0000] {processor.py:157} INFO - Started process (PID=348) to work on /home/airflow/.local/lib/python3.7/site-packages/airflow/example_dags/tutorial_dag.py
[2023-08-09T10:07:31.178+0000] {processor.py:826} INFO - Processing file /home/airflow/.local/lib/python3.7/site-packages/airflow/example_dags/tutorial_dag.py for tasks to queue
[2023-08-09T10:07:31.181+0000] {logging_mixin.py:150} INFO - [2023-08-09T10:07:31.180+0000] {dagbag.py:541} INFO - Filling up the DagBag from /home/airflow/.local/lib/python3.7/site-packages/airflow/example_dags/tutorial_dag.py
[2023-08-09T10:07:31.195+0000] {processor.py:836} INFO - DAG(s) dict_keys(['tutorial_dag']) retrieved from /home/airflow/.local/lib/python3.7/site-packages/airflow/example_dags/tutorial_dag.py
[2023-08-09T10:07:31.240+0000] {logging_mixin.py:150} INFO - [2023-08-09T10:07:31.240+0000] {dag.py:2742} INFO - Sync 1 DAGs
[2023-08-09T10:07:31.267+0000] {logging_mixin.py:150} INFO - [2023-08-09T10:07:31.267+0000] {dag.py:3508} INFO - Setting next_dagrun for tutorial_dag to None, run_after=None
[2023-08-09T10:07:31.291+0000] {processor.py:179} INFO - Processing /home/airflow/.local/lib/python3.7/site-packages/airflow/example_dags/tutorial_dag.py took 0.176 seconds
